2022-07-26 08:56:20.174  WARN [authorizationService,,] 19880 --- [HikariPool-1 housekeeper] com.zaxxer.hikari.pool.HikariPool        : HikariPool-1 - Thread starvation or clock leap detected (housekeeper delta=9h30m11s207ms527µs).
2022-07-26 08:57:54.341  INFO [authorizationService,,] 22384 --- [restartedMain] c.c.AuthorizationMicroserviceApplication : Starting AuthorizationMicroserviceApplication using Java 17.0.2 on DESKTOP-IEDHDED with PID 22384 (C:\PROJECT_FSE\authorization-microservice\target\classes started by USER in C:\PROJECT_FSE\authorization-microservice)
2022-07-26 08:57:54.391  INFO [authorizationService,,] 22384 --- [restartedMain] c.c.AuthorizationMicroserviceApplication : No active profile set, falling back to 1 default profile: "default"
2022-07-26 08:57:54.842  INFO [authorizationService,,] 22384 --- [restartedMain] .e.DevToolsPropertyDefaultsPostProcessor : Devtools property defaults active! Set 'spring.devtools.add-properties' to 'false' to disable
2022-07-26 08:57:54.843  INFO [authorizationService,,] 22384 --- [restartedMain] .e.DevToolsPropertyDefaultsPostProcessor : For additional web related logging consider setting the 'logging.level.web' property to 'DEBUG'
2022-07-26 08:58:06.678  INFO [authorizationService,,] 22384 --- [restartedMain] .s.d.r.c.RepositoryConfigurationDelegate : Bootstrapping Spring Data JPA repositories in DEFAULT mode.
2022-07-26 08:58:08.073  INFO [authorizationService,,] 22384 --- [restartedMain] .s.d.r.c.RepositoryConfigurationDelegate : Finished Spring Data repository scanning in 1219 ms. Found 1 JPA repository interfaces.
2022-07-26 08:58:11.753  INFO [authorizationService,,] 22384 --- [restartedMain] o.s.cloud.context.scope.GenericScope     : BeanFactory id=929c67bc-542a-3d17-bea4-64421b6b9cc6
2022-07-26 08:58:20.738  INFO [authorizationService,,] 22384 --- [restartedMain] o.s.b.w.embedded.tomcat.TomcatWebServer  : Tomcat initialized with port(s): 9090 (http)
2022-07-26 08:58:20.792  INFO [authorizationService,,] 22384 --- [restartedMain] o.apache.catalina.core.StandardService   : Starting service [Tomcat]
2022-07-26 08:58:20.794  INFO [authorizationService,,] 22384 --- [restartedMain] org.apache.catalina.core.StandardEngine  : Starting Servlet engine: [Apache Tomcat/9.0.63]
2022-07-26 08:58:21.769  INFO [authorizationService,,] 22384 --- [restartedMain] o.a.c.c.C.[Tomcat].[localhost].[/]       : Initializing Spring embedded WebApplicationContext
2022-07-26 08:58:21.775  INFO [authorizationService,,] 22384 --- [restartedMain] w.s.c.ServletWebServerApplicationContext : Root WebApplicationContext: initialization completed in 26926 ms
2022-07-26 08:58:22.300  INFO [authorizationService,,] 22384 --- [restartedMain] com.zaxxer.hikari.HikariDataSource       : HikariPool-1 - Starting...
2022-07-26 08:58:23.575  INFO [authorizationService,,] 22384 --- [restartedMain] com.zaxxer.hikari.HikariDataSource       : HikariPool-1 - Start completed.
2022-07-26 08:58:23.633  INFO [authorizationService,,] 22384 --- [restartedMain] o.s.b.a.h2.H2ConsoleAutoConfiguration    : H2 console available at '/h2-console'. Database available at 'jdbc:h2:mem:testDB'
2022-07-26 08:58:26.355  INFO [authorizationService,,] 22384 --- [restartedMain] o.hibernate.jpa.internal.util.LogHelper  : HHH000204: Processing PersistenceUnitInfo [name: default]
2022-07-26 08:58:26.918  INFO [authorizationService,,] 22384 --- [restartedMain] org.hibernate.Version                    : HHH000412: Hibernate ORM core version 5.6.9.Final
2022-07-26 08:58:28.641  INFO [authorizationService,,] 22384 --- [restartedMain] o.hibernate.annotations.common.Version   : HCANN000001: Hibernate Commons Annotations {5.1.2.Final}
2022-07-26 08:58:29.915  INFO [authorizationService,,] 22384 --- [restartedMain] org.hibernate.dialect.Dialect            : HHH000400: Using dialect: org.hibernate.dialect.H2Dialect
2022-07-26 08:58:34.676  INFO [authorizationService,,] 22384 --- [restartedMain] o.h.e.t.j.p.i.JtaPlatformInitiator       : HHH000490: Using JtaPlatform implementation: [org.hibernate.engine.transaction.jta.platform.internal.NoJtaPlatform]
2022-07-26 08:58:34.803  INFO [authorizationService,,] 22384 --- [restartedMain] j.LocalContainerEntityManagerFactoryBean : Initialized JPA EntityManagerFactory for persistence unit 'default'
2022-07-26 08:58:45.570  WARN [authorizationService,,] 22384 --- [restartedMain] JpaBaseConfiguration$JpaWebConfiguration : spring.jpa.open-in-view is enabled by default. Therefore, database queries may be performed during view rendering. Explicitly configure spring.jpa.open-in-view to disable this warning
2022-07-26 08:58:49.504  INFO [authorizationService,,] 22384 --- [restartedMain] o.s.s.web.DefaultSecurityFilterChain     : Will secure any request with [org.springframework.security.web.session.DisableEncodeUrlFilter@50d59145, org.springframework.security.web.context.request.async.WebAsyncManagerIntegrationFilter@2cc47b53, org.springframework.security.web.context.SecurityContextPersistenceFilter@291476df, org.springframework.security.web.header.HeaderWriterFilter@6b815b73, org.springframework.security.web.authentication.logout.LogoutFilter@288ac1b9, com.cognizant.filter.JwtFilter@6367a07, org.springframework.security.web.savedrequest.RequestCacheAwareFilter@55d028be, org.springframework.security.web.servletapi.SecurityContextHolderAwareRequestFilter@67390fed, org.springframework.security.web.authentication.AnonymousAuthenticationFilter@6e6bc1a3, org.springframework.security.web.session.SessionManagementFilter@2d728481, org.springframework.security.web.access.ExceptionTranslationFilter@7625e5d5, org.springframework.security.web.access.intercept.FilterSecurityInterceptor@7be24d5d]
2022-07-26 08:58:50.505  WARN [authorizationService,,] 22384 --- [restartedMain] o.s.b.d.a.OptionalLiveReloadServer       : Unable to start LiveReload server
2022-07-26 08:58:51.874  INFO [authorizationService,,] 22384 --- [restartedMain] o.s.b.w.embedded.tomcat.TomcatWebServer  : Tomcat started on port(s): 9090 (http) with context path ''
2022-07-26 08:58:52.233  INFO [authorizationService,,] 22384 --- [restartedMain] d.s.w.p.DocumentationPluginsBootstrapper : Context refreshed
2022-07-26 08:58:52.269  INFO [authorizationService,,] 22384 --- [restartedMain] d.s.w.p.DocumentationPluginsBootstrapper : Found 1 custom documentation plugin(s)
2022-07-26 08:58:52.288  INFO [authorizationService,,] 22384 --- [restartedMain] s.d.s.w.s.ApiListingReferenceScanner     : Scanning for api listing references
2022-07-26 08:58:52.541  INFO [authorizationService,,] 22384 --- [restartedMain] c.c.AuthorizationMicroserviceApplication : Started AuthorizationMicroserviceApplication in 67.276 seconds (JVM running for 98.904)
2022-07-26 08:59:55.886  INFO [authorizationService,4298c515397e4d1f,76f9928c6760667a] 22384 --- [http-nio-9090-exec-1] o.a.c.c.C.[Tomcat].[localhost].[/]       : Initializing Spring DispatcherServlet 'dispatcherServlet'
2022-07-26 08:59:55.887  INFO [authorizationService,4298c515397e4d1f,76f9928c6760667a] 22384 --- [http-nio-9090-exec-1] o.s.web.servlet.DispatcherServlet        : Initializing Servlet 'dispatcherServlet'
2022-07-26 08:59:55.893  INFO [authorizationService,4298c515397e4d1f,76f9928c6760667a] 22384 --- [http-nio-9090-exec-1] o.s.web.servlet.DispatcherServlet        : Completed initialization in 5 ms
2022-07-26 08:59:56.149  INFO [authorizationService,4298c515397e4d1f,76f9928c6760667a] 22384 --- [http-nio-9090-exec-1] c.c.controller.AuthorizationController   : generateToken has started
2022-07-26 08:59:56.151  INFO [authorizationService,4298c515397e4d1f,76f9928c6760667a] 22384 --- [http-nio-9090-exec-1] c.c.service.CustomUserDetailService      : loadUserByUsername has started
2022-07-26 08:59:56.455  INFO [authorizationService,4298c515397e4d1f,76f9928c6760667a] 22384 --- [http-nio-9090-exec-1] c.c.service.CustomUserDetailService      : loadUserByUsername has ended
2022-07-26 08:59:56.459  INFO [authorizationService,4298c515397e4d1f,76f9928c6760667a] 22384 --- [http-nio-9090-exec-1] c.c.controller.AuthorizationController   : generateToken has ended
2022-07-26 09:00:04.525  INFO [authorizationService,71e055f46cb0fda2,e34be8d792c6533c] 22384 --- [http-nio-9090-exec-2] c.c.service.CustomUserDetailService      : loadUserByUsername has started
2022-07-26 09:00:04.584  INFO [authorizationService,71e055f46cb0fda2,e34be8d792c6533c] 22384 --- [http-nio-9090-exec-2] c.c.service.CustomUserDetailService      : loadUserByUsername has ended
2022-07-26 09:00:04.603  INFO [authorizationService,71e055f46cb0fda2,e34be8d792c6533c] 22384 --- [http-nio-9090-exec-2] c.c.controller.AuthorizationController   : authorization has started
2022-07-26 09:00:04.606  INFO [authorizationService,71e055f46cb0fda2,e34be8d792c6533c] 22384 --- [http-nio-9090-exec-2] c.c.service.CustomUserDetailService      : loadUserByUsername has started
2022-07-26 09:00:04.608  INFO [authorizationService,71e055f46cb0fda2,e34be8d792c6533c] 22384 --- [http-nio-9090-exec-2] c.c.service.CustomUserDetailService      : loadUserByUsername has ended
2022-07-26 09:00:04.614  INFO [authorizationService,71e055f46cb0fda2,e34be8d792c6533c] 22384 --- [http-nio-9090-exec-2] c.c.controller.AuthorizationController   : authorization has ended
2022-07-26 09:00:04.753  INFO [authorizationService,71e055f46cb0fda2,82475b7ee396a6ef] 22384 --- [http-nio-9090-exec-3] c.c.service.CustomUserDetailService      : loadUserByUsername has started
2022-07-26 09:00:04.755  INFO [authorizationService,71e055f46cb0fda2,82475b7ee396a6ef] 22384 --- [http-nio-9090-exec-3] c.c.service.CustomUserDetailService      : loadUserByUsername has ended
2022-07-26 09:00:04.761  INFO [authorizationService,71e055f46cb0fda2,82475b7ee396a6ef] 22384 --- [http-nio-9090-exec-3] c.c.controller.AuthorizationController   : authorization has started
2022-07-26 09:00:04.762  INFO [authorizationService,71e055f46cb0fda2,82475b7ee396a6ef] 22384 --- [http-nio-9090-exec-3] c.c.service.CustomUserDetailService      : loadUserByUsername has started
2022-07-26 09:00:04.764  INFO [authorizationService,71e055f46cb0fda2,82475b7ee396a6ef] 22384 --- [http-nio-9090-exec-3] c.c.service.CustomUserDetailService      : loadUserByUsername has ended
2022-07-26 09:00:04.767  INFO [authorizationService,71e055f46cb0fda2,82475b7ee396a6ef] 22384 --- [http-nio-9090-exec-3] c.c.controller.AuthorizationController   : authorization has ended
2022-07-26 09:00:09.122  INFO [authorizationService,728fe54857ed3b04,14ded861e093159a] 22384 --- [http-nio-9090-exec-4] c.c.service.CustomUserDetailService      : loadUserByUsername has started
2022-07-26 09:00:09.125  INFO [authorizationService,728fe54857ed3b04,14ded861e093159a] 22384 --- [http-nio-9090-exec-4] c.c.service.CustomUserDetailService      : loadUserByUsername has ended
2022-07-26 09:00:09.132  INFO [authorizationService,728fe54857ed3b04,14ded861e093159a] 22384 --- [http-nio-9090-exec-4] c.c.controller.AuthorizationController   : authorization has started
2022-07-26 09:00:09.135  INFO [authorizationService,728fe54857ed3b04,14ded861e093159a] 22384 --- [http-nio-9090-exec-4] c.c.service.CustomUserDetailService      : loadUserByUsername has started
2022-07-26 09:00:09.137  INFO [authorizationService,728fe54857ed3b04,14ded861e093159a] 22384 --- [http-nio-9090-exec-4] c.c.service.CustomUserDetailService      : loadUserByUsername has ended
2022-07-26 09:00:09.140  INFO [authorizationService,728fe54857ed3b04,14ded861e093159a] 22384 --- [http-nio-9090-exec-4] c.c.controller.AuthorizationController   : authorization has ended
2022-07-26 09:00:09.165  INFO [authorizationService,728fe54857ed3b04,d9bf48c9b604454a] 22384 --- [http-nio-9090-exec-5] c.c.service.CustomUserDetailService      : loadUserByUsername has started
2022-07-26 09:00:09.171  INFO [authorizationService,728fe54857ed3b04,d9bf48c9b604454a] 22384 --- [http-nio-9090-exec-5] c.c.service.CustomUserDetailService      : loadUserByUsername has ended
2022-07-26 09:00:09.175  INFO [authorizationService,728fe54857ed3b04,d9bf48c9b604454a] 22384 --- [http-nio-9090-exec-5] c.c.controller.AuthorizationController   : authorization has started
2022-07-26 09:00:09.177  INFO [authorizationService,728fe54857ed3b04,d9bf48c9b604454a] 22384 --- [http-nio-9090-exec-5] c.c.service.CustomUserDetailService      : loadUserByUsername has started
2022-07-26 09:00:09.180  INFO [authorizationService,728fe54857ed3b04,d9bf48c9b604454a] 22384 --- [http-nio-9090-exec-5] c.c.service.CustomUserDetailService      : loadUserByUsername has ended
2022-07-26 09:00:09.184  INFO [authorizationService,728fe54857ed3b04,d9bf48c9b604454a] 22384 --- [http-nio-9090-exec-5] c.c.controller.AuthorizationController   : authorization has ended
2022-07-26 09:00:21.789  INFO [authorizationService,7c536286937e2a03,5e63a6ad64fa0077] 22384 --- [http-nio-9090-exec-6] c.c.service.CustomUserDetailService      : loadUserByUsername has started
2022-07-26 09:00:21.792  INFO [authorizationService,7c536286937e2a03,5e63a6ad64fa0077] 22384 --- [http-nio-9090-exec-6] c.c.service.CustomUserDetailService      : loadUserByUsername has ended
2022-07-26 09:00:21.796  INFO [authorizationService,7c536286937e2a03,5e63a6ad64fa0077] 22384 --- [http-nio-9090-exec-6] c.c.controller.AuthorizationController   : authorization has started
2022-07-26 09:00:21.799  INFO [authorizationService,7c536286937e2a03,5e63a6ad64fa0077] 22384 --- [http-nio-9090-exec-6] c.c.service.CustomUserDetailService      : loadUserByUsername has started
2022-07-26 09:00:21.801  INFO [authorizationService,7c536286937e2a03,5e63a6ad64fa0077] 22384 --- [http-nio-9090-exec-6] c.c.service.CustomUserDetailService      : loadUserByUsername has ended
2022-07-26 09:00:21.804  INFO [authorizationService,7c536286937e2a03,5e63a6ad64fa0077] 22384 --- [http-nio-9090-exec-6] c.c.controller.AuthorizationController   : authorization has ended
2022-07-26 09:00:30.943  INFO [authorizationService,49140783c1f083f9,f861348ffa68ace5] 22384 --- [http-nio-9090-exec-7] c.c.service.CustomUserDetailService      : loadUserByUsername has started
2022-07-26 09:00:30.944  INFO [authorizationService,49140783c1f083f9,f861348ffa68ace5] 22384 --- [http-nio-9090-exec-7] c.c.service.CustomUserDetailService      : loadUserByUsername has ended
2022-07-26 09:00:30.949  INFO [authorizationService,49140783c1f083f9,f861348ffa68ace5] 22384 --- [http-nio-9090-exec-7] c.c.controller.AuthorizationController   : authorization has started
2022-07-26 09:00:30.949  INFO [authorizationService,49140783c1f083f9,f861348ffa68ace5] 22384 --- [http-nio-9090-exec-7] c.c.service.CustomUserDetailService      : loadUserByUsername has started
2022-07-26 09:00:30.952  INFO [authorizationService,49140783c1f083f9,f861348ffa68ace5] 22384 --- [http-nio-9090-exec-7] c.c.service.CustomUserDetailService      : loadUserByUsername has ended
2022-07-26 09:00:30.955  INFO [authorizationService,49140783c1f083f9,f861348ffa68ace5] 22384 --- [http-nio-9090-exec-7] c.c.controller.AuthorizationController   : authorization has ended
2022-07-26 09:00:33.925  INFO [authorizationService,7c536286937e2a03,313ecc40ea64b168] 22384 --- [http-nio-9090-exec-8] c.c.service.CustomUserDetailService      : loadUserByUsername has started
2022-07-26 09:00:33.925  INFO [authorizationService,49140783c1f083f9,f593088f18ea1d0d] 22384 --- [http-nio-9090-exec-9] c.c.service.CustomUserDetailService      : loadUserByUsername has started
2022-07-26 09:00:33.928  INFO [authorizationService,7c536286937e2a03,313ecc40ea64b168] 22384 --- [http-nio-9090-exec-8] c.c.service.CustomUserDetailService      : loadUserByUsername has ended
2022-07-26 09:00:33.930  INFO [authorizationService,49140783c1f083f9,f593088f18ea1d0d] 22384 --- [http-nio-9090-exec-9] c.c.service.CustomUserDetailService      : loadUserByUsername has ended
2022-07-26 09:00:33.933  INFO [authorizationService,7c536286937e2a03,313ecc40ea64b168] 22384 --- [http-nio-9090-exec-8] c.c.controller.AuthorizationController   : authorization has started
2022-07-26 09:00:33.934  INFO [authorizationService,7c536286937e2a03,313ecc40ea64b168] 22384 --- [http-nio-9090-exec-8] c.c.service.CustomUserDetailService      : loadUserByUsername has started
2022-07-26 09:00:33.935  INFO [authorizationService,49140783c1f083f9,f593088f18ea1d0d] 22384 --- [http-nio-9090-exec-9] c.c.controller.AuthorizationController   : authorization has started
2022-07-26 09:00:33.936  INFO [authorizationService,7c536286937e2a03,313ecc40ea64b168] 22384 --- [http-nio-9090-exec-8] c.c.service.CustomUserDetailService      : loadUserByUsername has ended
2022-07-26 09:00:33.937  INFO [authorizationService,49140783c1f083f9,f593088f18ea1d0d] 22384 --- [http-nio-9090-exec-9] c.c.service.CustomUserDetailService      : loadUserByUsername has started
2022-07-26 09:00:33.939  INFO [authorizationService,7c536286937e2a03,313ecc40ea64b168] 22384 --- [http-nio-9090-exec-8] c.c.controller.AuthorizationController   : authorization has ended
2022-07-26 09:00:33.940  INFO [authorizationService,49140783c1f083f9,f593088f18ea1d0d] 22384 --- [http-nio-9090-exec-9] c.c.service.CustomUserDetailService      : loadUserByUsername has ended
2022-07-26 09:00:33.942  INFO [authorizationService,49140783c1f083f9,f593088f18ea1d0d] 22384 --- [http-nio-9090-exec-9] c.c.controller.AuthorizationController   : authorization has ended
2022-07-26 09:00:33.989  INFO [authorizationService,7c536286937e2a03,3e98376123a29ca1] 22384 --- [http-nio-9090-exec-10] c.c.service.CustomUserDetailService      : loadUserByUsername has started
2022-07-26 09:00:33.992  INFO [authorizationService,7c536286937e2a03,3e98376123a29ca1] 22384 --- [http-nio-9090-exec-10] c.c.service.CustomUserDetailService      : loadUserByUsername has ended
2022-07-26 09:00:33.997  INFO [authorizationService,7c536286937e2a03,3e98376123a29ca1] 22384 --- [http-nio-9090-exec-10] c.c.controller.AuthorizationController   : authorization has started
2022-07-26 09:00:33.999  INFO [authorizationService,7c536286937e2a03,3e98376123a29ca1] 22384 --- [http-nio-9090-exec-10] c.c.service.CustomUserDetailService      : loadUserByUsername has started
2022-07-26 09:00:34.002  INFO [authorizationService,7c536286937e2a03,3e98376123a29ca1] 22384 --- [http-nio-9090-exec-10] c.c.service.CustomUserDetailService      : loadUserByUsername has ended
2022-07-26 09:00:34.005  INFO [authorizationService,7c536286937e2a03,3e98376123a29ca1] 22384 --- [http-nio-9090-exec-10] c.c.controller.AuthorizationController   : authorization has ended
2022-07-26 09:00:34.027  INFO [authorizationService,49140783c1f083f9,efb494653f032096] 22384 --- [http-nio-9090-exec-1] c.c.service.CustomUserDetailService      : loadUserByUsername has started
2022-07-26 09:00:34.030  INFO [authorizationService,49140783c1f083f9,efb494653f032096] 22384 --- [http-nio-9090-exec-1] c.c.service.CustomUserDetailService      : loadUserByUsername has ended
2022-07-26 09:00:34.035  INFO [authorizationService,49140783c1f083f9,efb494653f032096] 22384 --- [http-nio-9090-exec-1] c.c.controller.AuthorizationController   : authorization has started
2022-07-26 09:00:34.037  INFO [authorizationService,49140783c1f083f9,efb494653f032096] 22384 --- [http-nio-9090-exec-1] c.c.service.CustomUserDetailService      : loadUserByUsername has started
2022-07-26 09:00:34.039  INFO [authorizationService,49140783c1f083f9,efb494653f032096] 22384 --- [http-nio-9090-exec-1] c.c.service.CustomUserDetailService      : loadUserByUsername has ended
2022-07-26 09:00:34.044  INFO [authorizationService,49140783c1f083f9,efb494653f032096] 22384 --- [http-nio-9090-exec-1] c.c.controller.AuthorizationController   : authorization has ended
2022-07-26 09:00:40.944  INFO [authorizationService,c617e7bc98697f41,e48d44d4ff45e151] 22384 --- [http-nio-9090-exec-2] c.c.service.CustomUserDetailService      : loadUserByUsername has started
2022-07-26 09:00:40.947  INFO [authorizationService,c617e7bc98697f41,e48d44d4ff45e151] 22384 --- [http-nio-9090-exec-2] c.c.service.CustomUserDetailService      : loadUserByUsername has ended
2022-07-26 09:00:40.951  INFO [authorizationService,c617e7bc98697f41,e48d44d4ff45e151] 22384 --- [http-nio-9090-exec-2] c.c.controller.AuthorizationController   : authorization has started
2022-07-26 09:00:40.953  INFO [authorizationService,c617e7bc98697f41,e48d44d4ff45e151] 22384 --- [http-nio-9090-exec-2] c.c.service.CustomUserDetailService      : loadUserByUsername has started
2022-07-26 09:00:40.956  INFO [authorizationService,c617e7bc98697f41,e48d44d4ff45e151] 22384 --- [http-nio-9090-exec-2] c.c.service.CustomUserDetailService      : loadUserByUsername has ended
2022-07-26 09:00:40.959  INFO [authorizationService,c617e7bc98697f41,e48d44d4ff45e151] 22384 --- [http-nio-9090-exec-2] c.c.controller.AuthorizationController   : authorization has ended
2022-07-26 09:00:40.977  INFO [authorizationService,c617e7bc98697f41,6ce88937f5428ff3] 22384 --- [http-nio-9090-exec-3] c.c.service.CustomUserDetailService      : loadUserByUsername has started
2022-07-26 09:00:40.980  INFO [authorizationService,c617e7bc98697f41,6ce88937f5428ff3] 22384 --- [http-nio-9090-exec-3] c.c.service.CustomUserDetailService      : loadUserByUsername has ended
2022-07-26 09:00:40.982  INFO [authorizationService,c617e7bc98697f41,6ce88937f5428ff3] 22384 --- [http-nio-9090-exec-3] c.c.controller.AuthorizationController   : authorization has started
2022-07-26 09:00:40.984  INFO [authorizationService,c617e7bc98697f41,6ce88937f5428ff3] 22384 --- [http-nio-9090-exec-3] c.c.service.CustomUserDetailService      : loadUserByUsername has started
2022-07-26 09:00:40.986  INFO [authorizationService,c617e7bc98697f41,6ce88937f5428ff3] 22384 --- [http-nio-9090-exec-3] c.c.service.CustomUserDetailService      : loadUserByUsername has ended
2022-07-26 09:00:40.990  INFO [authorizationService,c617e7bc98697f41,6ce88937f5428ff3] 22384 --- [http-nio-9090-exec-3] c.c.controller.AuthorizationController   : authorization has ended
2022-07-26 09:00:41.005  INFO [authorizationService,c617e7bc98697f41,9fee0c6791b5efdf] 22384 --- [http-nio-9090-exec-4] c.c.service.CustomUserDetailService      : loadUserByUsername has started
2022-07-26 09:00:41.008  INFO [authorizationService,c617e7bc98697f41,9fee0c6791b5efdf] 22384 --- [http-nio-9090-exec-4] c.c.service.CustomUserDetailService      : loadUserByUsername has ended
2022-07-26 09:00:41.011  INFO [authorizationService,c617e7bc98697f41,9fee0c6791b5efdf] 22384 --- [http-nio-9090-exec-4] c.c.controller.AuthorizationController   : authorization has started
2022-07-26 09:00:41.012  INFO [authorizationService,c617e7bc98697f41,9fee0c6791b5efdf] 22384 --- [http-nio-9090-exec-4] c.c.service.CustomUserDetailService      : loadUserByUsername has started
2022-07-26 09:00:41.013  INFO [authorizationService,c617e7bc98697f41,9fee0c6791b5efdf] 22384 --- [http-nio-9090-exec-4] c.c.service.CustomUserDetailService      : loadUserByUsername has ended
2022-07-26 09:00:41.015  INFO [authorizationService,c617e7bc98697f41,9fee0c6791b5efdf] 22384 --- [http-nio-9090-exec-4] c.c.controller.AuthorizationController   : authorization has ended
2022-07-26 09:00:48.379  INFO [authorizationService,4ef9158fd76adb4f,3406725a375373a4] 22384 --- [http-nio-9090-exec-5] c.c.service.CustomUserDetailService      : loadUserByUsername has started
2022-07-26 09:00:48.382  INFO [authorizationService,4ef9158fd76adb4f,3406725a375373a4] 22384 --- [http-nio-9090-exec-5] c.c.service.CustomUserDetailService      : loadUserByUsername has ended
2022-07-26 09:00:48.384  INFO [authorizationService,4ef9158fd76adb4f,3406725a375373a4] 22384 --- [http-nio-9090-exec-5] c.c.controller.AuthorizationController   : authorization has started
2022-07-26 09:00:48.385  INFO [authorizationService,4ef9158fd76adb4f,3406725a375373a4] 22384 --- [http-nio-9090-exec-5] c.c.service.CustomUserDetailService      : loadUserByUsername has started
2022-07-26 09:00:48.387  INFO [authorizationService,4ef9158fd76adb4f,3406725a375373a4] 22384 --- [http-nio-9090-exec-5] c.c.service.CustomUserDetailService      : loadUserByUsername has ended
2022-07-26 09:00:48.390  INFO [authorizationService,4ef9158fd76adb4f,3406725a375373a4] 22384 --- [http-nio-9090-exec-5] c.c.controller.AuthorizationController   : authorization has ended
2022-07-26 09:00:48.407  INFO [authorizationService,4ef9158fd76adb4f,783f3b37376b9bcc] 22384 --- [http-nio-9090-exec-6] c.c.service.CustomUserDetailService      : loadUserByUsername has started
2022-07-26 09:00:48.410  INFO [authorizationService,4ef9158fd76adb4f,783f3b37376b9bcc] 22384 --- [http-nio-9090-exec-6] c.c.service.CustomUserDetailService      : loadUserByUsername has ended
2022-07-26 09:00:48.414  INFO [authorizationService,4ef9158fd76adb4f,783f3b37376b9bcc] 22384 --- [http-nio-9090-exec-6] c.c.controller.AuthorizationController   : authorization has started
2022-07-26 09:00:48.415  INFO [authorizationService,4ef9158fd76adb4f,783f3b37376b9bcc] 22384 --- [http-nio-9090-exec-6] c.c.service.CustomUserDetailService      : loadUserByUsername has started
2022-07-26 09:00:48.417  INFO [authorizationService,4ef9158fd76adb4f,783f3b37376b9bcc] 22384 --- [http-nio-9090-exec-6] c.c.service.CustomUserDetailService      : loadUserByUsername has ended
2022-07-26 09:00:48.418  INFO [authorizationService,4ef9158fd76adb4f,783f3b37376b9bcc] 22384 --- [http-nio-9090-exec-6] c.c.controller.AuthorizationController   : authorization has ended
2022-07-26 09:00:48.434  INFO [authorizationService,4ef9158fd76adb4f,82cca69d96fb8345] 22384 --- [http-nio-9090-exec-7] c.c.service.CustomUserDetailService      : loadUserByUsername has started
2022-07-26 09:00:48.437  INFO [authorizationService,4ef9158fd76adb4f,82cca69d96fb8345] 22384 --- [http-nio-9090-exec-7] c.c.service.CustomUserDetailService      : loadUserByUsername has ended
2022-07-26 09:00:48.443  INFO [authorizationService,4ef9158fd76adb4f,82cca69d96fb8345] 22384 --- [http-nio-9090-exec-7] c.c.controller.AuthorizationController   : authorization has started
2022-07-26 09:00:48.445  INFO [authorizationService,4ef9158fd76adb4f,82cca69d96fb8345] 22384 --- [http-nio-9090-exec-7] c.c.service.CustomUserDetailService      : loadUserByUsername has started
2022-07-26 09:00:48.446  INFO [authorizationService,4ef9158fd76adb4f,82cca69d96fb8345] 22384 --- [http-nio-9090-exec-7] c.c.service.CustomUserDetailService      : loadUserByUsername has ended
2022-07-26 09:00:48.448  INFO [authorizationService,4ef9158fd76adb4f,82cca69d96fb8345] 22384 --- [http-nio-9090-exec-7] c.c.controller.AuthorizationController   : authorization has ended
2022-07-26 09:00:54.779  INFO [authorizationService,61a452f669472728,268fb4bde5de5cc0] 22384 --- [http-nio-9090-exec-8] c.c.service.CustomUserDetailService      : loadUserByUsername has started
2022-07-26 09:00:54.782  INFO [authorizationService,61a452f669472728,268fb4bde5de5cc0] 22384 --- [http-nio-9090-exec-8] c.c.service.CustomUserDetailService      : loadUserByUsername has ended
2022-07-26 09:00:54.784  INFO [authorizationService,61a452f669472728,268fb4bde5de5cc0] 22384 --- [http-nio-9090-exec-8] c.c.controller.AuthorizationController   : authorization has started
2022-07-26 09:00:54.785  INFO [authorizationService,61a452f669472728,268fb4bde5de5cc0] 22384 --- [http-nio-9090-exec-8] c.c.service.CustomUserDetailService      : loadUserByUsername has started
2022-07-26 09:00:54.787  INFO [authorizationService,61a452f669472728,268fb4bde5de5cc0] 22384 --- [http-nio-9090-exec-8] c.c.service.CustomUserDetailService      : loadUserByUsername has ended
2022-07-26 09:00:54.788  INFO [authorizationService,61a452f669472728,268fb4bde5de5cc0] 22384 --- [http-nio-9090-exec-8] c.c.controller.AuthorizationController   : authorization has ended
2022-07-26 09:00:54.803  INFO [authorizationService,61a452f669472728,16589f33fe691843] 22384 --- [http-nio-9090-exec-9] c.c.service.CustomUserDetailService      : loadUserByUsername has started
2022-07-26 09:00:54.804  INFO [authorizationService,61a452f669472728,16589f33fe691843] 22384 --- [http-nio-9090-exec-9] c.c.service.CustomUserDetailService      : loadUserByUsername has ended
2022-07-26 09:00:54.807  INFO [authorizationService,61a452f669472728,16589f33fe691843] 22384 --- [http-nio-9090-exec-9] c.c.controller.AuthorizationController   : authorization has started
2022-07-26 09:00:54.809  INFO [authorizationService,61a452f669472728,16589f33fe691843] 22384 --- [http-nio-9090-exec-9] c.c.service.CustomUserDetailService      : loadUserByUsername has started
2022-07-26 09:00:54.812  INFO [authorizationService,61a452f669472728,16589f33fe691843] 22384 --- [http-nio-9090-exec-9] c.c.service.CustomUserDetailService      : loadUserByUsername has ended
2022-07-26 09:00:54.815  INFO [authorizationService,61a452f669472728,16589f33fe691843] 22384 --- [http-nio-9090-exec-9] c.c.controller.AuthorizationController   : authorization has ended
2022-07-26 09:00:54.829  INFO [authorizationService,61a452f669472728,b60090b16e6a62ec] 22384 --- [http-nio-9090-exec-10] c.c.service.CustomUserDetailService      : loadUserByUsername has started
2022-07-26 09:00:54.831  INFO [authorizationService,61a452f669472728,b60090b16e6a62ec] 22384 --- [http-nio-9090-exec-10] c.c.service.CustomUserDetailService      : loadUserByUsername has ended
2022-07-26 09:00:54.835  INFO [authorizationService,61a452f669472728,b60090b16e6a62ec] 22384 --- [http-nio-9090-exec-10] c.c.controller.AuthorizationController   : authorization has started
2022-07-26 09:00:54.836  INFO [authorizationService,61a452f669472728,b60090b16e6a62ec] 22384 --- [http-nio-9090-exec-10] c.c.service.CustomUserDetailService      : loadUserByUsername has started
2022-07-26 09:00:54.838  INFO [authorizationService,61a452f669472728,b60090b16e6a62ec] 22384 --- [http-nio-9090-exec-10] c.c.service.CustomUserDetailService      : loadUserByUsername has ended
2022-07-26 09:00:54.841  INFO [authorizationService,61a452f669472728,b60090b16e6a62ec] 22384 --- [http-nio-9090-exec-10] c.c.controller.AuthorizationController   : authorization has ended
2022-07-26 09:02:23.424  INFO [authorizationService,,] 16428 --- [main] com.cognizant.AllTests                   : Starting AllTests using Java 17.0.2 on DESKTOP-IEDHDED with PID 16428 (started by USER in C:\PROJECT_FSE\authorization-microservice)
2022-07-26 09:02:23.428  INFO [authorizationService,,] 16428 --- [main] com.cognizant.AllTests                   : No active profile set, falling back to 1 default profile: "default"
2022-07-26 09:02:27.216  INFO [authorizationService,,] 16428 --- [main] .s.d.r.c.RepositoryConfigurationDelegate : Bootstrapping Spring Data JPA repositories in DEFAULT mode.
2022-07-26 09:02:27.461  INFO [authorizationService,,] 16428 --- [main] .s.d.r.c.RepositoryConfigurationDelegate : Finished Spring Data repository scanning in 209 ms. Found 1 JPA repository interfaces.
2022-07-26 09:02:28.754  INFO [authorizationService,,] 16428 --- [main] o.s.cloud.context.scope.GenericScope     : BeanFactory id=33fe517c-864e-322f-89ba-5d0301f186e4
2022-07-26 09:02:31.567  INFO [authorizationService,,] 16428 --- [main] com.zaxxer.hikari.HikariDataSource       : HikariPool-1 - Starting...
2022-07-26 09:02:32.777  INFO [authorizationService,,] 16428 --- [main] com.zaxxer.hikari.HikariDataSource       : HikariPool-1 - Start completed.
2022-07-26 09:02:33.063  INFO [authorizationService,,] 16428 --- [main] o.hibernate.jpa.internal.util.LogHelper  : HHH000204: Processing PersistenceUnitInfo [name: default]
2022-07-26 09:02:33.342  INFO [authorizationService,,] 16428 --- [main] org.hibernate.Version                    : HHH000412: Hibernate ORM core version 5.6.9.Final
2022-07-26 09:02:34.119  INFO [authorizationService,,] 16428 --- [main] o.hibernate.annotations.common.Version   : HCANN000001: Hibernate Commons Annotations {5.1.2.Final}
2022-07-26 09:02:34.844  INFO [authorizationService,,] 16428 --- [main] org.hibernate.dialect.Dialect            : HHH000400: Using dialect: org.hibernate.dialect.H2Dialect
2022-07-26 09:02:36.828  INFO [authorizationService,,] 16428 --- [main] o.h.e.t.j.p.i.JtaPlatformInitiator       : HHH000490: Using JtaPlatform implementation: [org.hibernate.engine.transaction.jta.platform.internal.NoJtaPlatform]
2022-07-26 09:02:36.857  INFO [authorizationService,,] 16428 --- [main] j.LocalContainerEntityManagerFactoryBean : Initialized JPA EntityManagerFactory for persistence unit 'default'
2022-07-26 09:02:39.314  WARN [authorizationService,,] 16428 --- [main] JpaBaseConfiguration$JpaWebConfiguration : spring.jpa.open-in-view is enabled by default. Therefore, database queries may be performed during view rendering. Explicitly configure spring.jpa.open-in-view to disable this warning
2022-07-26 09:02:41.464  INFO [authorizationService,,] 16428 --- [main] o.s.b.a.h2.H2ConsoleAutoConfiguration    : H2 console available at '/h2-console'. Database available at 'jdbc:h2:mem:testDB'
2022-07-26 09:02:42.901  INFO [authorizationService,,] 16428 --- [main] o.s.s.web.DefaultSecurityFilterChain     : Will secure any request with [org.springframework.security.web.session.DisableEncodeUrlFilter@71c74406, org.springframework.security.web.context.request.async.WebAsyncManagerIntegrationFilter@fde5ad3, org.springframework.security.web.context.SecurityContextPersistenceFilter@7ca1e839, org.springframework.security.web.header.HeaderWriterFilter@5162cfa4, org.springframework.security.web.authentication.logout.LogoutFilter@61a045c5, com.cognizant.filter.JwtFilter@73ab9ed1, org.springframework.security.web.savedrequest.RequestCacheAwareFilter@7cc25917, org.springframework.security.web.servletapi.SecurityContextHolderAwareRequestFilter@68efc230, org.springframework.security.web.authentication.AnonymousAuthenticationFilter@3afb0c42, org.springframework.security.web.session.SessionManagementFilter@eee9fa9, org.springframework.security.web.access.ExceptionTranslationFilter@116c6746, org.springframework.security.web.access.intercept.FilterSecurityInterceptor@16d05123]
2022-07-26 09:02:47.767  INFO [authorizationService,,] 16428 --- [main] d.s.w.p.DocumentationPluginsBootstrapper : Context refreshed
2022-07-26 09:02:47.829  INFO [authorizationService,,] 16428 --- [main] d.s.w.p.DocumentationPluginsBootstrapper : Found 1 custom documentation plugin(s)
2022-07-26 09:02:47.860  INFO [authorizationService,,] 16428 --- [main] s.d.s.w.s.ApiListingReferenceScanner     : Scanning for api listing references
2022-07-26 09:02:48.218  INFO [authorizationService,,] 16428 --- [main] com.cognizant.AllTests                   : Started AllTests in 26.861 seconds (JVM running for 32.072)
2022-07-26 09:02:49.369  INFO [authorizationService,,] 16428 --- [main] c.c.AuthorizationMicroserviceApplication : Starting AuthorizationMicroserviceApplication using Java 17.0.2 on DESKTOP-IEDHDED with PID 16428 (started by USER in C:\PROJECT_FSE\authorization-microservice)
2022-07-26 09:02:49.369  INFO [authorizationService,,] 16428 --- [main] c.c.AuthorizationMicroserviceApplication : No active profile set, falling back to 1 default profile: "default"
2022-07-26 09:02:50.018  INFO [authorizationService,,] 16428 --- [main] .s.d.r.c.RepositoryConfigurationDelegate : Bootstrapping Spring Data JPA repositories in DEFAULT mode.
2022-07-26 09:02:50.049  INFO [authorizationService,,] 16428 --- [main] .s.d.r.c.RepositoryConfigurationDelegate : Finished Spring Data repository scanning in 30 ms. Found 1 JPA repository interfaces.
2022-07-26 09:02:50.197  INFO [authorizationService,,] 16428 --- [main] o.s.cloud.context.scope.GenericScope     : BeanFactory id=bc05131e-57b5-3c2f-af24-e113d7b4ba66
2022-07-26 09:02:51.065  INFO [authorizationService,,] 16428 --- [main] o.s.b.w.embedded.tomcat.TomcatWebServer  : Tomcat initialized with port(s): 9090 (http)
2022-07-26 09:02:51.101  INFO [authorizationService,,] 16428 --- [main] o.apache.catalina.core.StandardService   : Starting service [Tomcat]
2022-07-26 09:02:51.102  INFO [authorizationService,,] 16428 --- [main] org.apache.catalina.core.StandardEngine  : Starting Servlet engine: [Apache Tomcat/9.0.63]
2022-07-26 09:02:51.600  INFO [authorizationService,,] 16428 --- [main] o.a.c.c.C.[Tomcat].[localhost].[/]       : Initializing Spring embedded WebApplicationContext
2022-07-26 09:02:51.601  INFO [authorizationService,,] 16428 --- [main] w.s.c.ServletWebServerApplicationContext : Root WebApplicationContext: initialization completed in 2227 ms
2022-07-26 09:02:51.651  INFO [authorizationService,,] 16428 --- [main] com.zaxxer.hikari.HikariDataSource       : HikariPool-2 - Starting...
2022-07-26 09:02:51.653  INFO [authorizationService,,] 16428 --- [main] com.zaxxer.hikari.HikariDataSource       : HikariPool-2 - Start completed.
2022-07-26 09:02:51.654  INFO [authorizationService,,] 16428 --- [main] o.s.b.a.h2.H2ConsoleAutoConfiguration    : H2 console available at '/h2-console'. Database available at 'jdbc:h2:mem:testDB'
2022-07-26 09:02:51.897  INFO [authorizationService,,] 16428 --- [main] o.hibernate.jpa.internal.util.LogHelper  : HHH000204: Processing PersistenceUnitInfo [name: default]
2022-07-26 09:02:51.915  INFO [authorizationService,,] 16428 --- [main] org.hibernate.dialect.Dialect            : HHH000400: Using dialect: org.hibernate.dialect.H2Dialect
2022-07-26 09:02:52.004  INFO [authorizationService,,] 16428 --- [main] o.h.e.t.j.p.i.JtaPlatformInitiator       : HHH000490: Using JtaPlatform implementation: [org.hibernate.engine.transaction.jta.platform.internal.NoJtaPlatform]
2022-07-26 09:02:52.005  INFO [authorizationService,,] 16428 --- [main] j.LocalContainerEntityManagerFactoryBean : Initialized JPA EntityManagerFactory for persistence unit 'default'
2022-07-26 09:02:52.827  WARN [authorizationService,,] 16428 --- [main] JpaBaseConfiguration$JpaWebConfiguration : spring.jpa.open-in-view is enabled by default. Therefore, database queries may be performed during view rendering. Explicitly configure spring.jpa.open-in-view to disable this warning
2022-07-26 09:02:53.355  INFO [authorizationService,,] 16428 --- [main] o.s.s.web.DefaultSecurityFilterChain     : Will secure any request with [org.springframework.security.web.session.DisableEncodeUrlFilter@4938a200, org.springframework.security.web.context.request.async.WebAsyncManagerIntegrationFilter@292f7f1f, org.springframework.security.web.context.SecurityContextPersistenceFilter@2afd25f2, org.springframework.security.web.header.HeaderWriterFilter@66c4bbff, org.springframework.security.web.authentication.logout.LogoutFilter@d202f4a, com.cognizant.filter.JwtFilter@217cbcdd, org.springframework.security.web.savedrequest.RequestCacheAwareFilter@31c80bb7, org.springframework.security.web.servletapi.SecurityContextHolderAwareRequestFilter@464ffcd9, org.springframework.security.web.authentication.AnonymousAuthenticationFilter@459c68db, org.springframework.security.web.session.SessionManagementFilter@5447c0d0, org.springframework.security.web.access.ExceptionTranslationFilter@8116822, org.springframework.security.web.access.intercept.FilterSecurityInterceptor@70fb901b]
2022-07-26 09:02:54.458  INFO [authorizationService,,] 16428 --- [main] o.s.b.w.embedded.tomcat.TomcatWebServer  : Tomcat started on port(s): 9090 (http) with context path ''
2022-07-26 09:02:54.817  INFO [authorizationService,,] 16428 --- [main] d.s.w.p.DocumentationPluginsBootstrapper : Context refreshed
2022-07-26 09:02:54.819  INFO [authorizationService,,] 16428 --- [main] d.s.w.p.DocumentationPluginsBootstrapper : Found 1 custom documentation plugin(s)
2022-07-26 09:02:54.826  INFO [authorizationService,,] 16428 --- [main] s.d.s.w.s.ApiListingReferenceScanner     : Scanning for api listing references
2022-07-26 09:02:54.897  INFO [authorizationService,,] 16428 --- [main] c.c.AuthorizationMicroserviceApplication : Started AuthorizationMicroserviceApplication in 6.02 seconds (JVM running for 38.751)
2022-07-26 09:02:54.989  INFO [authorizationService,,] 16428 --- [main] .b.t.c.SpringBootTestContextBootstrapper : Neither @ContextConfiguration nor @ContextHierarchy found for test class [com.cognizant.controller.test.AuthControllerTests], using SpringBootContextLoader
2022-07-26 09:02:54.991  INFO [authorizationService,,] 16428 --- [main] o.s.t.c.support.AbstractContextLoader    : Could not detect default resource locations for test class [com.cognizant.controller.test.AuthControllerTests]: no resource found for suffixes {-context.xml, Context.groovy}.
2022-07-26 09:02:54.991  INFO [authorizationService,,] 16428 --- [main] t.c.s.AnnotationConfigContextLoaderUtils : Could not detect default configuration classes for test class [com.cognizant.controller.test.AuthControllerTests]: AuthControllerTests does not declare any static, non-private, non-final, nested classes annotated with @Configuration.
2022-07-26 09:02:55.036  INFO [authorizationService,,] 16428 --- [main] .b.t.c.SpringBootTestContextBootstrapper : Found @SpringBootConfiguration com.cognizant.AuthorizationMicroserviceApplication for test class com.cognizant.controller.test.AuthControllerTests
2022-07-26 09:02:55.041  INFO [authorizationService,,] 16428 --- [main] .b.t.c.SpringBootTestContextBootstrapper : Loaded default TestExecutionListener class names from location [META-INF/spring.factories]: [org.springframework.boot.test.mock.mockito.MockitoTestExecutionListener, org.springframework.boot.test.mock.mockito.ResetMocksTestExecutionListener, org.springframework.boot.test.autoconfigure.restdocs.RestDocsTestExecutionListener, org.springframework.boot.test.autoconfigure.web.client.MockRestServiceServerResetTestExecutionListener, org.springframework.boot.test.autoconfigure.web.servlet.MockMvcPrintOnlyOnFailureTestExecutionListener, org.springframework.boot.test.autoconfigure.web.servlet.WebDriverTestExecutionListener, org.springframework.boot.test.autoconfigure.webservices.client.MockWebServiceServerTestExecutionListener, org.springframework.test.context.web.ServletTestExecutionListener, org.springframework.test.context.support.DirtiesContextBeforeModesTestExecutionListener, org.springframework.test.context.event.ApplicationEventsTestExecutionListener, org.springframework.test.context.support.DependencyInjectionTestExecutionListener, org.springframework.test.context.support.DirtiesContextTestExecutionListener, org.springframework.test.context.transaction.TransactionalTestExecutionListener, org.springframework.test.context.jdbc.SqlScriptsTestExecutionListener, org.springframework.test.context.event.EventPublishingTestExecutionListener, org.springframework.security.test.context.support.WithSecurityContextTestExecutionListener, org.springframework.security.test.context.support.ReactorContextTestExecutionListener]
2022-07-26 09:02:55.044  INFO [authorizationService,,] 16428 --- [main] .b.t.c.SpringBootTestContextBootstrapper : Using TestExecutionListeners: [org.springframework.test.context.web.ServletTestExecutionListener@53917734, org.springframework.test.context.support.DirtiesContextBeforeModesTestExecutionListener@34eef852, org.springframework.test.context.event.ApplicationEventsTestExecutionListener@520d82c7, org.springframework.boot.test.mock.mockito.MockitoTestExecutionListener@75e32608, org.springframework.boot.test.autoconfigure.SpringBootDependencyInjectionTestExecutionListener@2d93d757, org.springframework.test.context.support.DirtiesContextTestExecutionListener@6efc96df, org.springframework.test.context.transaction.TransactionalTestExecutionListener@50593a7d, org.springframework.test.context.jdbc.SqlScriptsTestExecutionListener@3ce69518, org.springframework.test.context.event.EventPublishingTestExecutionListener@f7cc4bc, org.springframework.security.test.context.support.WithSecurityContextTestExecutionListener@5bce1e2, org.springframework.security.test.context.support.ReactorContextTestExecutionListener@1c2fa9fa, org.springframework.boot.test.mock.mockito.ResetMocksTestExecutionListener@14e9a132, org.springframework.boot.test.autoconfigure.restdocs.RestDocsTestExecutionListener@7d59de37, org.springframework.boot.test.autoconfigure.web.client.MockRestServiceServerResetTestExecutionListener@1f88838f, org.springframework.boot.test.autoconfigure.web.servlet.MockMvcPrintOnlyOnFailureTestExecutionListener@7e0989fd, org.springframework.boot.test.autoconfigure.web.servlet.WebDriverTestExecutionListener@27b0573f, org.springframework.boot.test.autoconfigure.webservices.client.MockWebServiceServerTestExecutionListener@142b9d98]
2022-07-26 09:02:55.454  INFO [authorizationService,,] 16428 --- [main] c.c.controller.test.AuthControllerTests  : Starting AuthControllerTests using Java 17.0.2 on DESKTOP-IEDHDED with PID 16428 (started by USER in C:\PROJECT_FSE\authorization-microservice)
2022-07-26 09:02:55.454  INFO [authorizationService,,] 16428 --- [main] c.c.controller.test.AuthControllerTests  : No active profile set, falling back to 1 default profile: "default"
2022-07-26 09:02:56.216  INFO [authorizationService,,] 16428 --- [main] .s.d.r.c.RepositoryConfigurationDelegate : Bootstrapping Spring Data JPA repositories in DEFAULT mode.
2022-07-26 09:02:56.257  INFO [authorizationService,,] 16428 --- [main] .s.d.r.c.RepositoryConfigurationDelegate : Finished Spring Data repository scanning in 40 ms. Found 1 JPA repository interfaces.
2022-07-26 09:02:56.448  INFO [authorizationService,,] 16428 --- [main] o.s.cloud.context.scope.GenericScope     : BeanFactory id=77f7c67b-ba0b-3ca9-af22-743c76e33694
2022-07-26 09:02:57.013  INFO [authorizationService,,] 16428 --- [main] com.zaxxer.hikari.HikariDataSource       : HikariPool-3 - Starting...
2022-07-26 09:02:57.016  INFO [authorizationService,,] 16428 --- [main] com.zaxxer.hikari.HikariDataSource       : HikariPool-3 - Start completed.
2022-07-26 09:02:57.057  INFO [authorizationService,,] 16428 --- [main] o.hibernate.jpa.internal.util.LogHelper  : HHH000204: Processing PersistenceUnitInfo [name: default]
2022-07-26 09:02:57.072  INFO [authorizationService,,] 16428 --- [main] org.hibernate.dialect.Dialect            : HHH000400: Using dialect: org.hibernate.dialect.H2Dialect
2022-07-26 09:02:57.126  INFO [authorizationService,,] 16428 --- [main] o.h.e.t.j.p.i.JtaPlatformInitiator       : HHH000490: Using JtaPlatform implementation: [org.hibernate.engine.transaction.jta.platform.internal.NoJtaPlatform]
2022-07-26 09:02:57.127  INFO [authorizationService,,] 16428 --- [main] j.LocalContainerEntityManagerFactoryBean : Initialized JPA EntityManagerFactory for persistence unit 'default'
2022-07-26 09:02:57.429  WARN [authorizationService,,] 16428 --- [main] JpaBaseConfiguration$JpaWebConfiguration : spring.jpa.open-in-view is enabled by default. Therefore, database queries may be performed during view rendering. Explicitly configure spring.jpa.open-in-view to disable this warning
2022-07-26 09:02:58.081  INFO [authorizationService,,] 16428 --- [main] o.s.b.a.h2.H2ConsoleAutoConfiguration    : H2 console available at '/h2-console'. Database available at 'jdbc:h2:mem:testDB'
2022-07-26 09:02:58.451  INFO [authorizationService,,] 16428 --- [main] o.s.s.web.DefaultSecurityFilterChain     : Will secure any request with [org.springframework.security.web.session.DisableEncodeUrlFilter@4292184b, org.springframework.security.web.context.request.async.WebAsyncManagerIntegrationFilter@f7b38a3, org.springframework.security.web.context.SecurityContextPersistenceFilter@6309825, org.springframework.security.web.header.HeaderWriterFilter@147094d3, org.springframework.security.web.authentication.logout.LogoutFilter@a5aff98, com.cognizant.filter.JwtFilter@5eefbb03, org.springframework.security.web.savedrequest.RequestCacheAwareFilter@e4efe41, org.springframework.security.web.servletapi.SecurityContextHolderAwareRequestFilter@5c8c22f2, org.springframework.security.web.authentication.AnonymousAuthenticationFilter@5f7a96f, org.springframework.security.web.session.SessionManagementFilter@2a162006, org.springframework.security.web.access.ExceptionTranslationFilter@400a884f, org.springframework.security.web.access.intercept.FilterSecurityInterceptor@6918ccb4]
2022-07-26 09:02:59.481  INFO [authorizationService,,] 16428 --- [main] o.s.b.t.m.w.SpringBootMockServletContext : Initializing Spring TestDispatcherServlet ''
2022-07-26 09:02:59.482  INFO [authorizationService,,] 16428 --- [main] o.s.t.web.servlet.TestDispatcherServlet  : Initializing Servlet ''
2022-07-26 09:02:59.484  INFO [authorizationService,,] 16428 --- [main] o.s.t.web.servlet.TestDispatcherServlet  : Completed initialization in 1 ms
2022-07-26 09:03:00.339  INFO [authorizationService,,] 16428 --- [main] d.s.w.p.DocumentationPluginsBootstrapper : Context refreshed
2022-07-26 09:03:00.340  INFO [authorizationService,,] 16428 --- [main] d.s.w.p.DocumentationPluginsBootstrapper : Found 1 custom documentation plugin(s)
2022-07-26 09:03:00.345  INFO [authorizationService,,] 16428 --- [main] s.d.s.w.s.ApiListingReferenceScanner     : Scanning for api listing references
2022-07-26 09:03:00.395  INFO [authorizationService,,] 16428 --- [main] c.c.controller.test.AuthControllerTests  : Started AuthControllerTests in 5.345 seconds (JVM running for 44.248)
2022-07-26 09:03:00.760  INFO [authorizationService,329cdd10332f021a,329cdd10332f021a] 16428 --- [main] c.c.controller.AuthorizationController   : authorization has started
2022-07-26 09:03:00.770  INFO [authorizationService,329cdd10332f021a,329cdd10332f021a] 16428 --- [main] c.c.controller.AuthorizationController   : authorization has ended
2022-07-26 09:03:01.034  INFO [authorizationService,20ddfa70672ecb07,20ddfa70672ecb07] 16428 --- [main] c.c.controller.AuthorizationController   : generateToken has started
2022-07-26 09:03:01.038  INFO [authorizationService,20ddfa70672ecb07,20ddfa70672ecb07] 16428 --- [main] c.c.controller.AuthorizationController   : generateToken has ended
2022-07-26 09:03:01.107  INFO [authorizationService,,] 16428 --- [main] .b.t.c.SpringBootTestContextBootstrapper : Neither @ContextConfiguration nor @ContextHierarchy found for test class [com.cognizant.filter.test.FilterTest], using SpringBootContextLoader
2022-07-26 09:03:01.109  INFO [authorizationService,,] 16428 --- [main] o.s.t.c.support.AbstractContextLoader    : Could not detect default resource locations for test class [com.cognizant.filter.test.FilterTest]: no resource found for suffixes {-context.xml, Context.groovy}.
2022-07-26 09:03:01.109  INFO [authorizationService,,] 16428 --- [main] t.c.s.AnnotationConfigContextLoaderUtils : Could not detect default configuration classes for test class [com.cognizant.filter.test.FilterTest]: FilterTest does not declare any static, non-private, non-final, nested classes annotated with @Configuration.
2022-07-26 09:03:01.119  INFO [authorizationService,,] 16428 --- [main] .b.t.c.SpringBootTestContextBootstrapper : Found @SpringBootConfiguration com.cognizant.AuthorizationMicroserviceApplication for test class com.cognizant.filter.test.FilterTest
2022-07-26 09:03:01.123  INFO [authorizationService,,] 16428 --- [main] .b.t.c.SpringBootTestContextBootstrapper : Loaded default TestExecutionListener class names from location [META-INF/spring.factories]: [org.springframework.boot.test.mock.mockito.MockitoTestExecutionListener, org.springframework.boot.test.mock.mockito.ResetMocksTestExecutionListener, org.springframework.boot.test.autoconfigure.restdocs.RestDocsTestExecutionListener, org.springframework.boot.test.autoconfigure.web.client.MockRestServiceServerResetTestExecutionListener, org.springframework.boot.test.autoconfigure.web.servlet.MockMvcPrintOnlyOnFailureTestExecutionListener, org.springframework.boot.test.autoconfigure.web.servlet.WebDriverTestExecutionListener, org.springframework.boot.test.autoconfigure.webservices.client.MockWebServiceServerTestExecutionListener, org.springframework.test.context.web.ServletTestExecutionListener, org.springframework.test.context.support.DirtiesContextBeforeModesTestExecutionListener, org.springframework.test.context.event.ApplicationEventsTestExecutionListener, org.springframework.test.context.support.DependencyInjectionTestExecutionListener, org.springframework.test.context.support.DirtiesContextTestExecutionListener, org.springframework.test.context.transaction.TransactionalTestExecutionListener, org.springframework.test.context.jdbc.SqlScriptsTestExecutionListener, org.springframework.test.context.event.EventPublishingTestExecutionListener, org.springframework.security.test.context.support.WithSecurityContextTestExecutionListener, org.springframework.security.test.context.support.ReactorContextTestExecutionListener]
2022-07-26 09:03:01.125  INFO [authorizationService,,] 16428 --- [main] .b.t.c.SpringBootTestContextBootstrapper : Using TestExecutionListeners: [org.springframework.test.context.web.ServletTestExecutionListener@2cb62308, org.springframework.test.context.support.DirtiesContextBeforeModesTestExecutionListener@55645ece, org.springframework.test.context.event.ApplicationEventsTestExecutionListener@21c7857a, org.springframework.boot.test.mock.mockito.MockitoTestExecutionListener@3996a417, org.springframework.boot.test.autoconfigure.SpringBootDependencyInjectionTestExecutionListener@24a57e4e, org.springframework.test.context.support.DirtiesContextTestExecutionListener@5340c63a, org.springframework.test.context.transaction.TransactionalTestExecutionListener@4eb1757d, org.springframework.test.context.jdbc.SqlScriptsTestExecutionListener@420bd6a0, org.springframework.test.context.event.EventPublishingTestExecutionListener@4d5387a1, org.springframework.security.test.context.support.WithSecurityContextTestExecutionListener@1877e927, org.springframework.security.test.context.support.ReactorContextTestExecutionListener@5da86dc9, org.springframework.boot.test.mock.mockito.ResetMocksTestExecutionListener@410a1e0a, org.springframework.boot.test.autoconfigure.restdocs.RestDocsTestExecutionListener@10b5e705, org.springframework.boot.test.autoconfigure.web.client.MockRestServiceServerResetTestExecutionListener@372c0ae5, org.springframework.boot.test.autoconfigure.web.servlet.MockMvcPrintOnlyOnFailureTestExecutionListener@2974ffec, org.springframework.boot.test.autoconfigure.web.servlet.WebDriverTestExecutionListener@381f4e86, org.springframework.boot.test.autoconfigure.webservices.client.MockWebServiceServerTestExecutionListener@72d1b4f]
2022-07-26 09:03:01.138  INFO [authorizationService,,] 16428 --- [main] .b.t.c.SpringBootTestContextBootstrapper : Neither @ContextConfiguration nor @ContextHierarchy found for test class [com.cognizant.model.test.AuthorizationModelTest], using SpringBootContextLoader
2022-07-26 09:03:01.140  INFO [authorizationService,,] 16428 --- [main] o.s.t.c.support.AbstractContextLoader    : Could not detect default resource locations for test class [com.cognizant.model.test.AuthorizationModelTest]: no resource found for suffixes {-context.xml, Context.groovy}.
2022-07-26 09:03:01.141  INFO [authorizationService,,] 16428 --- [main] t.c.s.AnnotationConfigContextLoaderUtils : Could not detect default configuration classes for test class [com.cognizant.model.test.AuthorizationModelTest]: AuthorizationModelTest does not declare any static, non-private, non-final, nested classes annotated with @Configuration.
2022-07-26 09:03:01.157  INFO [authorizationService,,] 16428 --- [main] .b.t.c.SpringBootTestContextBootstrapper : Found @SpringBootConfiguration com.cognizant.AuthorizationMicroserviceApplication for test class com.cognizant.model.test.AuthorizationModelTest
2022-07-26 09:03:01.160  INFO [authorizationService,,] 16428 --- [main] .b.t.c.SpringBootTestContextBootstrapper : Loaded default TestExecutionListener class names from location [META-INF/spring.factories]: [org.springframework.boot.test.mock.mockito.MockitoTestExecutionListener, org.springframework.boot.test.mock.mockito.ResetMocksTestExecutionListener, org.springframework.boot.test.autoconfigure.restdocs.RestDocsTestExecutionListener, org.springframework.boot.test.autoconfigure.web.client.MockRestServiceServerResetTestExecutionListener, org.springframework.boot.test.autoconfigure.web.servlet.MockMvcPrintOnlyOnFailureTestExecutionListener, org.springframework.boot.test.autoconfigure.web.servlet.WebDriverTestExecutionListener, org.springframework.boot.test.autoconfigure.webservices.client.MockWebServiceServerTestExecutionListener, org.springframework.test.context.web.ServletTestExecutionListener, org.springframework.test.context.support.DirtiesContextBeforeModesTestExecutionListener, org.springframework.test.context.event.ApplicationEventsTestExecutionListener, org.springframework.test.context.support.DependencyInjectionTestExecutionListener, org.springframework.test.context.support.DirtiesContextTestExecutionListener, org.springframework.test.context.transaction.TransactionalTestExecutionListener, org.springframework.test.context.jdbc.SqlScriptsTestExecutionListener, org.springframework.test.context.event.EventPublishingTestExecutionListener, org.springframework.security.test.context.support.WithSecurityContextTestExecutionListener, org.springframework.security.test.context.support.ReactorContextTestExecutionListener]
2022-07-26 09:03:01.162  INFO [authorizationService,,] 16428 --- [main] .b.t.c.SpringBootTestContextBootstrapper : Using TestExecutionListeners: [org.springframework.test.context.web.ServletTestExecutionListener@5e844c0e, org.springframework.test.context.support.DirtiesContextBeforeModesTestExecutionListener@1cad5226, org.springframework.test.context.event.ApplicationEventsTestExecutionListener@7335c59f, org.springframework.boot.test.mock.mockito.MockitoTestExecutionListener@297d73be, org.springframework.boot.test.autoconfigure.SpringBootDependencyInjectionTestExecutionListener@55e5bea3, org.springframework.test.context.support.DirtiesContextTestExecutionListener@23affa5b, org.springframework.test.context.transaction.TransactionalTestExecutionListener@7e6bca8c, org.springframework.test.context.jdbc.SqlScriptsTestExecutionListener@3cc9a67c, org.springframework.test.context.event.EventPublishingTestExecutionListener@442117e0, org.springframework.security.test.context.support.WithSecurityContextTestExecutionListener@1880501d, org.springframework.security.test.context.support.ReactorContextTestExecutionListener@389fc62b, org.springframework.boot.test.mock.mockito.ResetMocksTestExecutionListener@49147d02, org.springframework.boot.test.autoconfigure.restdocs.RestDocsTestExecutionListener@546fdd7, org.springframework.boot.test.autoconfigure.web.client.MockRestServiceServerResetTestExecutionListener@1f5c55da, org.springframework.boot.test.autoconfigure.web.servlet.MockMvcPrintOnlyOnFailureTestExecutionListener@59347684, org.springframework.boot.test.autoconfigure.web.servlet.WebDriverTestExecutionListener@3322eccd, org.springframework.boot.test.autoconfigure.webservices.client.MockWebServiceServerTestExecutionListener@138173b]
2022-07-26 09:03:01.297  INFO [authorizationService,,] 16428 --- [main] .b.t.c.SpringBootTestContextBootstrapper : Neither @ContextConfiguration nor @ContextHierarchy found for test class [com.cognizant.model.test.AuthRequestModelTest], using SpringBootContextLoader
2022-07-26 09:03:01.298  INFO [authorizationService,,] 16428 --- [main] o.s.t.c.support.AbstractContextLoader    : Could not detect default resource locations for test class [com.cognizant.model.test.AuthRequestModelTest]: no resource found for suffixes {-context.xml, Context.groovy}.
2022-07-26 09:03:01.298  INFO [authorizationService,,] 16428 --- [main] t.c.s.AnnotationConfigContextLoaderUtils : Could not detect default configuration classes for test class [com.cognizant.model.test.AuthRequestModelTest]: AuthRequestModelTest does not declare any static, non-private, non-final, nested classes annotated with @Configuration.
2022-07-26 09:03:01.301  INFO [authorizationService,,] 16428 --- [main] .b.t.c.SpringBootTestContextBootstrapper : Found @SpringBootConfiguration com.cognizant.AuthorizationMicroserviceApplication for test class com.cognizant.model.test.AuthRequestModelTest
2022-07-26 09:03:01.303  INFO [authorizationService,,] 16428 --- [main] .b.t.c.SpringBootTestContextBootstrapper : Loaded default TestExecutionListener class names from location [META-INF/spring.factories]: [org.springframework.boot.test.mock.mockito.MockitoTestExecutionListener, org.springframework.boot.test.mock.mockito.ResetMocksTestExecutionListener, org.springframework.boot.test.autoconfigure.restdocs.RestDocsTestExecutionListener, org.springframework.boot.test.autoconfigure.web.client.MockRestServiceServerResetTestExecutionListener, org.springframework.boot.test.autoconfigure.web.servlet.MockMvcPrintOnlyOnFailureTestExecutionListener, org.springframework.boot.test.autoconfigure.web.servlet.WebDriverTestExecutionListener, org.springframework.boot.test.autoconfigure.webservices.client.MockWebServiceServerTestExecutionListener, org.springframework.test.context.web.ServletTestExecutionListener, org.springframework.test.context.support.DirtiesContextBeforeModesTestExecutionListener, org.springframework.test.context.event.ApplicationEventsTestExecutionListener, org.springframework.test.context.support.DependencyInjectionTestExecutionListener, org.springframework.test.context.support.DirtiesContextTestExecutionListener, org.springframework.test.context.transaction.TransactionalTestExecutionListener, org.springframework.test.context.jdbc.SqlScriptsTestExecutionListener, org.springframework.test.context.event.EventPublishingTestExecutionListener, org.springframework.security.test.context.support.WithSecurityContextTestExecutionListener, org.springframework.security.test.context.support.ReactorContextTestExecutionListener]
2022-07-26 09:03:01.304  INFO [authorizationService,,] 16428 --- [main] .b.t.c.SpringBootTestContextBootstrapper : Using TestExecutionListeners: [org.springframework.test.context.web.ServletTestExecutionListener@1447128e, org.springframework.test.context.support.DirtiesContextBeforeModesTestExecutionListener@28679a92, org.springframework.test.context.event.ApplicationEventsTestExecutionListener@466c1d1, org.springframework.boot.test.mock.mockito.MockitoTestExecutionListener@78227aa5, org.springframework.boot.test.autoconfigure.SpringBootDependencyInjectionTestExecutionListener@54ddc44d, org.springframework.test.context.support.DirtiesContextTestExecutionListener@40fa774e, org.springframework.test.context.transaction.TransactionalTestExecutionListener@72204ec9, org.springframework.test.context.jdbc.SqlScriptsTestExecutionListener@19bce57a, org.springframework.test.context.event.EventPublishingTestExecutionListener@23f9b5ac, org.springframework.security.test.context.support.WithSecurityContextTestExecutionListener@30aae69a, org.springframework.security.test.context.support.ReactorContextTestExecutionListener@408ca040, org.springframework.boot.test.mock.mockito.ResetMocksTestExecutionListener@3ee51a1e, org.springframework.boot.test.autoconfigure.restdocs.RestDocsTestExecutionListener@50df9cbb, org.springframework.boot.test.autoconfigure.web.client.MockRestServiceServerResetTestExecutionListener@37a63e0c, org.springframework.boot.test.autoconfigure.web.servlet.MockMvcPrintOnlyOnFailureTestExecutionListener@128d0618, org.springframework.boot.test.autoconfigure.web.servlet.WebDriverTestExecutionListener@4aedbbd, org.springframework.boot.test.autoconfigure.webservices.client.MockWebServiceServerTestExecutionListener@2838a5d7]
2022-07-26 09:03:01.345  INFO [authorizationService,,] 16428 --- [main] .b.t.c.SpringBootTestContextBootstrapper : Neither @ContextConfiguration nor @ContextHierarchy found for test class [com.cognizant.model.test.ErrorResponseTest], using SpringBootContextLoader
2022-07-26 09:03:01.346  INFO [authorizationService,,] 16428 --- [main] o.s.t.c.support.AbstractContextLoader    : Could not detect default resource locations for test class [com.cognizant.model.test.ErrorResponseTest]: no resource found for suffixes {-context.xml, Context.groovy}.
2022-07-26 09:03:01.346  INFO [authorizationService,,] 16428 --- [main] t.c.s.AnnotationConfigContextLoaderUtils : Could not detect default configuration classes for test class [com.cognizant.model.test.ErrorResponseTest]: ErrorResponseTest does not declare any static, non-private, non-final, nested classes annotated with @Configuration.
2022-07-26 09:03:01.349  INFO [authorizationService,,] 16428 --- [main] .b.t.c.SpringBootTestContextBootstrapper : Found @SpringBootConfiguration com.cognizant.AuthorizationMicroserviceApplication for test class com.cognizant.model.test.ErrorResponseTest
2022-07-26 09:03:01.351  INFO [authorizationService,,] 16428 --- [main] .b.t.c.SpringBootTestContextBootstrapper : Loaded default TestExecutionListener class names from location [META-INF/spring.factories]: [org.springframework.boot.test.mock.mockito.MockitoTestExecutionListener, org.springframework.boot.test.mock.mockito.ResetMocksTestExecutionListener, org.springframework.boot.test.autoconfigure.restdocs.RestDocsTestExecutionListener, org.springframework.boot.test.autoconfigure.web.client.MockRestServiceServerResetTestExecutionListener, org.springframework.boot.test.autoconfigure.web.servlet.MockMvcPrintOnlyOnFailureTestExecutionListener, org.springframework.boot.test.autoconfigure.web.servlet.WebDriverTestExecutionListener, org.springframework.boot.test.autoconfigure.webservices.client.MockWebServiceServerTestExecutionListener, org.springframework.test.context.web.ServletTestExecutionListener, org.springframework.test.context.support.DirtiesContextBeforeModesTestExecutionListener, org.springframework.test.context.event.ApplicationEventsTestExecutionListener, org.springframework.test.context.support.DependencyInjectionTestExecutionListener, org.springframework.test.context.support.DirtiesContextTestExecutionListener, org.springframework.test.context.transaction.TransactionalTestExecutionListener, org.springframework.test.context.jdbc.SqlScriptsTestExecutionListener, org.springframework.test.context.event.EventPublishingTestExecutionListener, org.springframework.security.test.context.support.WithSecurityContextTestExecutionListener, org.springframework.security.test.context.support.ReactorContextTestExecutionListener]
2022-07-26 09:03:01.353  INFO [authorizationService,,] 16428 --- [main] .b.t.c.SpringBootTestContextBootstrapper : Using TestExecutionListeners: [org.springframework.test.context.web.ServletTestExecutionListener@628c34e9, org.springframework.test.context.support.DirtiesContextBeforeModesTestExecutionListener@6c12c91e, org.springframework.test.context.event.ApplicationEventsTestExecutionListener@4af59e23, org.springframework.boot.test.mock.mockito.MockitoTestExecutionListener@35476da7, org.springframework.boot.test.autoconfigure.SpringBootDependencyInjectionTestExecutionListener@366f2c9a, org.springframework.test.context.support.DirtiesContextTestExecutionListener@4c4f5970, org.springframework.test.context.transaction.TransactionalTestExecutionListener@2a2dc25c, org.springframework.test.context.jdbc.SqlScriptsTestExecutionListener@2489a8eb, org.springframework.test.context.event.EventPublishingTestExecutionListener@6b4d5b1c, org.springframework.security.test.context.support.WithSecurityContextTestExecutionListener@5d7f1bdc, org.springframework.security.test.context.support.ReactorContextTestExecutionListener@19840d0d, org.springframework.boot.test.mock.mockito.ResetMocksTestExecutionListener@70232026, org.springframework.boot.test.autoconfigure.restdocs.RestDocsTestExecutionListener@71371085, org.springframework.boot.test.autoconfigure.web.client.MockRestServiceServerResetTestExecutionListener@54334484, org.springframework.boot.test.autoconfigure.web.servlet.MockMvcPrintOnlyOnFailureTestExecutionListener@6d66d76a, org.springframework.boot.test.autoconfigure.web.servlet.WebDriverTestExecutionListener@4ade8f0, org.springframework.boot.test.autoconfigure.webservices.client.MockWebServiceServerTestExecutionListener@4dd773d8]
2022-07-26 09:03:01.380  INFO [authorizationService,,] 16428 --- [main] .b.t.c.SpringBootTestContextBootstrapper : Neither @ContextConfiguration nor @ContextHierarchy found for test class [com.cognizant.model.test.ResourceNotFoundTest], using SpringBootContextLoader
2022-07-26 09:03:01.381  INFO [authorizationService,,] 16428 --- [main] o.s.t.c.support.AbstractContextLoader    : Could not detect default resource locations for test class [com.cognizant.model.test.ResourceNotFoundTest]: no resource found for suffixes {-context.xml, Context.groovy}.
2022-07-26 09:03:01.381  INFO [authorizationService,,] 16428 --- [main] t.c.s.AnnotationConfigContextLoaderUtils : Could not detect default configuration classes for test class [com.cognizant.model.test.ResourceNotFoundTest]: ResourceNotFoundTest does not declare any static, non-private, non-final, nested classes annotated with @Configuration.
2022-07-26 09:03:01.384  INFO [authorizationService,,] 16428 --- [main] .b.t.c.SpringBootTestContextBootstrapper : Found @SpringBootConfiguration com.cognizant.AuthorizationMicroserviceApplication for test class com.cognizant.model.test.ResourceNotFoundTest
2022-07-26 09:03:01.386  INFO [authorizationService,,] 16428 --- [main] .b.t.c.SpringBootTestContextBootstrapper : Loaded default TestExecutionListener class names from location [META-INF/spring.factories]: [org.springframework.boot.test.mock.mockito.MockitoTestExecutionListener, org.springframework.boot.test.mock.mockito.ResetMocksTestExecutionListener, org.springframework.boot.test.autoconfigure.restdocs.RestDocsTestExecutionListener, org.springframework.boot.test.autoconfigure.web.client.MockRestServiceServerResetTestExecutionListener, org.springframework.boot.test.autoconfigure.web.servlet.MockMvcPrintOnlyOnFailureTestExecutionListener, org.springframework.boot.test.autoconfigure.web.servlet.WebDriverTestExecutionListener, org.springframework.boot.test.autoconfigure.webservices.client.MockWebServiceServerTestExecutionListener, org.springframework.test.context.web.ServletTestExecutionListener, org.springframework.test.context.support.DirtiesContextBeforeModesTestExecutionListener, org.springframework.test.context.event.ApplicationEventsTestExecutionListener, org.springframework.test.context.support.DependencyInjectionTestExecutionListener, org.springframework.test.context.support.DirtiesContextTestExecutionListener, org.springframework.test.context.transaction.TransactionalTestExecutionListener, org.springframework.test.context.jdbc.SqlScriptsTestExecutionListener, org.springframework.test.context.event.EventPublishingTestExecutionListener, org.springframework.security.test.context.support.WithSecurityContextTestExecutionListener, org.springframework.security.test.context.support.ReactorContextTestExecutionListener]
2022-07-26 09:03:01.388  INFO [authorizationService,,] 16428 --- [main] .b.t.c.SpringBootTestContextBootstrapper : Using TestExecutionListeners: [org.springframework.test.context.web.ServletTestExecutionListener@5808531e, org.springframework.test.context.support.DirtiesContextBeforeModesTestExecutionListener@3309da87, org.springframework.test.context.event.ApplicationEventsTestExecutionListener@45b6368d, org.springframework.boot.test.mock.mockito.MockitoTestExecutionListener@3607e5a0, org.springframework.boot.test.autoconfigure.SpringBootDependencyInjectionTestExecutionListener@2c8dd0dd, org.springframework.test.context.support.DirtiesContextTestExecutionListener@51adea29, org.springframework.test.context.transaction.TransactionalTestExecutionListener@255baccf, org.springframework.test.context.jdbc.SqlScriptsTestExecutionListener@2c786721, org.springframework.test.context.event.EventPublishingTestExecutionListener@6e31514b, org.springframework.security.test.context.support.WithSecurityContextTestExecutionListener@50730206, org.springframework.security.test.context.support.ReactorContextTestExecutionListener@28b6f113, org.springframework.boot.test.mock.mockito.ResetMocksTestExecutionListener@4718da4b, org.springframework.boot.test.autoconfigure.restdocs.RestDocsTestExecutionListener@234770ea, org.springframework.boot.test.autoconfigure.web.client.MockRestServiceServerResetTestExecutionListener@6b6c25b6, org.springframework.boot.test.autoconfigure.web.servlet.MockMvcPrintOnlyOnFailureTestExecutionListener@74cd7fa1, org.springframework.boot.test.autoconfigure.web.servlet.WebDriverTestExecutionListener@750629f1, org.springframework.boot.test.autoconfigure.webservices.client.MockWebServiceServerTestExecutionListener@6dded79b]
2022-07-26 09:03:01.424  INFO [authorizationService,,] 16428 --- [main] .b.t.c.SpringBootTestContextBootstrapper : Neither @ContextConfiguration nor @ContextHierarchy found for test class [com.cognizant.model.test.TokenModelTest], using SpringBootContextLoader
2022-07-26 09:03:01.426  INFO [authorizationService,,] 16428 --- [main] o.s.t.c.support.AbstractContextLoader    : Could not detect default resource locations for test class [com.cognizant.model.test.TokenModelTest]: no resource found for suffixes {-context.xml, Context.groovy}.
2022-07-26 09:03:01.426  INFO [authorizationService,,] 16428 --- [main] t.c.s.AnnotationConfigContextLoaderUtils : Could not detect default configuration classes for test class [com.cognizant.model.test.TokenModelTest]: TokenModelTest does not declare any static, non-private, non-final, nested classes annotated with @Configuration.
2022-07-26 09:03:01.428  INFO [authorizationService,,] 16428 --- [main] .b.t.c.SpringBootTestContextBootstrapper : Found @SpringBootConfiguration com.cognizant.AuthorizationMicroserviceApplication for test class com.cognizant.model.test.TokenModelTest
2022-07-26 09:03:01.431  INFO [authorizationService,,] 16428 --- [main] .b.t.c.SpringBootTestContextBootstrapper : Loaded default TestExecutionListener class names from location [META-INF/spring.factories]: [org.springframework.boot.test.mock.mockito.MockitoTestExecutionListener, org.springframework.boot.test.mock.mockito.ResetMocksTestExecutionListener, org.springframework.boot.test.autoconfigure.restdocs.RestDocsTestExecutionListener, org.springframework.boot.test.autoconfigure.web.client.MockRestServiceServerResetTestExecutionListener, org.springframework.boot.test.autoconfigure.web.servlet.MockMvcPrintOnlyOnFailureTestExecutionListener, org.springframework.boot.test.autoconfigure.web.servlet.WebDriverTestExecutionListener, org.springframework.boot.test.autoconfigure.webservices.client.MockWebServiceServerTestExecutionListener, org.springframework.test.context.web.ServletTestExecutionListener, org.springframework.test.context.support.DirtiesContextBeforeModesTestExecutionListener, org.springframework.test.context.event.ApplicationEventsTestExecutionListener, org.springframework.test.context.support.DependencyInjectionTestExecutionListener, org.springframework.test.context.support.DirtiesContextTestExecutionListener, org.springframework.test.context.transaction.TransactionalTestExecutionListener, org.springframework.test.context.jdbc.SqlScriptsTestExecutionListener, org.springframework.test.context.event.EventPublishingTestExecutionListener, org.springframework.security.test.context.support.WithSecurityContextTestExecutionListener, org.springframework.security.test.context.support.ReactorContextTestExecutionListener]
2022-07-26 09:03:01.432  INFO [authorizationService,,] 16428 --- [main] .b.t.c.SpringBootTestContextBootstrapper : Using TestExecutionListeners: [org.springframework.test.context.web.ServletTestExecutionListener@68e4af8e, org.springframework.test.context.support.DirtiesContextBeforeModesTestExecutionListener@425ddcc8, org.springframework.test.context.event.ApplicationEventsTestExecutionListener@43f852d1, org.springframework.boot.test.mock.mockito.MockitoTestExecutionListener@12241f94, org.springframework.boot.test.autoconfigure.SpringBootDependencyInjectionTestExecutionListener@5f714a81, org.springframework.test.context.support.DirtiesContextTestExecutionListener@7366663b, org.springframework.test.context.transaction.TransactionalTestExecutionListener@7289cc5c, org.springframework.test.context.jdbc.SqlScriptsTestExecutionListener@40e3a526, org.springframework.test.context.event.EventPublishingTestExecutionListener@1513daf9, org.springframework.security.test.context.support.WithSecurityContextTestExecutionListener@558431de, org.springframework.security.test.context.support.ReactorContextTestExecutionListener@6953ec1e, org.springframework.boot.test.mock.mockito.ResetMocksTestExecutionListener@3444ae87, org.springframework.boot.test.autoconfigure.restdocs.RestDocsTestExecutionListener@3f0b7ee4, org.springframework.boot.test.autoconfigure.web.client.MockRestServiceServerResetTestExecutionListener@4bf5a21a, org.springframework.boot.test.autoconfigure.web.servlet.MockMvcPrintOnlyOnFailureTestExecutionListener@3db08466, org.springframework.boot.test.autoconfigure.web.servlet.WebDriverTestExecutionListener@2c9125c1, org.springframework.boot.test.autoconfigure.webservices.client.MockWebServiceServerTestExecutionListener@488982e9]
2022-07-26 09:03:01.466  INFO [authorizationService,,] 16428 --- [main] .b.t.c.SpringBootTestContextBootstrapper : Neither @ContextConfiguration nor @ContextHierarchy found for test class [com.cognizant.model.test.UserModelTest], using SpringBootContextLoader
2022-07-26 09:03:01.467  INFO [authorizationService,,] 16428 --- [main] o.s.t.c.support.AbstractContextLoader    : Could not detect default resource locations for test class [com.cognizant.model.test.UserModelTest]: no resource found for suffixes {-context.xml, Context.groovy}.
2022-07-26 09:03:01.468  INFO [authorizationService,,] 16428 --- [main] t.c.s.AnnotationConfigContextLoaderUtils : Could not detect default configuration classes for test class [com.cognizant.model.test.UserModelTest]: UserModelTest does not declare any static, non-private, non-final, nested classes annotated with @Configuration.
2022-07-26 09:03:01.471  INFO [authorizationService,,] 16428 --- [main] .b.t.c.SpringBootTestContextBootstrapper : Found @SpringBootConfiguration com.cognizant.AuthorizationMicroserviceApplication for test class com.cognizant.model.test.UserModelTest
2022-07-26 09:03:01.474  INFO [authorizationService,,] 16428 --- [main] .b.t.c.SpringBootTestContextBootstrapper : Loaded default TestExecutionListener class names from location [META-INF/spring.factories]: [org.springframework.boot.test.mock.mockito.MockitoTestExecutionListener, org.springframework.boot.test.mock.mockito.ResetMocksTestExecutionListener, org.springframework.boot.test.autoconfigure.restdocs.RestDocsTestExecutionListener, org.springframework.boot.test.autoconfigure.web.client.MockRestServiceServerResetTestExecutionListener, org.springframework.boot.test.autoconfigure.web.servlet.MockMvcPrintOnlyOnFailureTestExecutionListener, org.springframework.boot.test.autoconfigure.web.servlet.WebDriverTestExecutionListener, org.springframework.boot.test.autoconfigure.webservices.client.MockWebServiceServerTestExecutionListener, org.springframework.test.context.web.ServletTestExecutionListener, org.springframework.test.context.support.DirtiesContextBeforeModesTestExecutionListener, org.springframework.test.context.event.ApplicationEventsTestExecutionListener, org.springframework.test.context.support.DependencyInjectionTestExecutionListener, org.springframework.test.context.support.DirtiesContextTestExecutionListener, org.springframework.test.context.transaction.TransactionalTestExecutionListener, org.springframework.test.context.jdbc.SqlScriptsTestExecutionListener, org.springframework.test.context.event.EventPublishingTestExecutionListener, org.springframework.security.test.context.support.WithSecurityContextTestExecutionListener, org.springframework.security.test.context.support.ReactorContextTestExecutionListener]
2022-07-26 09:03:01.476  INFO [authorizationService,,] 16428 --- [main] .b.t.c.SpringBootTestContextBootstrapper : Using TestExecutionListeners: [org.springframework.test.context.web.ServletTestExecutionListener@2e8a0c90, org.springframework.test.context.support.DirtiesContextBeforeModesTestExecutionListener@17a02e93, org.springframework.test.context.event.ApplicationEventsTestExecutionListener@32baae8b, org.springframework.boot.test.mock.mockito.MockitoTestExecutionListener@36a0fcff, org.springframework.boot.test.autoconfigure.SpringBootDependencyInjectionTestExecutionListener@48308837, org.springframework.test.context.support.DirtiesContextTestExecutionListener@5e72f314, org.springframework.test.context.transaction.TransactionalTestExecutionListener@395bc0a7, org.springframework.test.context.jdbc.SqlScriptsTestExecutionListener@8ad9477, org.springframework.test.context.event.EventPublishingTestExecutionListener@4490d465, org.springframework.security.test.context.support.WithSecurityContextTestExecutionListener@db365b0, org.springframework.security.test.context.support.ReactorContextTestExecutionListener@6a8ad259, org.springframework.boot.test.mock.mockito.ResetMocksTestExecutionListener@ee0ed53, org.springframework.boot.test.autoconfigure.restdocs.RestDocsTestExecutionListener@4c113316, org.springframework.boot.test.autoconfigure.web.client.MockRestServiceServerResetTestExecutionListener@5a9941c1, org.springframework.boot.test.autoconfigure.web.servlet.MockMvcPrintOnlyOnFailureTestExecutionListener@663d48d1, org.springframework.boot.test.autoconfigure.web.servlet.WebDriverTestExecutionListener@6f3eab30, org.springframework.boot.test.autoconfigure.webservices.client.MockWebServiceServerTestExecutionListener@2a72ac42]
2022-07-26 09:03:01.510  INFO [authorizationService,,] 16428 --- [main] .b.t.c.SpringBootTestContextBootstrapper : Neither @ContextConfiguration nor @ContextHierarchy found for test class [com.cognizant.service.test.CustomUserDetailServiceTest], using SpringBootContextLoader
2022-07-26 09:03:01.511  INFO [authorizationService,,] 16428 --- [main] o.s.t.c.support.AbstractContextLoader    : Could not detect default resource locations for test class [com.cognizant.service.test.CustomUserDetailServiceTest]: no resource found for suffixes {-context.xml, Context.groovy}.
2022-07-26 09:03:01.512  INFO [authorizationService,,] 16428 --- [main] t.c.s.AnnotationConfigContextLoaderUtils : Could not detect default configuration classes for test class [com.cognizant.service.test.CustomUserDetailServiceTest]: CustomUserDetailServiceTest does not declare any static, non-private, non-final, nested classes annotated with @Configuration.
2022-07-26 09:03:01.525  INFO [authorizationService,,] 16428 --- [main] .b.t.c.SpringBootTestContextBootstrapper : Found @SpringBootConfiguration com.cognizant.AuthorizationMicroserviceApplication for test class com.cognizant.service.test.CustomUserDetailServiceTest
2022-07-26 09:03:01.528  INFO [authorizationService,,] 16428 --- [main] .b.t.c.SpringBootTestContextBootstrapper : Loaded default TestExecutionListener class names from location [META-INF/spring.factories]: [org.springframework.boot.test.mock.mockito.MockitoTestExecutionListener, org.springframework.boot.test.mock.mockito.ResetMocksTestExecutionListener, org.springframework.boot.test.autoconfigure.restdocs.RestDocsTestExecutionListener, org.springframework.boot.test.autoconfigure.web.client.MockRestServiceServerResetTestExecutionListener, org.springframework.boot.test.autoconfigure.web.servlet.MockMvcPrintOnlyOnFailureTestExecutionListener, org.springframework.boot.test.autoconfigure.web.servlet.WebDriverTestExecutionListener, org.springframework.boot.test.autoconfigure.webservices.client.MockWebServiceServerTestExecutionListener, org.springframework.test.context.web.ServletTestExecutionListener, org.springframework.test.context.support.DirtiesContextBeforeModesTestExecutionListener, org.springframework.test.context.event.ApplicationEventsTestExecutionListener, org.springframework.test.context.support.DependencyInjectionTestExecutionListener, org.springframework.test.context.support.DirtiesContextTestExecutionListener, org.springframework.test.context.transaction.TransactionalTestExecutionListener, org.springframework.test.context.jdbc.SqlScriptsTestExecutionListener, org.springframework.test.context.event.EventPublishingTestExecutionListener, org.springframework.security.test.context.support.WithSecurityContextTestExecutionListener, org.springframework.security.test.context.support.ReactorContextTestExecutionListener]
2022-07-26 09:03:01.529  INFO [authorizationService,,] 16428 --- [main] .b.t.c.SpringBootTestContextBootstrapper : Using TestExecutionListeners: [org.springframework.test.context.web.ServletTestExecutionListener@3602dbdb, org.springframework.test.context.support.DirtiesContextBeforeModesTestExecutionListener@2cff9100, org.springframework.test.context.event.ApplicationEventsTestExecutionListener@13d02861, org.springframework.boot.test.mock.mockito.MockitoTestExecutionListener@20834d8, org.springframework.boot.test.autoconfigure.SpringBootDependencyInjectionTestExecutionListener@22f4eb41, org.springframework.test.context.support.DirtiesContextTestExecutionListener@72d3098e, org.springframework.test.context.transaction.TransactionalTestExecutionListener@6052b495, org.springframework.test.context.jdbc.SqlScriptsTestExecutionListener@23bfe2b3, org.springframework.test.context.event.EventPublishingTestExecutionListener@2694ab66, org.springframework.security.test.context.support.WithSecurityContextTestExecutionListener@4ce15943, org.springframework.security.test.context.support.ReactorContextTestExecutionListener@39e2ba56, org.springframework.boot.test.mock.mockito.ResetMocksTestExecutionListener@65947da3, org.springframework.boot.test.autoconfigure.restdocs.RestDocsTestExecutionListener@665825ec, org.springframework.boot.test.autoconfigure.web.client.MockRestServiceServerResetTestExecutionListener@20354325, org.springframework.boot.test.autoconfigure.web.servlet.MockMvcPrintOnlyOnFailureTestExecutionListener@ca97d7f, org.springframework.boot.test.autoconfigure.web.servlet.WebDriverTestExecutionListener@4a16702c, org.springframework.boot.test.autoconfigure.webservices.client.MockWebServiceServerTestExecutionListener@6dc64bc7]
2022-07-26 09:03:01.703  INFO [authorizationService,,] 16428 --- [main] c.c.service.CustomUserDetailService      : loadUserByUsername has started
2022-07-26 09:03:01.710  INFO [authorizationService,,] 16428 --- [main] c.c.service.CustomUserDetailService      : loadUserByUsername has ended
2022-07-26 09:03:01.944  INFO [authorizationService,,] 16428 --- [main] .b.t.c.SpringBootTestContextBootstrapper : Neither @ContextConfiguration nor @ContextHierarchy found for test class [com.cognizant.swagger.test.SwaggerTest], using SpringBootContextLoader
2022-07-26 09:03:01.945  INFO [authorizationService,,] 16428 --- [main] o.s.t.c.support.AbstractContextLoader    : Could not detect default resource locations for test class [com.cognizant.swagger.test.SwaggerTest]: no resource found for suffixes {-context.xml, Context.groovy}.
2022-07-26 09:03:01.946  INFO [authorizationService,,] 16428 --- [main] t.c.s.AnnotationConfigContextLoaderUtils : Could not detect default configuration classes for test class [com.cognizant.swagger.test.SwaggerTest]: SwaggerTest does not declare any static, non-private, non-final, nested classes annotated with @Configuration.
2022-07-26 09:03:01.965  INFO [authorizationService,,] 16428 --- [main] .b.t.c.SpringBootTestContextBootstrapper : Found @SpringBootConfiguration com.cognizant.AuthorizationMicroserviceApplication for test class com.cognizant.swagger.test.SwaggerTest
2022-07-26 09:03:01.968  INFO [authorizationService,,] 16428 --- [main] .b.t.c.SpringBootTestContextBootstrapper : Loaded default TestExecutionListener class names from location [META-INF/spring.factories]: [org.springframework.boot.test.mock.mockito.MockitoTestExecutionListener, org.springframework.boot.test.mock.mockito.ResetMocksTestExecutionListener, org.springframework.boot.test.autoconfigure.restdocs.RestDocsTestExecutionListener, org.springframework.boot.test.autoconfigure.web.client.MockRestServiceServerResetTestExecutionListener, org.springframework.boot.test.autoconfigure.web.servlet.MockMvcPrintOnlyOnFailureTestExecutionListener, org.springframework.boot.test.autoconfigure.web.servlet.WebDriverTestExecutionListener, org.springframework.boot.test.autoconfigure.webservices.client.MockWebServiceServerTestExecutionListener, org.springframework.test.context.web.ServletTestExecutionListener, org.springframework.test.context.support.DirtiesContextBeforeModesTestExecutionListener, org.springframework.test.context.event.ApplicationEventsTestExecutionListener, org.springframework.test.context.support.DependencyInjectionTestExecutionListener, org.springframework.test.context.support.DirtiesContextTestExecutionListener, org.springframework.test.context.transaction.TransactionalTestExecutionListener, org.springframework.test.context.jdbc.SqlScriptsTestExecutionListener, org.springframework.test.context.event.EventPublishingTestExecutionListener, org.springframework.security.test.context.support.WithSecurityContextTestExecutionListener, org.springframework.security.test.context.support.ReactorContextTestExecutionListener]
2022-07-26 09:03:01.970  INFO [authorizationService,,] 16428 --- [main] .b.t.c.SpringBootTestContextBootstrapper : Using TestExecutionListeners: [org.springframework.test.context.web.ServletTestExecutionListener@2dc94395, org.springframework.test.context.support.DirtiesContextBeforeModesTestExecutionListener@2d7ee469, org.springframework.test.context.event.ApplicationEventsTestExecutionListener@4e91a7e3, org.springframework.boot.test.mock.mockito.MockitoTestExecutionListener@65c9e659, org.springframework.boot.test.autoconfigure.SpringBootDependencyInjectionTestExecutionListener@2fbd49e, org.springframework.test.context.support.DirtiesContextTestExecutionListener@587c3504, org.springframework.test.context.transaction.TransactionalTestExecutionListener@1b112f57, org.springframework.test.context.jdbc.SqlScriptsTestExecutionListener@31c0e942, org.springframework.test.context.event.EventPublishingTestExecutionListener@6dc384c0, org.springframework.security.test.context.support.WithSecurityContextTestExecutionListener@54ae5869, org.springframework.security.test.context.support.ReactorContextTestExecutionListener@46d7ae3c, org.springframework.boot.test.mock.mockito.ResetMocksTestExecutionListener@70ebd55d, org.springframework.boot.test.autoconfigure.restdocs.RestDocsTestExecutionListener@1ffaa04, org.springframework.boot.test.autoconfigure.web.client.MockRestServiceServerResetTestExecutionListener@27b4d742, org.springframework.boot.test.autoconfigure.web.servlet.MockMvcPrintOnlyOnFailureTestExecutionListener@5ce93bc6, org.springframework.boot.test.autoconfigure.web.servlet.WebDriverTestExecutionListener@72065c3b, org.springframework.boot.test.autoconfigure.webservices.client.MockWebServiceServerTestExecutionListener@e5577f5]
2022-07-26 09:03:01.990  INFO [authorizationService,,] 16428 --- [main] .b.t.c.SpringBootTestContextBootstrapper : Neither @ContextConfiguration nor @ContextHierarchy found for test class [com.cognizant.util.test.UtilTest], using SpringBootContextLoader
2022-07-26 09:03:01.992  INFO [authorizationService,,] 16428 --- [main] o.s.t.c.support.AbstractContextLoader    : Could not detect default resource locations for test class [com.cognizant.util.test.UtilTest]: no resource found for suffixes {-context.xml, Context.groovy}.
2022-07-26 09:03:01.993  INFO [authorizationService,,] 16428 --- [main] t.c.s.AnnotationConfigContextLoaderUtils : Could not detect default configuration classes for test class [com.cognizant.util.test.UtilTest]: UtilTest does not declare any static, non-private, non-final, nested classes annotated with @Configuration.
2022-07-26 09:03:02.008  INFO [authorizationService,,] 16428 --- [main] .b.t.c.SpringBootTestContextBootstrapper : Found @SpringBootConfiguration com.cognizant.AuthorizationMicroserviceApplication for test class com.cognizant.util.test.UtilTest
2022-07-26 09:03:02.011  INFO [authorizationService,,] 16428 --- [main] .b.t.c.SpringBootTestContextBootstrapper : Loaded default TestExecutionListener class names from location [META-INF/spring.factories]: [org.springframework.boot.test.mock.mockito.MockitoTestExecutionListener, org.springframework.boot.test.mock.mockito.ResetMocksTestExecutionListener, org.springframework.boot.test.autoconfigure.restdocs.RestDocsTestExecutionListener, org.springframework.boot.test.autoconfigure.web.client.MockRestServiceServerResetTestExecutionListener, org.springframework.boot.test.autoconfigure.web.servlet.MockMvcPrintOnlyOnFailureTestExecutionListener, org.springframework.boot.test.autoconfigure.web.servlet.WebDriverTestExecutionListener, org.springframework.boot.test.autoconfigure.webservices.client.MockWebServiceServerTestExecutionListener, org.springframework.test.context.web.ServletTestExecutionListener, org.springframework.test.context.support.DirtiesContextBeforeModesTestExecutionListener, org.springframework.test.context.event.ApplicationEventsTestExecutionListener, org.springframework.test.context.support.DependencyInjectionTestExecutionListener, org.springframework.test.context.support.DirtiesContextTestExecutionListener, org.springframework.test.context.transaction.TransactionalTestExecutionListener, org.springframework.test.context.jdbc.SqlScriptsTestExecutionListener, org.springframework.test.context.event.EventPublishingTestExecutionListener, org.springframework.security.test.context.support.WithSecurityContextTestExecutionListener, org.springframework.security.test.context.support.ReactorContextTestExecutionListener]
2022-07-26 09:03:02.020  INFO [authorizationService,,] 16428 --- [main] .b.t.c.SpringBootTestContextBootstrapper : Using TestExecutionListeners: [org.springframework.test.context.web.ServletTestExecutionListener@7f10cc0d, org.springframework.test.context.support.DirtiesContextBeforeModesTestExecutionListener@256d0b2a, org.springframework.test.context.event.ApplicationEventsTestExecutionListener@7bdf11f9, org.springframework.boot.test.mock.mockito.MockitoTestExecutionListener@5e36d0fc, org.springframework.boot.test.autoconfigure.SpringBootDependencyInjectionTestExecutionListener@273f0f93, org.springframework.test.context.support.DirtiesContextTestExecutionListener@6a466405, org.springframework.test.context.transaction.TransactionalTestExecutionListener@6995e06d, org.springframework.test.context.jdbc.SqlScriptsTestExecutionListener@1cc7c93, org.springframework.test.context.event.EventPublishingTestExecutionListener@5e50a8ae, org.springframework.security.test.context.support.WithSecurityContextTestExecutionListener@76f992d, org.springframework.security.test.context.support.ReactorContextTestExecutionListener@41bf9725, org.springframework.boot.test.mock.mockito.ResetMocksTestExecutionListener@23f54365, org.springframework.boot.test.autoconfigure.restdocs.RestDocsTestExecutionListener@78bb9a6d, org.springframework.boot.test.autoconfigure.web.client.MockRestServiceServerResetTestExecutionListener@3e6d2a6, org.springframework.boot.test.autoconfigure.web.servlet.MockMvcPrintOnlyOnFailureTestExecutionListener@3edd6b40, org.springframework.boot.test.autoconfigure.web.servlet.WebDriverTestExecutionListener@373ae995, org.springframework.boot.test.autoconfigure.webservices.client.MockWebServiceServerTestExecutionListener@137675ed]
2022-07-26 09:03:02.082  INFO [authorizationService,,] 16428 --- [SpringApplicationShutdownHook] j.LocalContainerEntityManagerFactoryBean : Closing JPA EntityManagerFactory for persistence unit 'default'
2022-07-26 09:03:02.083  INFO [authorizationService,,] 16428 --- [SpringApplicationShutdownHook] .SchemaDropperImpl$DelayedDropActionImpl : HHH000477: Starting delayed evictData of schema as part of SessionFactory shut-down'
2022-07-26 09:03:02.684  INFO [authorizationService,,] 16428 --- [SpringApplicationShutdownHook] com.zaxxer.hikari.HikariDataSource       : HikariPool-1 - Shutdown initiated...
2022-07-26 09:03:02.689  INFO [authorizationService,,] 16428 --- [SpringApplicationShutdownHook] com.zaxxer.hikari.HikariDataSource       : HikariPool-1 - Shutdown completed.
2022-07-26 09:03:02.743  INFO [authorizationService,,] 16428 --- [SpringApplicationShutdownHook] j.LocalContainerEntityManagerFactoryBean : Closing JPA EntityManagerFactory for persistence unit 'default'
2022-07-26 09:03:02.744  INFO [authorizationService,,] 16428 --- [SpringApplicationShutdownHook] .SchemaDropperImpl$DelayedDropActionImpl : HHH000477: Starting delayed evictData of schema as part of SessionFactory shut-down'
2022-07-26 09:03:02.765  INFO [authorizationService,,] 16428 --- [SpringApplicationShutdownHook] com.zaxxer.hikari.HikariDataSource       : HikariPool-2 - Shutdown initiated...
2022-07-26 09:03:02.766  INFO [authorizationService,,] 16428 --- [SpringApplicationShutdownHook] com.zaxxer.hikari.HikariDataSource       : HikariPool-2 - Shutdown completed.
2022-07-26 09:03:02.771  INFO [authorizationService,,] 16428 --- [SpringApplicationShutdownHook] j.LocalContainerEntityManagerFactoryBean : Closing JPA EntityManagerFactory for persistence unit 'default'
2022-07-26 09:03:02.772  INFO [authorizationService,,] 16428 --- [SpringApplicationShutdownHook] .SchemaDropperImpl$DelayedDropActionImpl : HHH000477: Starting delayed evictData of schema as part of SessionFactory shut-down'
2022-07-26 09:03:02.777  INFO [authorizationService,,] 16428 --- [SpringApplicationShutdownHook] com.zaxxer.hikari.HikariDataSource       : HikariPool-3 - Shutdown initiated...
2022-07-26 09:03:02.778  INFO [authorizationService,,] 16428 --- [SpringApplicationShutdownHook] com.zaxxer.hikari.HikariDataSource       : HikariPool-3 - Shutdown completed.
