2022-07-25 11:53:00.161  INFO [,,] 8380 --- [restartedMain] c.c.p.PensionManagementPortalApplication : Starting PensionManagementPortalApplication using Java 17.0.2 on DESKTOP-IEDHDED with PID 8380 (C:\PROJECT_FSE\pension-management-portal\target\classes started by USER in C:\PROJECT_FSE\pension-management-portal)
2022-07-25 11:53:00.200  INFO [,,] 8380 --- [restartedMain] c.c.p.PensionManagementPortalApplication : No active profile set, falling back to 1 default profile: "default"
2022-07-25 11:53:00.807  INFO [,,] 8380 --- [restartedMain] .e.DevToolsPropertyDefaultsPostProcessor : Devtools property defaults active! Set 'spring.devtools.add-properties' to 'false' to disable
2022-07-25 11:53:00.814  INFO [,,] 8380 --- [restartedMain] .e.DevToolsPropertyDefaultsPostProcessor : For additional web related logging consider setting the 'logging.level.web' property to 'DEBUG'
2022-07-25 11:53:06.492  INFO [,,] 8380 --- [restartedMain] .s.d.r.c.RepositoryConfigurationDelegate : Bootstrapping Spring Data JPA repositories in DEFAULT mode.
2022-07-25 11:53:06.599  INFO [,,] 8380 --- [restartedMain] .s.d.r.c.RepositoryConfigurationDelegate : Finished Spring Data repository scanning in 56 ms. Found 0 JPA repository interfaces.
2022-07-25 11:53:08.383  INFO [,,] 8380 --- [restartedMain] o.s.cloud.context.scope.GenericScope     : BeanFactory id=f2fd092d-6610-3aae-a657-c95b90b77c21
2022-07-25 11:53:16.517  INFO [,,] 8380 --- [restartedMain] o.s.b.w.embedded.tomcat.TomcatWebServer  : Tomcat initialized with port(s): 9080 (http)
2022-07-25 11:53:16.623  INFO [,,] 8380 --- [restartedMain] o.apache.catalina.core.StandardService   : Starting service [Tomcat]
2022-07-25 11:53:16.624  INFO [,,] 8380 --- [restartedMain] org.apache.catalina.core.StandardEngine  : Starting Servlet engine: [Apache Tomcat/9.0.63]
2022-07-25 11:53:17.929  INFO [,,] 8380 --- [restartedMain] o.a.c.c.C.[Tomcat].[localhost].[/]       : Initializing Spring embedded WebApplicationContext
2022-07-25 11:53:17.931  INFO [,,] 8380 --- [restartedMain] w.s.c.ServletWebServerApplicationContext : Root WebApplicationContext: initialization completed in 17115 ms
2022-07-25 11:53:18.184  INFO [,,] 8380 --- [restartedMain] com.zaxxer.hikari.HikariDataSource       : HikariPool-1 - Starting...
2022-07-25 11:53:19.250  INFO [,,] 8380 --- [restartedMain] com.zaxxer.hikari.HikariDataSource       : HikariPool-1 - Start completed.
2022-07-25 11:53:19.294  INFO [,,] 8380 --- [restartedMain] o.s.b.a.h2.H2ConsoleAutoConfiguration    : H2 console available at '/h2-console'. Database available at 'jdbc:h2:mem:b93065bc-8a85-4c2d-80a3-b01e64482fee'
2022-07-25 11:53:21.791  INFO [,,] 8380 --- [restartedMain] o.hibernate.jpa.internal.util.LogHelper  : HHH000204: Processing PersistenceUnitInfo [name: default]
2022-07-25 11:53:22.473  INFO [,,] 8380 --- [restartedMain] org.hibernate.Version                    : HHH000412: Hibernate ORM core version 5.6.9.Final
2022-07-25 11:53:23.510  INFO [,,] 8380 --- [restartedMain] o.hibernate.annotations.common.Version   : HCANN000001: Hibernate Commons Annotations {5.1.2.Final}
2022-07-25 11:53:24.273  INFO [,,] 8380 --- [restartedMain] org.hibernate.dialect.Dialect            : HHH000400: Using dialect: org.hibernate.dialect.H2Dialect
2022-07-25 11:53:25.083  INFO [,,] 8380 --- [restartedMain] o.h.e.t.j.p.i.JtaPlatformInitiator       : HHH000490: Using JtaPlatform implementation: [org.hibernate.engine.transaction.jta.platform.internal.NoJtaPlatform]
2022-07-25 11:53:25.120  INFO [,,] 8380 --- [restartedMain] j.LocalContainerEntityManagerFactoryBean : Initialized JPA EntityManagerFactory for persistence unit 'default'
2022-07-25 11:53:25.879  WARN [,,] 8380 --- [restartedMain] JpaBaseConfiguration$JpaWebConfiguration : spring.jpa.open-in-view is enabled by default. Therefore, database queries may be performed during view rendering. Explicitly configure spring.jpa.open-in-view to disable this warning
2022-07-25 11:53:26.395  WARN [,,] 8380 --- [restartedMain] o.s.b.d.a.OptionalLiveReloadServer       : Unable to start LiveReload server
2022-07-25 11:53:32.337  INFO [,,] 8380 --- [restartedMain] o.s.b.w.embedded.tomcat.TomcatWebServer  : Tomcat started on port(s): 9080 (http) with context path ''
2022-07-25 11:53:33.250  INFO [,,] 8380 --- [restartedMain] d.s.w.p.DocumentationPluginsBootstrapper : Context refreshed
2022-07-25 11:53:33.308  INFO [,,] 8380 --- [restartedMain] d.s.w.p.DocumentationPluginsBootstrapper : Found 1 custom documentation plugin(s)
2022-07-25 11:53:33.343  INFO [,,] 8380 --- [restartedMain] s.d.s.w.s.ApiListingReferenceScanner     : Scanning for api listing references
2022-07-25 11:53:34.026  INFO [,,] 8380 --- [restartedMain] c.c.p.PensionManagementPortalApplication : Started PensionManagementPortalApplication in 37.541 seconds (JVM running for 41.51)
2022-07-25 11:54:27.074  INFO [,0150f7ee4f38e43f,0150f7ee4f38e43f] 8380 --- [http-nio-9080-exec-4] o.a.c.c.C.[Tomcat].[localhost].[/]       : Initializing Spring DispatcherServlet 'dispatcherServlet'
2022-07-25 11:54:27.075  INFO [,0150f7ee4f38e43f,0150f7ee4f38e43f] 8380 --- [http-nio-9080-exec-4] o.s.web.servlet.DispatcherServlet        : Initializing Servlet 'dispatcherServlet'
2022-07-25 11:54:27.079  INFO [,0150f7ee4f38e43f,0150f7ee4f38e43f] 8380 --- [http-nio-9080-exec-4] o.s.web.servlet.DispatcherServlet        : Completed initialization in 3 ms
2022-07-25 11:54:27.482  INFO [,0150f7ee4f38e43f,0150f7ee4f38e43f] 8380 --- [http-nio-9080-exec-4] c.c.p.controller.PensionController       : STARTED - doLogin
2022-07-25 11:54:28.791  INFO [,0150f7ee4f38e43f,0150f7ee4f38e43f] 8380 --- [http-nio-9080-exec-4] c.c.p.controller.PensionController       : END - doLogin
2022-07-25 11:54:46.302  INFO [,6fd03bed68d4614a,6fd03bed68d4614a] 8380 --- [http-nio-9080-exec-7] c.c.p.controller.PensionController       : STARTED - getPensionDetail
2022-07-25 11:54:46.451  INFO [,6fd03bed68d4614a,6fd03bed68d4614a] 8380 --- [http-nio-9080-exec-7] c.c.p.controller.PensionController       : END - getPensionDetail
2022-07-25 11:55:01.535  INFO [,d849220bdb99378b,d849220bdb99378b] 8380 --- [http-nio-9080-exec-8] c.c.p.controller.PensionController       : validatePensioner has  started
2022-07-25 11:55:20.988  INFO [,54c88f0e36fda801,54c88f0e36fda801] 8380 --- [http-nio-9080-exec-9] c.c.p.controller.PensionController       : STARTED - allDetail
2022-07-25 11:55:21.355  INFO [,54c88f0e36fda801,54c88f0e36fda801] 8380 --- [http-nio-9080-exec-9] c.c.p.controller.PensionController       : END - allDetail
