2022-07-25 09:08:55.915  INFO [PensionerDetailService,,] 3228 --- [restartedMain] p.PensionerDetailMicroserviceApplication : Starting PensionerDetailMicroserviceApplication using Java 17.0.2 on DESKTOP-IEDHDED with PID 3228 (C:\PROJECT_FSE\pensioner-detail-microservice\target\classes started by USER in C:\PROJECT_FSE\pensioner-detail-microservice)
2022-07-25 09:08:55.929  INFO [PensionerDetailService,,] 3228 --- [restartedMain] p.PensionerDetailMicroserviceApplication : No active profile set, falling back to 1 default profile: "default"
2022-07-25 09:08:56.077  INFO [PensionerDetailService,,] 3228 --- [restartedMain] .e.DevToolsPropertyDefaultsPostProcessor : Devtools property defaults active! Set 'spring.devtools.add-properties' to 'false' to disable
2022-07-25 09:08:56.077  INFO [PensionerDetailService,,] 3228 --- [restartedMain] .e.DevToolsPropertyDefaultsPostProcessor : For additional web related logging consider setting the 'logging.level.web' property to 'DEBUG'
2022-07-25 09:08:57.961  INFO [PensionerDetailService,,] 3228 --- [restartedMain] .s.d.r.c.RepositoryConfigurationDelegate : Bootstrapping Spring Data JPA repositories in DEFAULT mode.
2022-07-25 09:08:58.054  INFO [PensionerDetailService,,] 3228 --- [restartedMain] .s.d.r.c.RepositoryConfigurationDelegate : Finished Spring Data repository scanning in 79 ms. Found 1 JPA repository interfaces.
2022-07-25 09:08:58.729  INFO [PensionerDetailService,,] 3228 --- [restartedMain] o.s.cloud.context.scope.GenericScope     : BeanFactory id=5982e203-0e7d-30bb-b25f-50d7287fe144
2022-07-25 09:09:00.578  INFO [PensionerDetailService,,] 3228 --- [restartedMain] o.s.b.w.embedded.tomcat.TomcatWebServer  : Tomcat initialized with port(s): 9100 (http)
2022-07-25 09:09:00.600  INFO [PensionerDetailService,,] 3228 --- [restartedMain] o.apache.catalina.core.StandardService   : Starting service [Tomcat]
2022-07-25 09:09:00.600  INFO [PensionerDetailService,,] 3228 --- [restartedMain] org.apache.catalina.core.StandardEngine  : Starting Servlet engine: [Apache Tomcat/9.0.63]
2022-07-25 09:09:00.855  INFO [PensionerDetailService,,] 3228 --- [restartedMain] o.a.c.c.C.[Tomcat].[localhost].[/]       : Initializing Spring embedded WebApplicationContext
2022-07-25 09:09:00.856  INFO [PensionerDetailService,,] 3228 --- [restartedMain] w.s.c.ServletWebServerApplicationContext : Root WebApplicationContext: initialization completed in 4777 ms
2022-07-25 09:09:00.969  INFO [PensionerDetailService,,] 3228 --- [restartedMain] com.zaxxer.hikari.HikariDataSource       : HikariPool-1 - Starting...
2022-07-25 09:09:01.418  INFO [PensionerDetailService,,] 3228 --- [restartedMain] com.zaxxer.hikari.HikariDataSource       : HikariPool-1 - Start completed.
2022-07-25 09:09:01.438  INFO [PensionerDetailService,,] 3228 --- [restartedMain] o.s.b.a.h2.H2ConsoleAutoConfiguration    : H2 console available at '/h2-console'. Database available at 'jdbc:h2:mem:testDB'
2022-07-25 09:09:02.413  INFO [PensionerDetailService,,] 3228 --- [restartedMain] o.hibernate.jpa.internal.util.LogHelper  : HHH000204: Processing PersistenceUnitInfo [name: default]
2022-07-25 09:09:02.511  INFO [PensionerDetailService,,] 3228 --- [restartedMain] org.hibernate.Version                    : HHH000412: Hibernate ORM core version 5.6.9.Final
2022-07-25 09:09:02.884  INFO [PensionerDetailService,,] 3228 --- [restartedMain] o.hibernate.annotations.common.Version   : HCANN000001: Hibernate Commons Annotations {5.1.2.Final}
2022-07-25 09:09:03.121  INFO [PensionerDetailService,,] 3228 --- [restartedMain] org.hibernate.dialect.Dialect            : HHH000400: Using dialect: org.hibernate.dialect.H2Dialect
2022-07-25 09:09:04.229  INFO [PensionerDetailService,,] 3228 --- [restartedMain] o.h.e.t.j.p.i.JtaPlatformInitiator       : HHH000490: Using JtaPlatform implementation: [org.hibernate.engine.transaction.jta.platform.internal.NoJtaPlatform]
2022-07-25 09:09:04.242  INFO [PensionerDetailService,,] 3228 --- [restartedMain] j.LocalContainerEntityManagerFactoryBean : Initialized JPA EntityManagerFactory for persistence unit 'default'
2022-07-25 09:09:04.495  WARN [PensionerDetailService,,] 3228 --- [restartedMain] JpaBaseConfiguration$JpaWebConfiguration : spring.jpa.open-in-view is enabled by default. Therefore, database queries may be performed during view rendering. Explicitly configure spring.jpa.open-in-view to disable this warning
2022-07-25 09:09:04.615  INFO [PensionerDetailService,,] 3228 --- [restartedMain] o.s.b.d.a.OptionalLiveReloadServer       : LiveReload server is running on port 35729
2022-07-25 09:09:05.296  INFO [PensionerDetailService,,] 3228 --- [restartedMain] c.c.p.s.PensionerDetailServiceImpl       : STARTED - savePensionerData
2022-07-25 09:09:05.483  INFO [PensionerDetailService,,] 3228 --- [restartedMain] c.c.p.s.PensionerDetailServiceImpl       : END - savePensionerData
2022-07-25 09:09:07.660  INFO [PensionerDetailService,,] 3228 --- [restartedMain] o.s.b.w.embedded.tomcat.TomcatWebServer  : Tomcat started on port(s): 9100 (http) with context path ''
2022-07-25 09:09:07.963  INFO [PensionerDetailService,,] 3228 --- [restartedMain] d.s.w.p.DocumentationPluginsBootstrapper : Context refreshed
2022-07-25 09:09:07.988  INFO [PensionerDetailService,,] 3228 --- [restartedMain] d.s.w.p.DocumentationPluginsBootstrapper : Found 1 custom documentation plugin(s)
2022-07-25 09:09:08.006  INFO [PensionerDetailService,,] 3228 --- [restartedMain] s.d.s.w.s.ApiListingReferenceScanner     : Scanning for api listing references
2022-07-25 09:09:08.225  INFO [PensionerDetailService,,] 3228 --- [restartedMain] p.PensionerDetailMicroserviceApplication : Started PensionerDetailMicroserviceApplication in 13.532 seconds (JVM running for 17.551)
2022-07-25 09:09:40.352  INFO [PensionerDetailService,abbc269645f02265,eb37bb8f21972659] 3228 --- [http-nio-9100-exec-1] o.a.c.c.C.[Tomcat].[localhost].[/]       : Initializing Spring DispatcherServlet 'dispatcherServlet'
2022-07-25 09:09:40.352  INFO [PensionerDetailService,abbc269645f02265,eb37bb8f21972659] 3228 --- [http-nio-9100-exec-1] o.s.web.servlet.DispatcherServlet        : Initializing Servlet 'dispatcherServlet'
2022-07-25 09:09:40.355  INFO [PensionerDetailService,abbc269645f02265,eb37bb8f21972659] 3228 --- [http-nio-9100-exec-1] o.s.web.servlet.DispatcherServlet        : Completed initialization in 2 ms
2022-07-25 09:09:40.397  INFO [PensionerDetailService,abbc269645f02265,eb37bb8f21972659] 3228 --- [http-nio-9100-exec-1] c.c.p.c.PensionerDetailController        : allDetails has started
2022-07-25 09:09:40.397  INFO [PensionerDetailService,abbc269645f02265,eb37bb8f21972659] 3228 --- [http-nio-9100-exec-1] c.c.p.c.PensionerDetailController        : allDetails has ended
2022-07-25 09:09:41.018 ERROR [PensionerDetailService,0422b5d7fc2d1804,a3957f466187460a] 3228 --- [http-nio-9100-exec-2] c.c.p.c.PensionerDetailController        : ERROR! token is invalid
2022-07-25 09:09:41.025  WARN [PensionerDetailService,0422b5d7fc2d1804,a3957f466187460a] 3228 --- [http-nio-9100-exec-2] .w.s.m.a.ResponseStatusExceptionResolver : Resolved [com.cognizant.pensionerdetailmicroservice.exception.ResourceNotFoundException: token is not valid]
2022-07-25 09:10:31.330  INFO [PensionerDetailService,e845b05fc1859204,3f924b30c19951c5] 3228 --- [http-nio-9100-exec-4] c.c.p.c.PensionerDetailController        : allDetails has started
2022-07-25 09:10:31.331  INFO [PensionerDetailService,e845b05fc1859204,3f924b30c19951c5] 3228 --- [http-nio-9100-exec-4] c.c.p.c.PensionerDetailController        : allDetails has ended
2022-07-25 09:10:31.610 ERROR [PensionerDetailService,08c6e237896111a3,642fc5c0e09cfd56] 3228 --- [http-nio-9100-exec-5] c.c.p.c.PensionerDetailController        : ERROR! token is invalid
2022-07-25 09:10:31.611  WARN [PensionerDetailService,08c6e237896111a3,642fc5c0e09cfd56] 3228 --- [http-nio-9100-exec-5] .w.s.m.a.ResponseStatusExceptionResolver : Resolved [com.cognizant.pensionerdetailmicroservice.exception.ResourceNotFoundException: token is not valid]
2022-07-25 09:12:37.982  INFO [PensionerDetailService,e868e97b9699b66b,b4870ca4a4a2a691] 3228 --- [http-nio-9100-exec-7] c.c.p.c.PensionerDetailController        : allDetails has started
2022-07-25 09:12:37.983  INFO [PensionerDetailService,e868e97b9699b66b,b4870ca4a4a2a691] 3228 --- [http-nio-9100-exec-7] c.c.p.c.PensionerDetailController        : allDetails has ended
2022-07-25 09:12:38.223 ERROR [PensionerDetailService,311231e0db3bd062,3a925eb5a3797471] 3228 --- [http-nio-9100-exec-8] c.c.p.c.PensionerDetailController        : ERROR! token is invalid
2022-07-25 09:12:38.224  WARN [PensionerDetailService,311231e0db3bd062,3a925eb5a3797471] 3228 --- [http-nio-9100-exec-8] .w.s.m.a.ResponseStatusExceptionResolver : Resolved [com.cognizant.pensionerdetailmicroservice.exception.ResourceNotFoundException: token is not valid]
2022-07-25 09:21:41.541  INFO [PensionerDetailService,e8eb75c15cf5406d,2a06ba6012460f3f] 3228 --- [http-nio-9100-exec-10] c.c.p.c.PensionerDetailController        : allDetails has started
2022-07-25 09:21:41.542  INFO [PensionerDetailService,e8eb75c15cf5406d,2a06ba6012460f3f] 3228 --- [http-nio-9100-exec-10] c.c.p.c.PensionerDetailController        : allDetails has ended
2022-07-25 09:21:42.396  INFO [PensionerDetailService,4231a0fc44563bd1,ce7c39beee989285] 3228 --- [http-nio-9100-exec-1] c.c.p.c.PensionerDetailController        : getPensionerDetail has ended
2022-07-25 09:27:13.442  INFO [PensionerDetailService,314112cf83817996,704af0b6f47553f0] 3228 --- [http-nio-9100-exec-3] c.c.p.c.PensionerDetailController        : allDetails has started
2022-07-25 09:27:13.442  INFO [PensionerDetailService,314112cf83817996,704af0b6f47553f0] 3228 --- [http-nio-9100-exec-3] c.c.p.c.PensionerDetailController        : allDetails has ended
2022-07-25 09:27:13.618  INFO [PensionerDetailService,5347f7b3e6b51bc7,f7807c2b8d88453e] 3228 --- [http-nio-9100-exec-4] c.c.p.c.PensionerDetailController        : getPensionerDetail has ended
2022-07-25 09:27:14.183  INFO [PensionerDetailService,bc7982795b3b73b7,0a7c1acf59fba397] 3228 --- [http-nio-9100-exec-5] c.c.p.c.PensionerDetailController        : getPensionerDetail has ended
2022-07-25 09:28:21.162  WARN [PensionerDetailService,e95c1dfc4e75477c,d0adb6f64931521c] 3228 --- [http-nio-9100-exec-7] .w.s.m.a.ResponseStatusExceptionResolver : Resolved [com.cognizant.pensionerdetailmicroservice.exception.ResourceNotFoundException: employee with aadhaar number not found]
2022-07-25 09:28:21.314  INFO [PensionerDetailService,203c8bafc5ab0020,36e3ea38e4bed3a1] 3228 --- [http-nio-9100-exec-8] c.c.p.c.PensionerDetailController        : allDetails has started
2022-07-25 09:28:21.314  INFO [PensionerDetailService,203c8bafc5ab0020,36e3ea38e4bed3a1] 3228 --- [http-nio-9100-exec-8] c.c.p.c.PensionerDetailController        : allDetails has ended
2022-07-25 09:28:21.431  INFO [PensionerDetailService,20514287204a6746,8ba655e0cc1d1489] 3228 --- [http-nio-9100-exec-9] c.c.p.c.PensionerDetailController        : getPensionerDetail has ended
2022-07-25 09:28:21.668  INFO [PensionerDetailService,0c3b46b6125c8480,bc47422281673f43] 3228 --- [http-nio-9100-exec-10] c.c.p.c.PensionerDetailController        : getPensionerDetail has ended
2022-07-25 09:29:37.827  INFO [PensionerDetailService,e9451938f79a4935,99cae0f3a540f271] 3228 --- [http-nio-9100-exec-3] c.c.p.c.PensionerDetailController        : allDetails has started
2022-07-25 09:29:37.828  INFO [PensionerDetailService,e9451938f79a4935,99cae0f3a540f271] 3228 --- [http-nio-9100-exec-3] c.c.p.c.PensionerDetailController        : allDetails has ended
2022-07-25 09:29:38.046  INFO [PensionerDetailService,73af7f6aabcfa8b2,e9b0fdccbcc7ea72] 3228 --- [http-nio-9100-exec-4] c.c.p.c.PensionerDetailController        : getPensionerDetail has ended
2022-07-25 09:29:38.296  INFO [PensionerDetailService,444177f94e49ae8d,f53411d207edf1da] 3228 --- [http-nio-9100-exec-5] c.c.p.c.PensionerDetailController        : getPensionerDetail has ended
2022-07-25 09:33:17.938  INFO [PensionerDetailService,0639399e7f63a005,b49f59f467f271f4] 3228 --- [http-nio-9100-exec-8] c.c.p.c.PensionerDetailController        : allDetails has started
2022-07-25 09:33:17.939  INFO [PensionerDetailService,0639399e7f63a005,b49f59f467f271f4] 3228 --- [http-nio-9100-exec-8] c.c.p.c.PensionerDetailController        : allDetails has ended
2022-07-25 09:33:18.168  INFO [PensionerDetailService,8c5698941abeac30,bbeb2688477cdd4a] 3228 --- [http-nio-9100-exec-9] c.c.p.c.PensionerDetailController        : getPensionerDetail has ended
2022-07-25 09:33:18.424  INFO [PensionerDetailService,a82f7317bf27b674,6d921cb013aa38ab] 3228 --- [http-nio-9100-exec-10] c.c.p.c.PensionerDetailController        : getPensionerDetail has ended
2022-07-25 09:43:55.551  INFO [PensionerDetailService,,] 18880 --- [restartedMain] p.PensionerDetailMicroserviceApplication : Starting PensionerDetailMicroserviceApplication using Java 17.0.2 on DESKTOP-IEDHDED with PID 18880 (C:\PROJECT_FSE\pensioner-detail-microservice\target\classes started by USER in C:\PROJECT_FSE\pensioner-detail-microservice)
2022-07-25 09:43:55.554  INFO [PensionerDetailService,,] 18880 --- [restartedMain] p.PensionerDetailMicroserviceApplication : No active profile set, falling back to 1 default profile: "default"
2022-07-25 09:43:55.646  INFO [PensionerDetailService,,] 18880 --- [restartedMain] .e.DevToolsPropertyDefaultsPostProcessor : Devtools property defaults active! Set 'spring.devtools.add-properties' to 'false' to disable
2022-07-25 09:43:55.646  INFO [PensionerDetailService,,] 18880 --- [restartedMain] .e.DevToolsPropertyDefaultsPostProcessor : For additional web related logging consider setting the 'logging.level.web' property to 'DEBUG'
2022-07-25 09:43:57.058  INFO [PensionerDetailService,,] 18880 --- [restartedMain] .s.d.r.c.RepositoryConfigurationDelegate : Bootstrapping Spring Data JPA repositories in DEFAULT mode.
2022-07-25 09:43:57.164  INFO [PensionerDetailService,,] 18880 --- [restartedMain] .s.d.r.c.RepositoryConfigurationDelegate : Finished Spring Data repository scanning in 89 ms. Found 1 JPA repository interfaces.
2022-07-25 09:43:57.628  INFO [PensionerDetailService,,] 18880 --- [restartedMain] o.s.cloud.context.scope.GenericScope     : BeanFactory id=5982e203-0e7d-30bb-b25f-50d7287fe144
2022-07-25 09:43:58.971  INFO [PensionerDetailService,,] 18880 --- [restartedMain] o.s.b.w.embedded.tomcat.TomcatWebServer  : Tomcat initialized with port(s): 9100 (http)
2022-07-25 09:43:58.988  INFO [PensionerDetailService,,] 18880 --- [restartedMain] o.apache.catalina.core.StandardService   : Starting service [Tomcat]
2022-07-25 09:43:58.988  INFO [PensionerDetailService,,] 18880 --- [restartedMain] org.apache.catalina.core.StandardEngine  : Starting Servlet engine: [Apache Tomcat/9.0.63]
2022-07-25 09:43:59.122  INFO [PensionerDetailService,,] 18880 --- [restartedMain] o.a.c.c.C.[Tomcat].[localhost].[/]       : Initializing Spring embedded WebApplicationContext
2022-07-25 09:43:59.122  INFO [PensionerDetailService,,] 18880 --- [restartedMain] w.s.c.ServletWebServerApplicationContext : Root WebApplicationContext: initialization completed in 3474 ms
2022-07-25 09:43:59.199  INFO [PensionerDetailService,,] 18880 --- [restartedMain] com.zaxxer.hikari.HikariDataSource       : HikariPool-1 - Starting...
2022-07-25 09:43:59.529  INFO [PensionerDetailService,,] 18880 --- [restartedMain] com.zaxxer.hikari.HikariDataSource       : HikariPool-1 - Start completed.
2022-07-25 09:43:59.546  INFO [PensionerDetailService,,] 18880 --- [restartedMain] o.s.b.a.h2.H2ConsoleAutoConfiguration    : H2 console available at '/h2-console'. Database available at 'jdbc:h2:mem:testDB'
2022-07-25 09:44:00.218  INFO [PensionerDetailService,,] 18880 --- [restartedMain] o.hibernate.jpa.internal.util.LogHelper  : HHH000204: Processing PersistenceUnitInfo [name: default]
2022-07-25 09:44:00.297  INFO [PensionerDetailService,,] 18880 --- [restartedMain] org.hibernate.Version                    : HHH000412: Hibernate ORM core version 5.6.9.Final
2022-07-25 09:44:00.574  INFO [PensionerDetailService,,] 18880 --- [restartedMain] o.hibernate.annotations.common.Version   : HCANN000001: Hibernate Commons Annotations {5.1.2.Final}
2022-07-25 09:44:00.759  INFO [PensionerDetailService,,] 18880 --- [restartedMain] org.hibernate.dialect.Dialect            : HHH000400: Using dialect: org.hibernate.dialect.H2Dialect
2022-07-25 09:44:01.552  INFO [PensionerDetailService,,] 18880 --- [restartedMain] o.h.e.t.j.p.i.JtaPlatformInitiator       : HHH000490: Using JtaPlatform implementation: [org.hibernate.engine.transaction.jta.platform.internal.NoJtaPlatform]
2022-07-25 09:44:01.567  INFO [PensionerDetailService,,] 18880 --- [restartedMain] j.LocalContainerEntityManagerFactoryBean : Initialized JPA EntityManagerFactory for persistence unit 'default'
2022-07-25 09:44:01.759  WARN [PensionerDetailService,,] 18880 --- [restartedMain] JpaBaseConfiguration$JpaWebConfiguration : spring.jpa.open-in-view is enabled by default. Therefore, database queries may be performed during view rendering. Explicitly configure spring.jpa.open-in-view to disable this warning
2022-07-25 09:44:01.893  INFO [PensionerDetailService,,] 18880 --- [restartedMain] o.s.b.d.a.OptionalLiveReloadServer       : LiveReload server is running on port 35729
2022-07-25 09:44:02.456  INFO [PensionerDetailService,,] 18880 --- [restartedMain] c.c.p.s.PensionerDetailServiceImpl       : STARTED - savePensionerData
2022-07-25 09:44:02.612  INFO [PensionerDetailService,,] 18880 --- [restartedMain] c.c.p.s.PensionerDetailServiceImpl       : END - savePensionerData
2022-07-25 09:44:04.219  INFO [PensionerDetailService,,] 18880 --- [restartedMain] o.s.b.w.embedded.tomcat.TomcatWebServer  : Tomcat started on port(s): 9100 (http) with context path ''
2022-07-25 09:44:04.429  INFO [PensionerDetailService,,] 18880 --- [restartedMain] d.s.w.p.DocumentationPluginsBootstrapper : Context refreshed
2022-07-25 09:44:04.446  INFO [PensionerDetailService,,] 18880 --- [restartedMain] d.s.w.p.DocumentationPluginsBootstrapper : Found 1 custom documentation plugin(s)
2022-07-25 09:44:04.456  INFO [PensionerDetailService,,] 18880 --- [restartedMain] s.d.s.w.s.ApiListingReferenceScanner     : Scanning for api listing references
2022-07-25 09:44:04.651  INFO [PensionerDetailService,,] 18880 --- [restartedMain] p.PensionerDetailMicroserviceApplication : Started PensionerDetailMicroserviceApplication in 9.999 seconds (JVM running for 10.952)
2022-07-25 09:46:56.728  INFO [PensionerDetailService,796d604dcc44020f,1351107b558cd274] 18880 --- [http-nio-9100-exec-1] o.a.c.c.C.[Tomcat].[localhost].[/]       : Initializing Spring DispatcherServlet 'dispatcherServlet'
2022-07-25 09:46:56.729  INFO [PensionerDetailService,796d604dcc44020f,1351107b558cd274] 18880 --- [http-nio-9100-exec-1] o.s.web.servlet.DispatcherServlet        : Initializing Servlet 'dispatcherServlet'
2022-07-25 09:46:56.731  INFO [PensionerDetailService,796d604dcc44020f,1351107b558cd274] 18880 --- [http-nio-9100-exec-1] o.s.web.servlet.DispatcherServlet        : Completed initialization in 1 ms
2022-07-25 09:46:56.881  INFO [PensionerDetailService,796d604dcc44020f,1351107b558cd274] 18880 --- [http-nio-9100-exec-1] c.c.p.c.PensionerDetailController        : getPensionerDetail has ended
2022-07-25 09:47:51.776  INFO [PensionerDetailService,5a9d42d315788d17,67f0e2df43c500ec] 18880 --- [http-nio-9100-exec-2] c.c.p.c.PensionerDetailController        : getPensionerDetail has ended
2022-07-25 09:53:48.034  INFO [PensionerDetailService,6f59df7d14f4cb14,7bd0dda5caa8f5a6] 18880 --- [http-nio-9100-exec-4] c.c.p.c.PensionerDetailController        : getPensionerDetail has ended
2022-07-25 09:53:48.229  WARN [PensionerDetailService,cdb7ed10579974e9,3ffb0532e9f3f746] 18880 --- [http-nio-9100-exec-5] .w.s.m.a.ResponseStatusExceptionResolver : Resolved [com.cognizant.pensionerdetailmicroservice.exception.ResourceNotFoundException: employee with aadhaar number not found]
2022-07-25 09:55:40.699  INFO [PensionerDetailService,71e0db69fdf0185b,cb2b552bb8d9bf61] 18880 --- [http-nio-9100-exec-7] c.c.p.c.PensionerDetailController        : getPensionerDetail has ended
2022-07-25 09:56:56.614  INFO [PensionerDetailService,,] 18880 --- [Thread-6] j.LocalContainerEntityManagerFactoryBean : Closing JPA EntityManagerFactory for persistence unit 'default'
2022-07-25 09:56:56.858  WARN [PensionerDetailService,,] 18880 --- [Thread-6] o.s.b.f.support.DisposableBeanAdapter    : Invocation of destroy method failed on bean with name 'inMemoryDatabaseShutdownExecutor': org.h2.jdbc.JdbcSQLNonTransientConnectionException: Database is already closed (to disable automatic closing at VM shutdown, add ";DB_CLOSE_ON_EXIT=FALSE" to the db URL) [90121-212]
2022-07-25 09:56:56.860  INFO [PensionerDetailService,,] 18880 --- [Thread-6] com.zaxxer.hikari.HikariDataSource       : HikariPool-1 - Shutdown initiated...
2022-07-25 09:56:56.868  INFO [PensionerDetailService,,] 18880 --- [Thread-6] com.zaxxer.hikari.HikariDataSource       : HikariPool-1 - Shutdown completed.
2022-07-25 09:56:57.509  INFO [PensionerDetailService,,] 18880 --- [restartedMain] p.PensionerDetailMicroserviceApplication : Starting PensionerDetailMicroserviceApplication using Java 17.0.2 on DESKTOP-IEDHDED with PID 18880 (C:\PROJECT_FSE\pensioner-detail-microservice\target\classes started by USER in C:\PROJECT_FSE\pensioner-detail-microservice)
2022-07-25 09:56:57.509  INFO [PensionerDetailService,,] 18880 --- [restartedMain] p.PensionerDetailMicroserviceApplication : No active profile set, falling back to 1 default profile: "default"
2022-07-25 09:56:58.202  INFO [PensionerDetailService,,] 18880 --- [restartedMain] .s.d.r.c.RepositoryConfigurationDelegate : Bootstrapping Spring Data JPA repositories in DEFAULT mode.
2022-07-25 09:56:58.219  INFO [PensionerDetailService,,] 18880 --- [restartedMain] .s.d.r.c.RepositoryConfigurationDelegate : Finished Spring Data repository scanning in 15 ms. Found 1 JPA repository interfaces.
2022-07-25 09:56:58.439  INFO [PensionerDetailService,,] 18880 --- [restartedMain] o.s.cloud.context.scope.GenericScope     : BeanFactory id=5982e203-0e7d-30bb-b25f-50d7287fe144
2022-07-25 09:56:58.819  INFO [PensionerDetailService,,] 18880 --- [restartedMain] o.s.b.w.embedded.tomcat.TomcatWebServer  : Tomcat initialized with port(s): 9100 (http)
2022-07-25 09:56:58.821  INFO [PensionerDetailService,,] 18880 --- [restartedMain] o.apache.catalina.core.StandardService   : Starting service [Tomcat]
2022-07-25 09:56:58.822  INFO [PensionerDetailService,,] 18880 --- [restartedMain] org.apache.catalina.core.StandardEngine  : Starting Servlet engine: [Apache Tomcat/9.0.63]
2022-07-25 09:56:58.909  INFO [PensionerDetailService,,] 18880 --- [restartedMain] o.a.c.c.C.[Tomcat].[localhost].[/]       : Initializing Spring embedded WebApplicationContext
2022-07-25 09:56:58.909  INFO [PensionerDetailService,,] 18880 --- [restartedMain] w.s.c.ServletWebServerApplicationContext : Root WebApplicationContext: initialization completed in 1390 ms
2022-07-25 09:56:58.952  INFO [PensionerDetailService,,] 18880 --- [restartedMain] com.zaxxer.hikari.HikariDataSource       : HikariPool-2 - Starting...
2022-07-25 09:56:58.959  INFO [PensionerDetailService,,] 18880 --- [restartedMain] com.zaxxer.hikari.HikariDataSource       : HikariPool-2 - Start completed.
2022-07-25 09:56:58.960  INFO [PensionerDetailService,,] 18880 --- [restartedMain] o.s.b.a.h2.H2ConsoleAutoConfiguration    : H2 console available at '/h2-console'. Database available at 'jdbc:h2:mem:testDB'
2022-07-25 09:56:59.299  INFO [PensionerDetailService,,] 18880 --- [restartedMain] o.hibernate.jpa.internal.util.LogHelper  : HHH000204: Processing PersistenceUnitInfo [name: default]
2022-07-25 09:56:59.309  INFO [PensionerDetailService,,] 18880 --- [restartedMain] org.hibernate.dialect.Dialect            : HHH000400: Using dialect: org.hibernate.dialect.H2Dialect
2022-07-25 09:56:59.372  INFO [PensionerDetailService,,] 18880 --- [restartedMain] o.h.e.t.j.p.i.JtaPlatformInitiator       : HHH000490: Using JtaPlatform implementation: [org.hibernate.engine.transaction.jta.platform.internal.NoJtaPlatform]
2022-07-25 09:56:59.373  INFO [PensionerDetailService,,] 18880 --- [restartedMain] j.LocalContainerEntityManagerFactoryBean : Initialized JPA EntityManagerFactory for persistence unit 'default'
2022-07-25 09:56:59.490  WARN [PensionerDetailService,,] 18880 --- [restartedMain] JpaBaseConfiguration$JpaWebConfiguration : spring.jpa.open-in-view is enabled by default. Therefore, database queries may be performed during view rendering. Explicitly configure spring.jpa.open-in-view to disable this warning
2022-07-25 09:56:59.580  INFO [PensionerDetailService,,] 18880 --- [restartedMain] o.s.b.d.a.OptionalLiveReloadServer       : LiveReload server is running on port 35729
2022-07-25 09:56:59.803  INFO [PensionerDetailService,,] 18880 --- [restartedMain] c.c.p.s.PensionerDetailServiceImpl       : STARTED - savePensionerData
2022-07-25 09:56:59.853  INFO [PensionerDetailService,,] 18880 --- [restartedMain] c.c.p.s.PensionerDetailServiceImpl       : END - savePensionerData
2022-07-25 09:57:01.169  INFO [PensionerDetailService,,] 18880 --- [restartedMain] o.s.b.w.embedded.tomcat.TomcatWebServer  : Tomcat started on port(s): 9100 (http) with context path ''
2022-07-25 09:57:01.464  INFO [PensionerDetailService,,] 18880 --- [restartedMain] d.s.w.p.DocumentationPluginsBootstrapper : Context refreshed
2022-07-25 09:57:01.465  INFO [PensionerDetailService,,] 18880 --- [restartedMain] d.s.w.p.DocumentationPluginsBootstrapper : Found 1 custom documentation plugin(s)
2022-07-25 09:57:01.469  INFO [PensionerDetailService,,] 18880 --- [restartedMain] s.d.s.w.s.ApiListingReferenceScanner     : Scanning for api listing references
2022-07-25 09:57:01.514  INFO [PensionerDetailService,,] 18880 --- [restartedMain] p.PensionerDetailMicroserviceApplication : Started PensionerDetailMicroserviceApplication in 4.445 seconds (JVM running for 787.813)
2022-07-25 09:57:01.521  INFO [PensionerDetailService,,] 18880 --- [restartedMain] .ConditionEvaluationDeltaLoggingListener : Condition evaluation unchanged
2022-07-25 09:57:11.409  INFO [PensionerDetailService,,] 18880 --- [Thread-10] j.LocalContainerEntityManagerFactoryBean : Closing JPA EntityManagerFactory for persistence unit 'default'
2022-07-25 09:57:11.615  WARN [PensionerDetailService,,] 18880 --- [Thread-10] o.s.b.f.support.DisposableBeanAdapter    : Invocation of destroy method failed on bean with name 'inMemoryDatabaseShutdownExecutor': org.h2.jdbc.JdbcSQLNonTransientConnectionException: Database is already closed (to disable automatic closing at VM shutdown, add ";DB_CLOSE_ON_EXIT=FALSE" to the db URL) [90121-212]
2022-07-25 09:57:11.616  INFO [PensionerDetailService,,] 18880 --- [Thread-10] com.zaxxer.hikari.HikariDataSource       : HikariPool-2 - Shutdown initiated...
2022-07-25 09:57:11.617  INFO [PensionerDetailService,,] 18880 --- [Thread-10] com.zaxxer.hikari.HikariDataSource       : HikariPool-2 - Shutdown completed.
2022-07-25 09:57:12.239  INFO [PensionerDetailService,,] 18880 --- [restartedMain] p.PensionerDetailMicroserviceApplication : Starting PensionerDetailMicroserviceApplication using Java 17.0.2 on DESKTOP-IEDHDED with PID 18880 (C:\PROJECT_FSE\pensioner-detail-microservice\target\classes started by USER in C:\PROJECT_FSE\pensioner-detail-microservice)
2022-07-25 09:57:12.240  INFO [PensionerDetailService,,] 18880 --- [restartedMain] p.PensionerDetailMicroserviceApplication : No active profile set, falling back to 1 default profile: "default"
2022-07-25 09:57:12.882  INFO [PensionerDetailService,,] 18880 --- [restartedMain] .s.d.r.c.RepositoryConfigurationDelegate : Bootstrapping Spring Data JPA repositories in DEFAULT mode.
2022-07-25 09:57:12.898  INFO [PensionerDetailService,,] 18880 --- [restartedMain] .s.d.r.c.RepositoryConfigurationDelegate : Finished Spring Data repository scanning in 16 ms. Found 1 JPA repository interfaces.
2022-07-25 09:57:13.029  INFO [PensionerDetailService,,] 18880 --- [restartedMain] o.s.cloud.context.scope.GenericScope     : BeanFactory id=5982e203-0e7d-30bb-b25f-50d7287fe144
2022-07-25 09:57:13.260  INFO [PensionerDetailService,,] 18880 --- [restartedMain] o.s.b.w.embedded.tomcat.TomcatWebServer  : Tomcat initialized with port(s): 9100 (http)
2022-07-25 09:57:13.261  INFO [PensionerDetailService,,] 18880 --- [restartedMain] o.apache.catalina.core.StandardService   : Starting service [Tomcat]
2022-07-25 09:57:13.261  INFO [PensionerDetailService,,] 18880 --- [restartedMain] org.apache.catalina.core.StandardEngine  : Starting Servlet engine: [Apache Tomcat/9.0.63]
2022-07-25 09:57:13.333  INFO [PensionerDetailService,,] 18880 --- [restartedMain] o.a.c.c.C.[Tomcat].[localhost].[/]       : Initializing Spring embedded WebApplicationContext
2022-07-25 09:57:13.334  INFO [PensionerDetailService,,] 18880 --- [restartedMain] w.s.c.ServletWebServerApplicationContext : Root WebApplicationContext: initialization completed in 1088 ms
2022-07-25 09:57:13.381  INFO [PensionerDetailService,,] 18880 --- [restartedMain] com.zaxxer.hikari.HikariDataSource       : HikariPool-3 - Starting...
2022-07-25 09:57:13.387  INFO [PensionerDetailService,,] 18880 --- [restartedMain] com.zaxxer.hikari.HikariDataSource       : HikariPool-3 - Start completed.
2022-07-25 09:57:13.387  INFO [PensionerDetailService,,] 18880 --- [restartedMain] o.s.b.a.h2.H2ConsoleAutoConfiguration    : H2 console available at '/h2-console'. Database available at 'jdbc:h2:mem:testDB'
2022-07-25 09:57:13.767  INFO [PensionerDetailService,,] 18880 --- [restartedMain] o.hibernate.jpa.internal.util.LogHelper  : HHH000204: Processing PersistenceUnitInfo [name: default]
2022-07-25 09:57:13.776  INFO [PensionerDetailService,,] 18880 --- [restartedMain] org.hibernate.dialect.Dialect            : HHH000400: Using dialect: org.hibernate.dialect.H2Dialect
2022-07-25 09:57:13.822  INFO [PensionerDetailService,,] 18880 --- [restartedMain] o.h.e.t.j.p.i.JtaPlatformInitiator       : HHH000490: Using JtaPlatform implementation: [org.hibernate.engine.transaction.jta.platform.internal.NoJtaPlatform]
2022-07-25 09:57:13.822  INFO [PensionerDetailService,,] 18880 --- [restartedMain] j.LocalContainerEntityManagerFactoryBean : Initialized JPA EntityManagerFactory for persistence unit 'default'
2022-07-25 09:57:13.932  WARN [PensionerDetailService,,] 18880 --- [restartedMain] JpaBaseConfiguration$JpaWebConfiguration : spring.jpa.open-in-view is enabled by default. Therefore, database queries may be performed during view rendering. Explicitly configure spring.jpa.open-in-view to disable this warning
2022-07-25 09:57:14.010  INFO [PensionerDetailService,,] 18880 --- [restartedMain] o.s.b.d.a.OptionalLiveReloadServer       : LiveReload server is running on port 35729
2022-07-25 09:57:14.197  INFO [PensionerDetailService,,] 18880 --- [restartedMain] c.c.p.s.PensionerDetailServiceImpl       : STARTED - savePensionerData
2022-07-25 09:57:14.240  INFO [PensionerDetailService,,] 18880 --- [restartedMain] c.c.p.s.PensionerDetailServiceImpl       : END - savePensionerData
2022-07-25 09:57:15.530  INFO [PensionerDetailService,,] 18880 --- [restartedMain] o.s.b.w.embedded.tomcat.TomcatWebServer  : Tomcat started on port(s): 9100 (http) with context path ''
2022-07-25 09:57:15.887  INFO [PensionerDetailService,,] 18880 --- [restartedMain] d.s.w.p.DocumentationPluginsBootstrapper : Context refreshed
2022-07-25 09:57:15.889  INFO [PensionerDetailService,,] 18880 --- [restartedMain] d.s.w.p.DocumentationPluginsBootstrapper : Found 1 custom documentation plugin(s)
2022-07-25 09:57:15.894  INFO [PensionerDetailService,,] 18880 --- [restartedMain] s.d.s.w.s.ApiListingReferenceScanner     : Scanning for api listing references
2022-07-25 09:57:15.944  INFO [PensionerDetailService,,] 18880 --- [restartedMain] p.PensionerDetailMicroserviceApplication : Started PensionerDetailMicroserviceApplication in 4.225 seconds (JVM running for 802.243)
2022-07-25 09:57:15.947  INFO [PensionerDetailService,,] 18880 --- [restartedMain] .ConditionEvaluationDeltaLoggingListener : Condition evaluation unchanged
2022-07-25 09:58:09.872  INFO [PensionerDetailService,,] 16996 --- [main] c.c.p.c.t.pensionerDetailControllerTest  : Starting pensionerDetailControllerTest using Java 17.0.2 on DESKTOP-IEDHDED with PID 16996 (started by USER in C:\PROJECT_FSE\pensioner-detail-microservice)
2022-07-25 09:58:09.877  INFO [PensionerDetailService,,] 16996 --- [main] c.c.p.c.t.pensionerDetailControllerTest  : No active profile set, falling back to 1 default profile: "default"
2022-07-25 09:58:11.915  INFO [PensionerDetailService,,] 16996 --- [main] .s.d.r.c.RepositoryConfigurationDelegate : Bootstrapping Spring Data JPA repositories in DEFAULT mode.
2022-07-25 09:58:12.106  INFO [PensionerDetailService,,] 16996 --- [main] .s.d.r.c.RepositoryConfigurationDelegate : Finished Spring Data repository scanning in 169 ms. Found 1 JPA repository interfaces.
2022-07-25 09:58:12.868  INFO [PensionerDetailService,,] 16996 --- [main] o.s.cloud.context.scope.GenericScope     : BeanFactory id=7d24b3c9-cba6-3267-9382-543d4f548869
2022-07-25 09:58:14.529  INFO [PensionerDetailService,,] 16996 --- [main] o.hibernate.jpa.internal.util.LogHelper  : HHH000204: Processing PersistenceUnitInfo [name: default]
2022-07-25 09:58:14.687  INFO [PensionerDetailService,,] 16996 --- [main] org.hibernate.Version                    : HHH000412: Hibernate ORM core version 5.6.9.Final
2022-07-25 09:58:15.126  INFO [PensionerDetailService,,] 16996 --- [main] o.hibernate.annotations.common.Version   : HCANN000001: Hibernate Commons Annotations {5.1.2.Final}
2022-07-25 09:58:15.447  INFO [PensionerDetailService,,] 16996 --- [main] com.zaxxer.hikari.HikariDataSource       : HikariPool-1 - Starting...
2022-07-25 09:58:15.962  INFO [PensionerDetailService,,] 16996 --- [main] com.zaxxer.hikari.HikariDataSource       : HikariPool-1 - Start completed.
2022-07-25 09:58:16.033  INFO [PensionerDetailService,,] 16996 --- [main] org.hibernate.dialect.Dialect            : HHH000400: Using dialect: org.hibernate.dialect.H2Dialect
2022-07-25 09:58:17.300  INFO [PensionerDetailService,,] 16996 --- [main] o.h.e.t.j.p.i.JtaPlatformInitiator       : HHH000490: Using JtaPlatform implementation: [org.hibernate.engine.transaction.jta.platform.internal.NoJtaPlatform]
2022-07-25 09:58:17.313  INFO [PensionerDetailService,,] 16996 --- [main] j.LocalContainerEntityManagerFactoryBean : Initialized JPA EntityManagerFactory for persistence unit 'default'
2022-07-25 09:58:17.674  WARN [PensionerDetailService,,] 16996 --- [main] JpaBaseConfiguration$JpaWebConfiguration : spring.jpa.open-in-view is enabled by default. Therefore, database queries may be performed during view rendering. Explicitly configure spring.jpa.open-in-view to disable this warning
2022-07-25 09:58:17.903  INFO [PensionerDetailService,,] 16996 --- [main] o.s.b.a.h2.H2ConsoleAutoConfiguration    : H2 console available at '/h2-console'. Database available at 'jdbc:h2:mem:testDB'
2022-07-25 09:58:18.757  INFO [PensionerDetailService,,] 16996 --- [main] c.c.p.s.PensionerDetailServiceImpl       : STARTED - savePensionerData
2022-07-25 09:58:18.988  INFO [PensionerDetailService,,] 16996 --- [main] c.c.p.s.PensionerDetailServiceImpl       : END - savePensionerData
2022-07-25 09:58:21.417  INFO [PensionerDetailService,,] 16996 --- [main] o.s.b.t.m.w.SpringBootMockServletContext : Initializing Spring TestDispatcherServlet ''
2022-07-25 09:58:21.418  INFO [PensionerDetailService,,] 16996 --- [main] o.s.t.web.servlet.TestDispatcherServlet  : Initializing Servlet ''
2022-07-25 09:58:21.420  INFO [PensionerDetailService,,] 16996 --- [main] o.s.t.web.servlet.TestDispatcherServlet  : Completed initialization in 2 ms
2022-07-25 09:58:22.691  INFO [PensionerDetailService,,] 16996 --- [main] d.s.w.p.DocumentationPluginsBootstrapper : Context refreshed
2022-07-25 09:58:22.722  INFO [PensionerDetailService,,] 16996 --- [main] d.s.w.p.DocumentationPluginsBootstrapper : Found 1 custom documentation plugin(s)
2022-07-25 09:58:22.741  INFO [PensionerDetailService,,] 16996 --- [main] s.d.s.w.s.ApiListingReferenceScanner     : Scanning for api listing references
2022-07-25 09:58:22.966  INFO [PensionerDetailService,,] 16996 --- [main] c.c.p.c.t.pensionerDetailControllerTest  : Started pensionerDetailControllerTest in 14.361 seconds (JVM running for 17.171)
2022-07-25 09:58:23.580  INFO [PensionerDetailService,ace2e13b8cd2b752,ace2e13b8cd2b752] 16996 --- [main] c.c.p.c.PensionerDetailController        : allDetails has started
2022-07-25 09:58:23.581  INFO [PensionerDetailService,ace2e13b8cd2b752,ace2e13b8cd2b752] 16996 --- [main] c.c.p.c.PensionerDetailController        : allDetails has ended
2022-07-25 09:58:24.014  INFO [PensionerDetailService,,] 16996 --- [SpringApplicationShutdownHook] j.LocalContainerEntityManagerFactoryBean : Closing JPA EntityManagerFactory for persistence unit 'default'
2022-07-25 09:58:24.018  INFO [PensionerDetailService,,] 16996 --- [SpringApplicationShutdownHook] com.zaxxer.hikari.HikariDataSource       : HikariPool-1 - Shutdown initiated...
2022-07-25 09:58:24.023  INFO [PensionerDetailService,,] 16996 --- [SpringApplicationShutdownHook] com.zaxxer.hikari.HikariDataSource       : HikariPool-1 - Shutdown completed.
2022-07-25 09:58:48.473  INFO [PensionerDetailService,,] 12632 --- [main] c.c.p.c.t.pensionerDetailControllerTest  : Starting pensionerDetailControllerTest using Java 17.0.2 on DESKTOP-IEDHDED with PID 12632 (started by USER in C:\PROJECT_FSE\pensioner-detail-microservice)
2022-07-25 09:58:48.480  INFO [PensionerDetailService,,] 12632 --- [main] c.c.p.c.t.pensionerDetailControllerTest  : No active profile set, falling back to 1 default profile: "default"
2022-07-25 09:58:50.517  INFO [PensionerDetailService,,] 12632 --- [main] .s.d.r.c.RepositoryConfigurationDelegate : Bootstrapping Spring Data JPA repositories in DEFAULT mode.
2022-07-25 09:58:50.661  INFO [PensionerDetailService,,] 12632 --- [main] .s.d.r.c.RepositoryConfigurationDelegate : Finished Spring Data repository scanning in 116 ms. Found 1 JPA repository interfaces.
2022-07-25 09:58:51.373  INFO [PensionerDetailService,,] 12632 --- [main] o.s.cloud.context.scope.GenericScope     : BeanFactory id=7d24b3c9-cba6-3267-9382-543d4f548869
2022-07-25 09:58:52.980  INFO [PensionerDetailService,,] 12632 --- [main] o.hibernate.jpa.internal.util.LogHelper  : HHH000204: Processing PersistenceUnitInfo [name: default]
2022-07-25 09:58:53.124  INFO [PensionerDetailService,,] 12632 --- [main] org.hibernate.Version                    : HHH000412: Hibernate ORM core version 5.6.9.Final
2022-07-25 09:58:53.583  INFO [PensionerDetailService,,] 12632 --- [main] o.hibernate.annotations.common.Version   : HCANN000001: Hibernate Commons Annotations {5.1.2.Final}
2022-07-25 09:58:53.906  INFO [PensionerDetailService,,] 12632 --- [main] com.zaxxer.hikari.HikariDataSource       : HikariPool-1 - Starting...
2022-07-25 09:58:54.286  INFO [PensionerDetailService,,] 12632 --- [main] com.zaxxer.hikari.HikariDataSource       : HikariPool-1 - Start completed.
2022-07-25 09:58:54.333  INFO [PensionerDetailService,,] 12632 --- [main] org.hibernate.dialect.Dialect            : HHH000400: Using dialect: org.hibernate.dialect.H2Dialect
2022-07-25 09:58:55.378  INFO [PensionerDetailService,,] 12632 --- [main] o.h.e.t.j.p.i.JtaPlatformInitiator       : HHH000490: Using JtaPlatform implementation: [org.hibernate.engine.transaction.jta.platform.internal.NoJtaPlatform]
2022-07-25 09:58:55.392  INFO [PensionerDetailService,,] 12632 --- [main] j.LocalContainerEntityManagerFactoryBean : Initialized JPA EntityManagerFactory for persistence unit 'default'
2022-07-25 09:58:55.811  WARN [PensionerDetailService,,] 12632 --- [main] JpaBaseConfiguration$JpaWebConfiguration : spring.jpa.open-in-view is enabled by default. Therefore, database queries may be performed during view rendering. Explicitly configure spring.jpa.open-in-view to disable this warning
2022-07-25 09:58:56.123  INFO [PensionerDetailService,,] 12632 --- [main] o.s.b.a.h2.H2ConsoleAutoConfiguration    : H2 console available at '/h2-console'. Database available at 'jdbc:h2:mem:testDB'
2022-07-25 09:58:57.184  INFO [PensionerDetailService,,] 12632 --- [main] c.c.p.s.PensionerDetailServiceImpl       : STARTED - savePensionerData
2022-07-25 09:58:57.472  INFO [PensionerDetailService,,] 12632 --- [main] c.c.p.s.PensionerDetailServiceImpl       : END - savePensionerData
2022-07-25 09:59:00.540  INFO [PensionerDetailService,,] 12632 --- [main] o.s.b.t.m.w.SpringBootMockServletContext : Initializing Spring TestDispatcherServlet ''
2022-07-25 09:59:00.541  INFO [PensionerDetailService,,] 12632 --- [main] o.s.t.web.servlet.TestDispatcherServlet  : Initializing Servlet ''
2022-07-25 09:59:00.543  INFO [PensionerDetailService,,] 12632 --- [main] o.s.t.web.servlet.TestDispatcherServlet  : Completed initialization in 2 ms
2022-07-25 09:59:01.761  INFO [PensionerDetailService,,] 12632 --- [main] d.s.w.p.DocumentationPluginsBootstrapper : Context refreshed
2022-07-25 09:59:01.794  INFO [PensionerDetailService,,] 12632 --- [main] d.s.w.p.DocumentationPluginsBootstrapper : Found 1 custom documentation plugin(s)
2022-07-25 09:59:01.821  INFO [PensionerDetailService,,] 12632 --- [main] s.d.s.w.s.ApiListingReferenceScanner     : Scanning for api listing references
2022-07-25 09:59:02.189  INFO [PensionerDetailService,,] 12632 --- [main] c.c.p.c.t.pensionerDetailControllerTest  : Started pensionerDetailControllerTest in 14.976 seconds (JVM running for 17.595)
2022-07-25 09:59:02.808  INFO [PensionerDetailService,d0f74bb526f07439,d0f74bb526f07439] 12632 --- [main] c.c.p.c.PensionerDetailController        : allDetails has started
2022-07-25 09:59:02.809  INFO [PensionerDetailService,d0f74bb526f07439,d0f74bb526f07439] 12632 --- [main] c.c.p.c.PensionerDetailController        : allDetails has ended
2022-07-25 09:59:03.323  INFO [PensionerDetailService,,] 12632 --- [SpringApplicationShutdownHook] j.LocalContainerEntityManagerFactoryBean : Closing JPA EntityManagerFactory for persistence unit 'default'
2022-07-25 09:59:03.328  INFO [PensionerDetailService,,] 12632 --- [SpringApplicationShutdownHook] com.zaxxer.hikari.HikariDataSource       : HikariPool-1 - Shutdown initiated...
2022-07-25 09:59:03.336  INFO [PensionerDetailService,,] 12632 --- [SpringApplicationShutdownHook] com.zaxxer.hikari.HikariDataSource       : HikariPool-1 - Shutdown completed.
2022-07-25 10:01:57.228  INFO [PensionerDetailService,,] 15380 --- [main] c.c.p.c.t.pensionerDetailControllerTest  : Starting pensionerDetailControllerTest using Java 17.0.2 on DESKTOP-IEDHDED with PID 15380 (started by USER in C:\PROJECT_FSE\pensioner-detail-microservice)
2022-07-25 10:01:57.233  INFO [PensionerDetailService,,] 15380 --- [main] c.c.p.c.t.pensionerDetailControllerTest  : No active profile set, falling back to 1 default profile: "default"
2022-07-25 10:01:59.150  INFO [PensionerDetailService,,] 15380 --- [main] .s.d.r.c.RepositoryConfigurationDelegate : Bootstrapping Spring Data JPA repositories in DEFAULT mode.
2022-07-25 10:01:59.297  INFO [PensionerDetailService,,] 15380 --- [main] .s.d.r.c.RepositoryConfigurationDelegate : Finished Spring Data repository scanning in 129 ms. Found 1 JPA repository interfaces.
2022-07-25 10:01:59.915  INFO [PensionerDetailService,,] 15380 --- [main] o.s.cloud.context.scope.GenericScope     : BeanFactory id=7d24b3c9-cba6-3267-9382-543d4f548869
2022-07-25 10:02:01.218  INFO [PensionerDetailService,,] 15380 --- [main] o.hibernate.jpa.internal.util.LogHelper  : HHH000204: Processing PersistenceUnitInfo [name: default]
2022-07-25 10:02:01.370  INFO [PensionerDetailService,,] 15380 --- [main] org.hibernate.Version                    : HHH000412: Hibernate ORM core version 5.6.9.Final
2022-07-25 10:02:01.771  INFO [PensionerDetailService,,] 15380 --- [main] o.hibernate.annotations.common.Version   : HCANN000001: Hibernate Commons Annotations {5.1.2.Final}
2022-07-25 10:02:02.198  INFO [PensionerDetailService,,] 15380 --- [main] com.zaxxer.hikari.HikariDataSource       : HikariPool-1 - Starting...
2022-07-25 10:02:02.631  INFO [PensionerDetailService,,] 15380 --- [main] com.zaxxer.hikari.HikariDataSource       : HikariPool-1 - Start completed.
2022-07-25 10:02:02.694  INFO [PensionerDetailService,,] 15380 --- [main] org.hibernate.dialect.Dialect            : HHH000400: Using dialect: org.hibernate.dialect.H2Dialect
2022-07-25 10:02:03.958  INFO [PensionerDetailService,,] 15380 --- [main] o.h.e.t.j.p.i.JtaPlatformInitiator       : HHH000490: Using JtaPlatform implementation: [org.hibernate.engine.transaction.jta.platform.internal.NoJtaPlatform]
2022-07-25 10:02:03.976  INFO [PensionerDetailService,,] 15380 --- [main] j.LocalContainerEntityManagerFactoryBean : Initialized JPA EntityManagerFactory for persistence unit 'default'
2022-07-25 10:02:04.360  WARN [PensionerDetailService,,] 15380 --- [main] JpaBaseConfiguration$JpaWebConfiguration : spring.jpa.open-in-view is enabled by default. Therefore, database queries may be performed during view rendering. Explicitly configure spring.jpa.open-in-view to disable this warning
2022-07-25 10:02:04.594  INFO [PensionerDetailService,,] 15380 --- [main] o.s.b.a.h2.H2ConsoleAutoConfiguration    : H2 console available at '/h2-console'. Database available at 'jdbc:h2:mem:testDB'
2022-07-25 10:02:05.369  INFO [PensionerDetailService,,] 15380 --- [main] c.c.p.s.PensionerDetailServiceImpl       : STARTED - savePensionerData
2022-07-25 10:02:05.588  INFO [PensionerDetailService,,] 15380 --- [main] c.c.p.s.PensionerDetailServiceImpl       : END - savePensionerData
2022-07-25 10:02:08.176  INFO [PensionerDetailService,,] 15380 --- [main] o.s.b.t.m.w.SpringBootMockServletContext : Initializing Spring TestDispatcherServlet ''
2022-07-25 10:02:08.176  INFO [PensionerDetailService,,] 15380 --- [main] o.s.t.web.servlet.TestDispatcherServlet  : Initializing Servlet ''
2022-07-25 10:02:08.178  INFO [PensionerDetailService,,] 15380 --- [main] o.s.t.web.servlet.TestDispatcherServlet  : Completed initialization in 1 ms
2022-07-25 10:02:09.355  INFO [PensionerDetailService,,] 15380 --- [main] d.s.w.p.DocumentationPluginsBootstrapper : Context refreshed
2022-07-25 10:02:09.385  INFO [PensionerDetailService,,] 15380 --- [main] d.s.w.p.DocumentationPluginsBootstrapper : Found 1 custom documentation plugin(s)
2022-07-25 10:02:09.405  INFO [PensionerDetailService,,] 15380 --- [main] s.d.s.w.s.ApiListingReferenceScanner     : Scanning for api listing references
2022-07-25 10:02:09.632  INFO [PensionerDetailService,,] 15380 --- [main] c.c.p.c.t.pensionerDetailControllerTest  : Started pensionerDetailControllerTest in 13.62 seconds (JVM running for 15.913)
2022-07-25 10:02:10.218  INFO [PensionerDetailService,72a2a1c6a085ba3e,72a2a1c6a085ba3e] 15380 --- [main] c.c.p.c.PensionerDetailController        : allDetails has started
2022-07-25 10:02:10.219  INFO [PensionerDetailService,72a2a1c6a085ba3e,72a2a1c6a085ba3e] 15380 --- [main] c.c.p.c.PensionerDetailController        : allDetails has ended
2022-07-25 10:02:10.623  INFO [PensionerDetailService,,] 15380 --- [SpringApplicationShutdownHook] j.LocalContainerEntityManagerFactoryBean : Closing JPA EntityManagerFactory for persistence unit 'default'
2022-07-25 10:02:10.629  INFO [PensionerDetailService,,] 15380 --- [SpringApplicationShutdownHook] com.zaxxer.hikari.HikariDataSource       : HikariPool-1 - Shutdown initiated...
2022-07-25 10:02:10.636  INFO [PensionerDetailService,,] 15380 --- [SpringApplicationShutdownHook] com.zaxxer.hikari.HikariDataSource       : HikariPool-1 - Shutdown completed.
2022-07-25 10:02:37.057  INFO [PensionerDetailService,,] 8372 --- [main] c.c.p.c.t.pensionerDetailControllerTest  : Starting pensionerDetailControllerTest using Java 17.0.2 on DESKTOP-IEDHDED with PID 8372 (started by USER in C:\PROJECT_FSE\pensioner-detail-microservice)
2022-07-25 10:02:37.061  INFO [PensionerDetailService,,] 8372 --- [main] c.c.p.c.t.pensionerDetailControllerTest  : No active profile set, falling back to 1 default profile: "default"
2022-07-25 10:02:38.927  INFO [PensionerDetailService,,] 8372 --- [main] .s.d.r.c.RepositoryConfigurationDelegate : Bootstrapping Spring Data JPA repositories in DEFAULT mode.
2022-07-25 10:02:39.037  INFO [PensionerDetailService,,] 8372 --- [main] .s.d.r.c.RepositoryConfigurationDelegate : Finished Spring Data repository scanning in 95 ms. Found 1 JPA repository interfaces.
2022-07-25 10:02:39.707  INFO [PensionerDetailService,,] 8372 --- [main] o.s.cloud.context.scope.GenericScope     : BeanFactory id=7d24b3c9-cba6-3267-9382-543d4f548869
2022-07-25 10:02:41.132  INFO [PensionerDetailService,,] 8372 --- [main] o.hibernate.jpa.internal.util.LogHelper  : HHH000204: Processing PersistenceUnitInfo [name: default]
2022-07-25 10:02:41.290  INFO [PensionerDetailService,,] 8372 --- [main] org.hibernate.Version                    : HHH000412: Hibernate ORM core version 5.6.9.Final
2022-07-25 10:02:41.734  INFO [PensionerDetailService,,] 8372 --- [main] o.hibernate.annotations.common.Version   : HCANN000001: Hibernate Commons Annotations {5.1.2.Final}
2022-07-25 10:02:42.144  INFO [PensionerDetailService,,] 8372 --- [main] com.zaxxer.hikari.HikariDataSource       : HikariPool-1 - Starting...
2022-07-25 10:02:42.531  INFO [PensionerDetailService,,] 8372 --- [main] com.zaxxer.hikari.HikariDataSource       : HikariPool-1 - Start completed.
2022-07-25 10:02:42.590  INFO [PensionerDetailService,,] 8372 --- [main] org.hibernate.dialect.Dialect            : HHH000400: Using dialect: org.hibernate.dialect.H2Dialect
2022-07-25 10:02:43.801  INFO [PensionerDetailService,,] 8372 --- [main] o.h.e.t.j.p.i.JtaPlatformInitiator       : HHH000490: Using JtaPlatform implementation: [org.hibernate.engine.transaction.jta.platform.internal.NoJtaPlatform]
2022-07-25 10:02:43.819  INFO [PensionerDetailService,,] 8372 --- [main] j.LocalContainerEntityManagerFactoryBean : Initialized JPA EntityManagerFactory for persistence unit 'default'
2022-07-25 10:02:44.180  WARN [PensionerDetailService,,] 8372 --- [main] JpaBaseConfiguration$JpaWebConfiguration : spring.jpa.open-in-view is enabled by default. Therefore, database queries may be performed during view rendering. Explicitly configure spring.jpa.open-in-view to disable this warning
2022-07-25 10:02:44.409  INFO [PensionerDetailService,,] 8372 --- [main] o.s.b.a.h2.H2ConsoleAutoConfiguration    : H2 console available at '/h2-console'. Database available at 'jdbc:h2:mem:testDB'
2022-07-25 10:02:45.171  INFO [PensionerDetailService,,] 8372 --- [main] c.c.p.s.PensionerDetailServiceImpl       : STARTED - savePensionerData
2022-07-25 10:02:45.379  INFO [PensionerDetailService,,] 8372 --- [main] c.c.p.s.PensionerDetailServiceImpl       : END - savePensionerData
2022-07-25 10:02:48.089  INFO [PensionerDetailService,,] 8372 --- [main] o.s.b.t.m.w.SpringBootMockServletContext : Initializing Spring TestDispatcherServlet ''
2022-07-25 10:02:48.089  INFO [PensionerDetailService,,] 8372 --- [main] o.s.t.web.servlet.TestDispatcherServlet  : Initializing Servlet ''
2022-07-25 10:02:48.092  INFO [PensionerDetailService,,] 8372 --- [main] o.s.t.web.servlet.TestDispatcherServlet  : Completed initialization in 2 ms
2022-07-25 10:02:49.240  INFO [PensionerDetailService,,] 8372 --- [main] d.s.w.p.DocumentationPluginsBootstrapper : Context refreshed
2022-07-25 10:02:49.270  INFO [PensionerDetailService,,] 8372 --- [main] d.s.w.p.DocumentationPluginsBootstrapper : Found 1 custom documentation plugin(s)
2022-07-25 10:02:49.290  INFO [PensionerDetailService,,] 8372 --- [main] s.d.s.w.s.ApiListingReferenceScanner     : Scanning for api listing references
2022-07-25 10:02:49.521  INFO [PensionerDetailService,,] 8372 --- [main] c.c.p.c.t.pensionerDetailControllerTest  : Started pensionerDetailControllerTest in 13.594 seconds (JVM running for 15.836)
2022-07-25 10:02:50.043  INFO [PensionerDetailService,5f9575d283fcd204,5f9575d283fcd204] 8372 --- [main] c.c.p.c.PensionerDetailController        : allDetails has started
2022-07-25 10:02:50.044  INFO [PensionerDetailService,5f9575d283fcd204,5f9575d283fcd204] 8372 --- [main] c.c.p.c.PensionerDetailController        : allDetails has ended
2022-07-25 10:02:50.475  INFO [PensionerDetailService,,] 8372 --- [SpringApplicationShutdownHook] j.LocalContainerEntityManagerFactoryBean : Closing JPA EntityManagerFactory for persistence unit 'default'
2022-07-25 10:02:50.479  INFO [PensionerDetailService,,] 8372 --- [SpringApplicationShutdownHook] com.zaxxer.hikari.HikariDataSource       : HikariPool-1 - Shutdown initiated...
2022-07-25 10:02:50.484  INFO [PensionerDetailService,,] 8372 --- [SpringApplicationShutdownHook] com.zaxxer.hikari.HikariDataSource       : HikariPool-1 - Shutdown completed.
2022-07-25 10:03:51.717  INFO [PensionerDetailService,,] 15796 --- [main] c.c.p.c.t.pensionerDetailControllerTest  : Starting pensionerDetailControllerTest using Java 17.0.2 on DESKTOP-IEDHDED with PID 15796 (started by USER in C:\PROJECT_FSE\pensioner-detail-microservice)
2022-07-25 10:03:51.720  INFO [PensionerDetailService,,] 15796 --- [main] c.c.p.c.t.pensionerDetailControllerTest  : No active profile set, falling back to 1 default profile: "default"
2022-07-25 10:03:53.680  INFO [PensionerDetailService,,] 15796 --- [main] .s.d.r.c.RepositoryConfigurationDelegate : Bootstrapping Spring Data JPA repositories in DEFAULT mode.
2022-07-25 10:03:53.803  INFO [PensionerDetailService,,] 15796 --- [main] .s.d.r.c.RepositoryConfigurationDelegate : Finished Spring Data repository scanning in 104 ms. Found 1 JPA repository interfaces.
2022-07-25 10:03:54.399  INFO [PensionerDetailService,,] 15796 --- [main] o.s.cloud.context.scope.GenericScope     : BeanFactory id=7d24b3c9-cba6-3267-9382-543d4f548869
2022-07-25 10:03:55.597  INFO [PensionerDetailService,,] 15796 --- [main] o.hibernate.jpa.internal.util.LogHelper  : HHH000204: Processing PersistenceUnitInfo [name: default]
2022-07-25 10:03:55.710  INFO [PensionerDetailService,,] 15796 --- [main] org.hibernate.Version                    : HHH000412: Hibernate ORM core version 5.6.9.Final
2022-07-25 10:03:56.058  INFO [PensionerDetailService,,] 15796 --- [main] o.hibernate.annotations.common.Version   : HCANN000001: Hibernate Commons Annotations {5.1.2.Final}
2022-07-25 10:03:56.393  INFO [PensionerDetailService,,] 15796 --- [main] com.zaxxer.hikari.HikariDataSource       : HikariPool-1 - Starting...
2022-07-25 10:03:56.814  INFO [PensionerDetailService,,] 15796 --- [main] com.zaxxer.hikari.HikariDataSource       : HikariPool-1 - Start completed.
2022-07-25 10:03:56.929  INFO [PensionerDetailService,,] 15796 --- [main] org.hibernate.dialect.Dialect            : HHH000400: Using dialect: org.hibernate.dialect.H2Dialect
2022-07-25 10:03:58.125  INFO [PensionerDetailService,,] 15796 --- [main] o.h.e.t.j.p.i.JtaPlatformInitiator       : HHH000490: Using JtaPlatform implementation: [org.hibernate.engine.transaction.jta.platform.internal.NoJtaPlatform]
2022-07-25 10:03:58.140  INFO [PensionerDetailService,,] 15796 --- [main] j.LocalContainerEntityManagerFactoryBean : Initialized JPA EntityManagerFactory for persistence unit 'default'
2022-07-25 10:03:58.554  WARN [PensionerDetailService,,] 15796 --- [main] JpaBaseConfiguration$JpaWebConfiguration : spring.jpa.open-in-view is enabled by default. Therefore, database queries may be performed during view rendering. Explicitly configure spring.jpa.open-in-view to disable this warning
2022-07-25 10:03:58.788  INFO [PensionerDetailService,,] 15796 --- [main] o.s.b.a.h2.H2ConsoleAutoConfiguration    : H2 console available at '/h2-console'. Database available at 'jdbc:h2:mem:testDB'
2022-07-25 10:03:59.506  INFO [PensionerDetailService,,] 15796 --- [main] c.c.p.s.PensionerDetailServiceImpl       : STARTED - savePensionerData
2022-07-25 10:03:59.720  INFO [PensionerDetailService,,] 15796 --- [main] c.c.p.s.PensionerDetailServiceImpl       : END - savePensionerData
2022-07-25 10:04:02.421  INFO [PensionerDetailService,,] 15796 --- [main] o.s.b.t.m.w.SpringBootMockServletContext : Initializing Spring TestDispatcherServlet ''
2022-07-25 10:04:02.422  INFO [PensionerDetailService,,] 15796 --- [main] o.s.t.web.servlet.TestDispatcherServlet  : Initializing Servlet ''
2022-07-25 10:04:02.424  INFO [PensionerDetailService,,] 15796 --- [main] o.s.t.web.servlet.TestDispatcherServlet  : Completed initialization in 2 ms
2022-07-25 10:04:03.642  INFO [PensionerDetailService,,] 15796 --- [main] d.s.w.p.DocumentationPluginsBootstrapper : Context refreshed
2022-07-25 10:04:03.674  INFO [PensionerDetailService,,] 15796 --- [main] d.s.w.p.DocumentationPluginsBootstrapper : Found 1 custom documentation plugin(s)
2022-07-25 10:04:03.692  INFO [PensionerDetailService,,] 15796 --- [main] s.d.s.w.s.ApiListingReferenceScanner     : Scanning for api listing references
2022-07-25 10:04:03.926  INFO [PensionerDetailService,,] 15796 --- [main] c.c.p.c.t.pensionerDetailControllerTest  : Started pensionerDetailControllerTest in 13.316 seconds (JVM running for 15.537)
2022-07-25 10:04:04.443  INFO [PensionerDetailService,381306370ba082d8,381306370ba082d8] 15796 --- [main] c.c.p.c.PensionerDetailController        : allDetails has started
2022-07-25 10:04:04.443  INFO [PensionerDetailService,381306370ba082d8,381306370ba082d8] 15796 --- [main] c.c.p.c.PensionerDetailController        : allDetails has ended
2022-07-25 10:04:04.867  INFO [PensionerDetailService,,] 15796 --- [SpringApplicationShutdownHook] j.LocalContainerEntityManagerFactoryBean : Closing JPA EntityManagerFactory for persistence unit 'default'
2022-07-25 10:04:04.870  INFO [PensionerDetailService,,] 15796 --- [SpringApplicationShutdownHook] com.zaxxer.hikari.HikariDataSource       : HikariPool-1 - Shutdown initiated...
2022-07-25 10:04:04.875  INFO [PensionerDetailService,,] 15796 --- [SpringApplicationShutdownHook] com.zaxxer.hikari.HikariDataSource       : HikariPool-1 - Shutdown completed.
2022-07-25 10:04:41.711  INFO [PensionerDetailService,,] 1280 --- [main] c.c.p.c.t.pensionerDetailControllerTest  : Starting pensionerDetailControllerTest using Java 17.0.2 on DESKTOP-IEDHDED with PID 1280 (started by USER in C:\PROJECT_FSE\pensioner-detail-microservice)
2022-07-25 10:04:41.714  INFO [PensionerDetailService,,] 1280 --- [main] c.c.p.c.t.pensionerDetailControllerTest  : No active profile set, falling back to 1 default profile: "default"
2022-07-25 10:04:43.670  INFO [PensionerDetailService,,] 1280 --- [main] .s.d.r.c.RepositoryConfigurationDelegate : Bootstrapping Spring Data JPA repositories in DEFAULT mode.
2022-07-25 10:04:43.778  INFO [PensionerDetailService,,] 1280 --- [main] .s.d.r.c.RepositoryConfigurationDelegate : Finished Spring Data repository scanning in 92 ms. Found 1 JPA repository interfaces.
2022-07-25 10:04:44.405  INFO [PensionerDetailService,,] 1280 --- [main] o.s.cloud.context.scope.GenericScope     : BeanFactory id=7d24b3c9-cba6-3267-9382-543d4f548869
2022-07-25 10:04:45.652  INFO [PensionerDetailService,,] 1280 --- [main] o.hibernate.jpa.internal.util.LogHelper  : HHH000204: Processing PersistenceUnitInfo [name: default]
2022-07-25 10:04:45.757  INFO [PensionerDetailService,,] 1280 --- [main] org.hibernate.Version                    : HHH000412: Hibernate ORM core version 5.6.9.Final
2022-07-25 10:04:46.075  INFO [PensionerDetailService,,] 1280 --- [main] o.hibernate.annotations.common.Version   : HCANN000001: Hibernate Commons Annotations {5.1.2.Final}
2022-07-25 10:04:46.367  INFO [PensionerDetailService,,] 1280 --- [main] com.zaxxer.hikari.HikariDataSource       : HikariPool-1 - Starting...
2022-07-25 10:04:46.719  INFO [PensionerDetailService,,] 1280 --- [main] com.zaxxer.hikari.HikariDataSource       : HikariPool-1 - Start completed.
2022-07-25 10:04:46.773  INFO [PensionerDetailService,,] 1280 --- [main] org.hibernate.dialect.Dialect            : HHH000400: Using dialect: org.hibernate.dialect.H2Dialect
2022-07-25 10:04:48.321  INFO [PensionerDetailService,,] 1280 --- [main] o.h.e.t.j.p.i.JtaPlatformInitiator       : HHH000490: Using JtaPlatform implementation: [org.hibernate.engine.transaction.jta.platform.internal.NoJtaPlatform]
2022-07-25 10:04:48.343  INFO [PensionerDetailService,,] 1280 --- [main] j.LocalContainerEntityManagerFactoryBean : Initialized JPA EntityManagerFactory for persistence unit 'default'
2022-07-25 10:04:48.832  WARN [PensionerDetailService,,] 1280 --- [main] JpaBaseConfiguration$JpaWebConfiguration : spring.jpa.open-in-view is enabled by default. Therefore, database queries may be performed during view rendering. Explicitly configure spring.jpa.open-in-view to disable this warning
2022-07-25 10:04:49.079  INFO [PensionerDetailService,,] 1280 --- [main] o.s.b.a.h2.H2ConsoleAutoConfiguration    : H2 console available at '/h2-console'. Database available at 'jdbc:h2:mem:testDB'
2022-07-25 10:04:49.899  INFO [PensionerDetailService,,] 1280 --- [main] c.c.p.s.PensionerDetailServiceImpl       : STARTED - savePensionerData
2022-07-25 10:04:50.141  INFO [PensionerDetailService,,] 1280 --- [main] c.c.p.s.PensionerDetailServiceImpl       : END - savePensionerData
2022-07-25 10:04:52.716  INFO [PensionerDetailService,,] 1280 --- [main] o.s.b.t.m.w.SpringBootMockServletContext : Initializing Spring TestDispatcherServlet ''
2022-07-25 10:04:52.717  INFO [PensionerDetailService,,] 1280 --- [main] o.s.t.web.servlet.TestDispatcherServlet  : Initializing Servlet ''
2022-07-25 10:04:52.719  INFO [PensionerDetailService,,] 1280 --- [main] o.s.t.web.servlet.TestDispatcherServlet  : Completed initialization in 2 ms
2022-07-25 10:04:53.872  INFO [PensionerDetailService,,] 1280 --- [main] d.s.w.p.DocumentationPluginsBootstrapper : Context refreshed
2022-07-25 10:04:53.902  INFO [PensionerDetailService,,] 1280 --- [main] d.s.w.p.DocumentationPluginsBootstrapper : Found 1 custom documentation plugin(s)
2022-07-25 10:04:53.923  INFO [PensionerDetailService,,] 1280 --- [main] s.d.s.w.s.ApiListingReferenceScanner     : Scanning for api listing references
2022-07-25 10:04:54.150  INFO [PensionerDetailService,,] 1280 --- [main] c.c.p.c.t.pensionerDetailControllerTest  : Started pensionerDetailControllerTest in 13.663 seconds (JVM running for 15.975)
2022-07-25 10:04:54.647  INFO [PensionerDetailService,ea8b444763a532ab,ea8b444763a532ab] 1280 --- [main] c.c.p.c.PensionerDetailController        : allDetails has started
2022-07-25 10:04:54.648  INFO [PensionerDetailService,ea8b444763a532ab,ea8b444763a532ab] 1280 --- [main] c.c.p.c.PensionerDetailController        : allDetails has ended
2022-07-25 10:04:55.018  INFO [PensionerDetailService,,] 1280 --- [SpringApplicationShutdownHook] j.LocalContainerEntityManagerFactoryBean : Closing JPA EntityManagerFactory for persistence unit 'default'
2022-07-25 10:04:55.023  INFO [PensionerDetailService,,] 1280 --- [SpringApplicationShutdownHook] com.zaxxer.hikari.HikariDataSource       : HikariPool-1 - Shutdown initiated...
2022-07-25 10:04:55.030  INFO [PensionerDetailService,,] 1280 --- [SpringApplicationShutdownHook] com.zaxxer.hikari.HikariDataSource       : HikariPool-1 - Shutdown completed.
2022-07-25 10:07:47.811  INFO [PensionerDetailService,,] 4056 --- [main] c.c.p.c.t.pensionerDetailControllerTest  : Starting pensionerDetailControllerTest using Java 17.0.2 on DESKTOP-IEDHDED with PID 4056 (started by USER in C:\PROJECT_FSE\pensioner-detail-microservice)
2022-07-25 10:07:47.814  INFO [PensionerDetailService,,] 4056 --- [main] c.c.p.c.t.pensionerDetailControllerTest  : No active profile set, falling back to 1 default profile: "default"
2022-07-25 10:07:48.953  INFO [PensionerDetailService,,] 4056 --- [main] .s.d.r.c.RepositoryConfigurationDelegate : Bootstrapping Spring Data JPA repositories in DEFAULT mode.
2022-07-25 10:07:49.028  INFO [PensionerDetailService,,] 4056 --- [main] .s.d.r.c.RepositoryConfigurationDelegate : Finished Spring Data repository scanning in 65 ms. Found 1 JPA repository interfaces.
2022-07-25 10:07:49.433  INFO [PensionerDetailService,,] 4056 --- [main] o.s.cloud.context.scope.GenericScope     : BeanFactory id=7d24b3c9-cba6-3267-9382-543d4f548869
2022-07-25 10:07:50.243  INFO [PensionerDetailService,,] 4056 --- [main] o.hibernate.jpa.internal.util.LogHelper  : HHH000204: Processing PersistenceUnitInfo [name: default]
2022-07-25 10:07:50.323  INFO [PensionerDetailService,,] 4056 --- [main] org.hibernate.Version                    : HHH000412: Hibernate ORM core version 5.6.9.Final
2022-07-25 10:07:50.542  INFO [PensionerDetailService,,] 4056 --- [main] o.hibernate.annotations.common.Version   : HCANN000001: Hibernate Commons Annotations {5.1.2.Final}
2022-07-25 10:07:50.745  INFO [PensionerDetailService,,] 4056 --- [main] com.zaxxer.hikari.HikariDataSource       : HikariPool-1 - Starting...
2022-07-25 10:07:51.006  INFO [PensionerDetailService,,] 4056 --- [main] com.zaxxer.hikari.HikariDataSource       : HikariPool-1 - Start completed.
2022-07-25 10:07:51.049  INFO [PensionerDetailService,,] 4056 --- [main] org.hibernate.dialect.Dialect            : HHH000400: Using dialect: org.hibernate.dialect.H2Dialect
2022-07-25 10:07:51.808  INFO [PensionerDetailService,,] 4056 --- [main] o.h.e.t.j.p.i.JtaPlatformInitiator       : HHH000490: Using JtaPlatform implementation: [org.hibernate.engine.transaction.jta.platform.internal.NoJtaPlatform]
2022-07-25 10:07:51.818  INFO [PensionerDetailService,,] 4056 --- [main] j.LocalContainerEntityManagerFactoryBean : Initialized JPA EntityManagerFactory for persistence unit 'default'
2022-07-25 10:07:52.133  WARN [PensionerDetailService,,] 4056 --- [main] JpaBaseConfiguration$JpaWebConfiguration : spring.jpa.open-in-view is enabled by default. Therefore, database queries may be performed during view rendering. Explicitly configure spring.jpa.open-in-view to disable this warning
2022-07-25 10:07:52.290  INFO [PensionerDetailService,,] 4056 --- [main] o.s.b.a.h2.H2ConsoleAutoConfiguration    : H2 console available at '/h2-console'. Database available at 'jdbc:h2:mem:testDB'
2022-07-25 10:07:52.804  INFO [PensionerDetailService,,] 4056 --- [main] c.c.p.s.PensionerDetailServiceImpl       : STARTED - savePensionerData
2022-07-25 10:07:52.954  INFO [PensionerDetailService,,] 4056 --- [main] c.c.p.s.PensionerDetailServiceImpl       : END - savePensionerData
2022-07-25 10:07:54.705  INFO [PensionerDetailService,,] 4056 --- [main] o.s.b.t.m.w.SpringBootMockServletContext : Initializing Spring TestDispatcherServlet ''
2022-07-25 10:07:54.705  INFO [PensionerDetailService,,] 4056 --- [main] o.s.t.web.servlet.TestDispatcherServlet  : Initializing Servlet ''
2022-07-25 10:07:54.707  INFO [PensionerDetailService,,] 4056 --- [main] o.s.t.web.servlet.TestDispatcherServlet  : Completed initialization in 2 ms
2022-07-25 10:07:55.420  INFO [PensionerDetailService,,] 4056 --- [main] d.s.w.p.DocumentationPluginsBootstrapper : Context refreshed
2022-07-25 10:07:55.440  INFO [PensionerDetailService,,] 4056 --- [main] d.s.w.p.DocumentationPluginsBootstrapper : Found 1 custom documentation plugin(s)
2022-07-25 10:07:55.452  INFO [PensionerDetailService,,] 4056 --- [main] s.d.s.w.s.ApiListingReferenceScanner     : Scanning for api listing references
2022-07-25 10:07:55.613  INFO [PensionerDetailService,,] 4056 --- [main] c.c.p.c.t.pensionerDetailControllerTest  : Started pensionerDetailControllerTest in 8.547 seconds (JVM running for 10.083)
2022-07-25 10:07:55.972  INFO [PensionerDetailService,81cb13c65906b63c,81cb13c65906b63c] 4056 --- [main] c.c.p.c.PensionerDetailController        : allDetails has started
2022-07-25 10:07:55.972  INFO [PensionerDetailService,81cb13c65906b63c,81cb13c65906b63c] 4056 --- [main] c.c.p.c.PensionerDetailController        : allDetails has ended
2022-07-25 10:07:56.233  INFO [PensionerDetailService,,] 4056 --- [SpringApplicationShutdownHook] j.LocalContainerEntityManagerFactoryBean : Closing JPA EntityManagerFactory for persistence unit 'default'
2022-07-25 10:07:56.235  INFO [PensionerDetailService,,] 4056 --- [SpringApplicationShutdownHook] com.zaxxer.hikari.HikariDataSource       : HikariPool-1 - Shutdown initiated...
2022-07-25 10:07:56.239  INFO [PensionerDetailService,,] 4056 --- [SpringApplicationShutdownHook] com.zaxxer.hikari.HikariDataSource       : HikariPool-1 - Shutdown completed.
2022-07-25 10:13:22.223  INFO [PensionerDetailService,,] 11752 --- [main] c.c.p.c.t.pensionerDetailControllerTest  : Starting pensionerDetailControllerTest using Java 17.0.2 on DESKTOP-IEDHDED with PID 11752 (started by USER in C:\PROJECT_FSE\pensioner-detail-microservice)
2022-07-25 10:13:22.226  INFO [PensionerDetailService,,] 11752 --- [main] c.c.p.c.t.pensionerDetailControllerTest  : No active profile set, falling back to 1 default profile: "default"
2022-07-25 10:13:23.537  INFO [PensionerDetailService,,] 11752 --- [main] .s.d.r.c.RepositoryConfigurationDelegate : Bootstrapping Spring Data JPA repositories in DEFAULT mode.
2022-07-25 10:13:23.644  INFO [PensionerDetailService,,] 11752 --- [main] .s.d.r.c.RepositoryConfigurationDelegate : Finished Spring Data repository scanning in 91 ms. Found 1 JPA repository interfaces.
2022-07-25 10:13:24.082  INFO [PensionerDetailService,,] 11752 --- [main] o.s.cloud.context.scope.GenericScope     : BeanFactory id=7d24b3c9-cba6-3267-9382-543d4f548869
2022-07-25 10:13:25.047  INFO [PensionerDetailService,,] 11752 --- [main] o.hibernate.jpa.internal.util.LogHelper  : HHH000204: Processing PersistenceUnitInfo [name: default]
2022-07-25 10:13:25.137  INFO [PensionerDetailService,,] 11752 --- [main] org.hibernate.Version                    : HHH000412: Hibernate ORM core version 5.6.9.Final
2022-07-25 10:13:25.393  INFO [PensionerDetailService,,] 11752 --- [main] o.hibernate.annotations.common.Version   : HCANN000001: Hibernate Commons Annotations {5.1.2.Final}
2022-07-25 10:13:25.584  INFO [PensionerDetailService,,] 11752 --- [main] com.zaxxer.hikari.HikariDataSource       : HikariPool-1 - Starting...
2022-07-25 10:13:25.861  INFO [PensionerDetailService,,] 11752 --- [main] com.zaxxer.hikari.HikariDataSource       : HikariPool-1 - Start completed.
2022-07-25 10:13:25.902  INFO [PensionerDetailService,,] 11752 --- [main] org.hibernate.dialect.Dialect            : HHH000400: Using dialect: org.hibernate.dialect.H2Dialect
2022-07-25 10:13:26.776  INFO [PensionerDetailService,,] 11752 --- [main] o.h.e.t.j.p.i.JtaPlatformInitiator       : HHH000490: Using JtaPlatform implementation: [org.hibernate.engine.transaction.jta.platform.internal.NoJtaPlatform]
2022-07-25 10:13:26.786  INFO [PensionerDetailService,,] 11752 --- [main] j.LocalContainerEntityManagerFactoryBean : Initialized JPA EntityManagerFactory for persistence unit 'default'
2022-07-25 10:13:27.132  WARN [PensionerDetailService,,] 11752 --- [main] JpaBaseConfiguration$JpaWebConfiguration : spring.jpa.open-in-view is enabled by default. Therefore, database queries may be performed during view rendering. Explicitly configure spring.jpa.open-in-view to disable this warning
2022-07-25 10:13:27.309  INFO [PensionerDetailService,,] 11752 --- [main] o.s.b.a.h2.H2ConsoleAutoConfiguration    : H2 console available at '/h2-console'. Database available at 'jdbc:h2:mem:testDB'
2022-07-25 10:13:27.909  INFO [PensionerDetailService,,] 11752 --- [main] c.c.p.s.PensionerDetailServiceImpl       : STARTED - savePensionerData
2022-07-25 10:13:28.070  INFO [PensionerDetailService,,] 11752 --- [main] c.c.p.s.PensionerDetailServiceImpl       : END - savePensionerData
2022-07-25 10:13:29.998  INFO [PensionerDetailService,,] 11752 --- [main] o.s.b.t.m.w.SpringBootMockServletContext : Initializing Spring TestDispatcherServlet ''
2022-07-25 10:13:29.999  INFO [PensionerDetailService,,] 11752 --- [main] o.s.t.web.servlet.TestDispatcherServlet  : Initializing Servlet ''
2022-07-25 10:13:30.000  INFO [PensionerDetailService,,] 11752 --- [main] o.s.t.web.servlet.TestDispatcherServlet  : Completed initialization in 1 ms
2022-07-25 10:13:30.807  INFO [PensionerDetailService,,] 11752 --- [main] d.s.w.p.DocumentationPluginsBootstrapper : Context refreshed
2022-07-25 10:13:30.829  INFO [PensionerDetailService,,] 11752 --- [main] d.s.w.p.DocumentationPluginsBootstrapper : Found 1 custom documentation plugin(s)
2022-07-25 10:13:30.843  INFO [PensionerDetailService,,] 11752 --- [main] s.d.s.w.s.ApiListingReferenceScanner     : Scanning for api listing references
2022-07-25 10:13:31.039  INFO [PensionerDetailService,,] 11752 --- [main] c.c.p.c.t.pensionerDetailControllerTest  : Started pensionerDetailControllerTest in 9.681 seconds (JVM running for 11.32)
2022-07-25 10:13:31.454  INFO [PensionerDetailService,a04e46a5e700a515,a04e46a5e700a515] 11752 --- [main] c.c.p.c.PensionerDetailController        : allDetails has started
2022-07-25 10:13:31.454  INFO [PensionerDetailService,a04e46a5e700a515,a04e46a5e700a515] 11752 --- [main] c.c.p.c.PensionerDetailController        : allDetails has ended
2022-07-25 10:13:31.795  INFO [PensionerDetailService,,] 11752 --- [SpringApplicationShutdownHook] j.LocalContainerEntityManagerFactoryBean : Closing JPA EntityManagerFactory for persistence unit 'default'
2022-07-25 10:13:31.799  INFO [PensionerDetailService,,] 11752 --- [SpringApplicationShutdownHook] com.zaxxer.hikari.HikariDataSource       : HikariPool-1 - Shutdown initiated...
2022-07-25 10:13:31.803  INFO [PensionerDetailService,,] 11752 --- [SpringApplicationShutdownHook] com.zaxxer.hikari.HikariDataSource       : HikariPool-1 - Shutdown completed.
2022-07-25 10:13:49.653  INFO [PensionerDetailService,,] 4128 --- [main] c.c.p.c.t.pensionerDetailControllerTest  : Starting pensionerDetailControllerTest using Java 17.0.2 on DESKTOP-IEDHDED with PID 4128 (started by USER in C:\PROJECT_FSE\pensioner-detail-microservice)
2022-07-25 10:13:49.657  INFO [PensionerDetailService,,] 4128 --- [main] c.c.p.c.t.pensionerDetailControllerTest  : No active profile set, falling back to 1 default profile: "default"
2022-07-25 10:13:50.872  INFO [PensionerDetailService,,] 4128 --- [main] .s.d.r.c.RepositoryConfigurationDelegate : Bootstrapping Spring Data JPA repositories in DEFAULT mode.
2022-07-25 10:13:50.966  INFO [PensionerDetailService,,] 4128 --- [main] .s.d.r.c.RepositoryConfigurationDelegate : Finished Spring Data repository scanning in 81 ms. Found 1 JPA repository interfaces.
2022-07-25 10:13:51.425  INFO [PensionerDetailService,,] 4128 --- [main] o.s.cloud.context.scope.GenericScope     : BeanFactory id=7d24b3c9-cba6-3267-9382-543d4f548869
2022-07-25 10:13:52.435  INFO [PensionerDetailService,,] 4128 --- [main] o.hibernate.jpa.internal.util.LogHelper  : HHH000204: Processing PersistenceUnitInfo [name: default]
2022-07-25 10:13:52.523  INFO [PensionerDetailService,,] 4128 --- [main] org.hibernate.Version                    : HHH000412: Hibernate ORM core version 5.6.9.Final
2022-07-25 10:13:52.803  INFO [PensionerDetailService,,] 4128 --- [main] o.hibernate.annotations.common.Version   : HCANN000001: Hibernate Commons Annotations {5.1.2.Final}
2022-07-25 10:13:53.007  INFO [PensionerDetailService,,] 4128 --- [main] com.zaxxer.hikari.HikariDataSource       : HikariPool-1 - Starting...
2022-07-25 10:13:53.303  INFO [PensionerDetailService,,] 4128 --- [main] com.zaxxer.hikari.HikariDataSource       : HikariPool-1 - Start completed.
2022-07-25 10:13:53.339  INFO [PensionerDetailService,,] 4128 --- [main] org.hibernate.dialect.Dialect            : HHH000400: Using dialect: org.hibernate.dialect.H2Dialect
2022-07-25 10:13:54.021  INFO [PensionerDetailService,,] 4128 --- [main] o.h.e.t.j.p.i.JtaPlatformInitiator       : HHH000490: Using JtaPlatform implementation: [org.hibernate.engine.transaction.jta.platform.internal.NoJtaPlatform]
2022-07-25 10:13:54.032  INFO [PensionerDetailService,,] 4128 --- [main] j.LocalContainerEntityManagerFactoryBean : Initialized JPA EntityManagerFactory for persistence unit 'default'
2022-07-25 10:13:54.263  WARN [PensionerDetailService,,] 4128 --- [main] JpaBaseConfiguration$JpaWebConfiguration : spring.jpa.open-in-view is enabled by default. Therefore, database queries may be performed during view rendering. Explicitly configure spring.jpa.open-in-view to disable this warning
2022-07-25 10:13:54.416  INFO [PensionerDetailService,,] 4128 --- [main] o.s.b.a.h2.H2ConsoleAutoConfiguration    : H2 console available at '/h2-console'. Database available at 'jdbc:h2:mem:testDB'
2022-07-25 10:13:54.913  INFO [PensionerDetailService,,] 4128 --- [main] c.c.p.s.PensionerDetailServiceImpl       : STARTED - savePensionerData
2022-07-25 10:13:55.055  INFO [PensionerDetailService,,] 4128 --- [main] c.c.p.s.PensionerDetailServiceImpl       : END - savePensionerData
2022-07-25 10:13:56.732  INFO [PensionerDetailService,,] 4128 --- [main] o.s.b.t.m.w.SpringBootMockServletContext : Initializing Spring TestDispatcherServlet ''
2022-07-25 10:13:56.732  INFO [PensionerDetailService,,] 4128 --- [main] o.s.t.web.servlet.TestDispatcherServlet  : Initializing Servlet ''
2022-07-25 10:13:56.734  INFO [PensionerDetailService,,] 4128 --- [main] o.s.t.web.servlet.TestDispatcherServlet  : Completed initialization in 1 ms
2022-07-25 10:13:57.534  INFO [PensionerDetailService,,] 4128 --- [main] d.s.w.p.DocumentationPluginsBootstrapper : Context refreshed
2022-07-25 10:13:57.555  INFO [PensionerDetailService,,] 4128 --- [main] d.s.w.p.DocumentationPluginsBootstrapper : Found 1 custom documentation plugin(s)
2022-07-25 10:13:57.568  INFO [PensionerDetailService,,] 4128 --- [main] s.d.s.w.s.ApiListingReferenceScanner     : Scanning for api listing references
2022-07-25 10:13:57.715  INFO [PensionerDetailService,,] 4128 --- [main] c.c.p.c.t.pensionerDetailControllerTest  : Started pensionerDetailControllerTest in 8.86 seconds (JVM running for 10.5)
2022-07-25 10:13:58.069  INFO [PensionerDetailService,c4469dbda81cc368,c4469dbda81cc368] 4128 --- [main] c.c.p.c.PensionerDetailController        : allDetails has started
2022-07-25 10:13:58.069  INFO [PensionerDetailService,c4469dbda81cc368,c4469dbda81cc368] 4128 --- [main] c.c.p.c.PensionerDetailController        : allDetails has ended
2022-07-25 10:13:58.359  INFO [PensionerDetailService,,] 4128 --- [SpringApplicationShutdownHook] j.LocalContainerEntityManagerFactoryBean : Closing JPA EntityManagerFactory for persistence unit 'default'
2022-07-25 10:13:58.362  INFO [PensionerDetailService,,] 4128 --- [SpringApplicationShutdownHook] com.zaxxer.hikari.HikariDataSource       : HikariPool-1 - Shutdown initiated...
2022-07-25 10:13:58.365  INFO [PensionerDetailService,,] 4128 --- [SpringApplicationShutdownHook] com.zaxxer.hikari.HikariDataSource       : HikariPool-1 - Shutdown completed.
2022-07-25 10:19:23.589  INFO [PensionerDetailService,,] 15376 --- [main] c.c.p.c.t.pensionerDetailControllerTest  : Starting pensionerDetailControllerTest using Java 17.0.2 on DESKTOP-IEDHDED with PID 15376 (started by USER in C:\PROJECT_FSE\pensioner-detail-microservice)
2022-07-25 10:19:23.591  INFO [PensionerDetailService,,] 15376 --- [main] c.c.p.c.t.pensionerDetailControllerTest  : No active profile set, falling back to 1 default profile: "default"
2022-07-25 10:19:24.687  INFO [PensionerDetailService,,] 15376 --- [main] .s.d.r.c.RepositoryConfigurationDelegate : Bootstrapping Spring Data JPA repositories in DEFAULT mode.
2022-07-25 10:19:24.776  INFO [PensionerDetailService,,] 15376 --- [main] .s.d.r.c.RepositoryConfigurationDelegate : Finished Spring Data repository scanning in 78 ms. Found 1 JPA repository interfaces.
2022-07-25 10:19:25.177  INFO [PensionerDetailService,,] 15376 --- [main] o.s.cloud.context.scope.GenericScope     : BeanFactory id=7d24b3c9-cba6-3267-9382-543d4f548869
2022-07-25 10:19:25.987  INFO [PensionerDetailService,,] 15376 --- [main] o.hibernate.jpa.internal.util.LogHelper  : HHH000204: Processing PersistenceUnitInfo [name: default]
2022-07-25 10:19:26.069  INFO [PensionerDetailService,,] 15376 --- [main] org.hibernate.Version                    : HHH000412: Hibernate ORM core version 5.6.9.Final
2022-07-25 10:19:26.284  INFO [PensionerDetailService,,] 15376 --- [main] o.hibernate.annotations.common.Version   : HCANN000001: Hibernate Commons Annotations {5.1.2.Final}
2022-07-25 10:19:26.483  INFO [PensionerDetailService,,] 15376 --- [main] com.zaxxer.hikari.HikariDataSource       : HikariPool-1 - Starting...
2022-07-25 10:19:26.726  INFO [PensionerDetailService,,] 15376 --- [main] com.zaxxer.hikari.HikariDataSource       : HikariPool-1 - Start completed.
2022-07-25 10:19:26.766  INFO [PensionerDetailService,,] 15376 --- [main] org.hibernate.dialect.Dialect            : HHH000400: Using dialect: org.hibernate.dialect.H2Dialect
2022-07-25 10:19:27.614  INFO [PensionerDetailService,,] 15376 --- [main] o.h.e.t.j.p.i.JtaPlatformInitiator       : HHH000490: Using JtaPlatform implementation: [org.hibernate.engine.transaction.jta.platform.internal.NoJtaPlatform]
2022-07-25 10:19:27.626  INFO [PensionerDetailService,,] 15376 --- [main] j.LocalContainerEntityManagerFactoryBean : Initialized JPA EntityManagerFactory for persistence unit 'default'
2022-07-25 10:19:27.856  WARN [PensionerDetailService,,] 15376 --- [main] JpaBaseConfiguration$JpaWebConfiguration : spring.jpa.open-in-view is enabled by default. Therefore, database queries may be performed during view rendering. Explicitly configure spring.jpa.open-in-view to disable this warning
2022-07-25 10:19:28.018  INFO [PensionerDetailService,,] 15376 --- [main] o.s.b.a.h2.H2ConsoleAutoConfiguration    : H2 console available at '/h2-console'. Database available at 'jdbc:h2:mem:testDB'
2022-07-25 10:19:28.610  INFO [PensionerDetailService,,] 15376 --- [main] c.c.p.s.PensionerDetailServiceImpl       : STARTED - savePensionerData
2022-07-25 10:19:28.773  INFO [PensionerDetailService,,] 15376 --- [main] c.c.p.s.PensionerDetailServiceImpl       : END - savePensionerData
2022-07-25 10:19:30.526  INFO [PensionerDetailService,,] 15376 --- [main] o.s.b.t.m.w.SpringBootMockServletContext : Initializing Spring TestDispatcherServlet ''
2022-07-25 10:19:30.526  INFO [PensionerDetailService,,] 15376 --- [main] o.s.t.web.servlet.TestDispatcherServlet  : Initializing Servlet ''
2022-07-25 10:19:30.528  INFO [PensionerDetailService,,] 15376 --- [main] o.s.t.web.servlet.TestDispatcherServlet  : Completed initialization in 1 ms
2022-07-25 10:19:31.283  INFO [PensionerDetailService,,] 15376 --- [main] d.s.w.p.DocumentationPluginsBootstrapper : Context refreshed
2022-07-25 10:19:31.302  INFO [PensionerDetailService,,] 15376 --- [main] d.s.w.p.DocumentationPluginsBootstrapper : Found 1 custom documentation plugin(s)
2022-07-25 10:19:31.314  INFO [PensionerDetailService,,] 15376 --- [main] s.d.s.w.s.ApiListingReferenceScanner     : Scanning for api listing references
2022-07-25 10:19:31.472  INFO [PensionerDetailService,,] 15376 --- [main] c.c.p.c.t.pensionerDetailControllerTest  : Started pensionerDetailControllerTest in 8.628 seconds (JVM running for 10.29)
2022-07-25 10:19:31.831  INFO [PensionerDetailService,bc6ddfda240ea6ee,bc6ddfda240ea6ee] 15376 --- [main] c.c.p.c.PensionerDetailController        : allDetails has started
2022-07-25 10:19:31.832  INFO [PensionerDetailService,bc6ddfda240ea6ee,bc6ddfda240ea6ee] 15376 --- [main] c.c.p.c.PensionerDetailController        : allDetails has ended
2022-07-25 10:19:32.168  INFO [PensionerDetailService,,] 15376 --- [SpringApplicationShutdownHook] j.LocalContainerEntityManagerFactoryBean : Closing JPA EntityManagerFactory for persistence unit 'default'
2022-07-25 10:19:32.170  INFO [PensionerDetailService,,] 15376 --- [SpringApplicationShutdownHook] com.zaxxer.hikari.HikariDataSource       : HikariPool-1 - Shutdown initiated...
2022-07-25 10:19:32.175  INFO [PensionerDetailService,,] 15376 --- [SpringApplicationShutdownHook] com.zaxxer.hikari.HikariDataSource       : HikariPool-1 - Shutdown completed.
2022-07-25 10:20:32.393  INFO [PensionerDetailService,,] 2236 --- [main] c.c.p.c.t.pensionerDetailControllerTest  : Starting pensionerDetailControllerTest using Java 17.0.2 on DESKTOP-IEDHDED with PID 2236 (started by USER in C:\PROJECT_FSE\pensioner-detail-microservice)
2022-07-25 10:20:32.395  INFO [PensionerDetailService,,] 2236 --- [main] c.c.p.c.t.pensionerDetailControllerTest  : No active profile set, falling back to 1 default profile: "default"
2022-07-25 10:20:34.031  INFO [PensionerDetailService,,] 2236 --- [main] .s.d.r.c.RepositoryConfigurationDelegate : Bootstrapping Spring Data JPA repositories in DEFAULT mode.
2022-07-25 10:20:34.131  INFO [PensionerDetailService,,] 2236 --- [main] .s.d.r.c.RepositoryConfigurationDelegate : Finished Spring Data repository scanning in 85 ms. Found 1 JPA repository interfaces.
2022-07-25 10:20:34.682  INFO [PensionerDetailService,,] 2236 --- [main] o.s.cloud.context.scope.GenericScope     : BeanFactory id=7d24b3c9-cba6-3267-9382-543d4f548869
2022-07-25 10:20:35.885  INFO [PensionerDetailService,,] 2236 --- [main] o.hibernate.jpa.internal.util.LogHelper  : HHH000204: Processing PersistenceUnitInfo [name: default]
2022-07-25 10:20:35.997  INFO [PensionerDetailService,,] 2236 --- [main] org.hibernate.Version                    : HHH000412: Hibernate ORM core version 5.6.9.Final
2022-07-25 10:20:36.324  INFO [PensionerDetailService,,] 2236 --- [main] o.hibernate.annotations.common.Version   : HCANN000001: Hibernate Commons Annotations {5.1.2.Final}
2022-07-25 10:20:36.594  INFO [PensionerDetailService,,] 2236 --- [main] com.zaxxer.hikari.HikariDataSource       : HikariPool-1 - Starting...
2022-07-25 10:20:37.195  INFO [PensionerDetailService,,] 2236 --- [main] com.zaxxer.hikari.HikariDataSource       : HikariPool-1 - Start completed.
2022-07-25 10:20:37.273  INFO [PensionerDetailService,,] 2236 --- [main] org.hibernate.dialect.Dialect            : HHH000400: Using dialect: org.hibernate.dialect.H2Dialect
2022-07-25 10:20:38.549  INFO [PensionerDetailService,,] 2236 --- [main] o.h.e.t.j.p.i.JtaPlatformInitiator       : HHH000490: Using JtaPlatform implementation: [org.hibernate.engine.transaction.jta.platform.internal.NoJtaPlatform]
2022-07-25 10:20:38.565  INFO [PensionerDetailService,,] 2236 --- [main] j.LocalContainerEntityManagerFactoryBean : Initialized JPA EntityManagerFactory for persistence unit 'default'
2022-07-25 10:20:38.855  WARN [PensionerDetailService,,] 2236 --- [main] JpaBaseConfiguration$JpaWebConfiguration : spring.jpa.open-in-view is enabled by default. Therefore, database queries may be performed during view rendering. Explicitly configure spring.jpa.open-in-view to disable this warning
2022-07-25 10:20:39.063  INFO [PensionerDetailService,,] 2236 --- [main] o.s.b.a.h2.H2ConsoleAutoConfiguration    : H2 console available at '/h2-console'. Database available at 'jdbc:h2:mem:testDB'
2022-07-25 10:20:39.770  INFO [PensionerDetailService,,] 2236 --- [main] c.c.p.s.PensionerDetailServiceImpl       : STARTED - savePensionerData
2022-07-25 10:20:39.976  INFO [PensionerDetailService,,] 2236 --- [main] c.c.p.s.PensionerDetailServiceImpl       : END - savePensionerData
2022-07-25 10:20:42.211  INFO [PensionerDetailService,,] 2236 --- [main] o.s.b.t.m.w.SpringBootMockServletContext : Initializing Spring TestDispatcherServlet ''
2022-07-25 10:20:42.212  INFO [PensionerDetailService,,] 2236 --- [main] o.s.t.web.servlet.TestDispatcherServlet  : Initializing Servlet ''
2022-07-25 10:20:42.215  INFO [PensionerDetailService,,] 2236 --- [main] o.s.t.web.servlet.TestDispatcherServlet  : Completed initialization in 3 ms
2022-07-25 10:20:43.151  INFO [PensionerDetailService,,] 2236 --- [main] d.s.w.p.DocumentationPluginsBootstrapper : Context refreshed
2022-07-25 10:20:43.187  INFO [PensionerDetailService,,] 2236 --- [main] d.s.w.p.DocumentationPluginsBootstrapper : Found 1 custom documentation plugin(s)
2022-07-25 10:20:43.203  INFO [PensionerDetailService,,] 2236 --- [main] s.d.s.w.s.ApiListingReferenceScanner     : Scanning for api listing references
2022-07-25 10:20:43.431  INFO [PensionerDetailService,,] 2236 --- [main] c.c.p.c.t.pensionerDetailControllerTest  : Started pensionerDetailControllerTest in 12.053 seconds (JVM running for 14.527)
2022-07-25 10:20:43.939  INFO [PensionerDetailService,f57619fd281ef81e,f57619fd281ef81e] 2236 --- [main] c.c.p.c.PensionerDetailController        : allDetails has started
2022-07-25 10:20:43.940  INFO [PensionerDetailService,f57619fd281ef81e,f57619fd281ef81e] 2236 --- [main] c.c.p.c.PensionerDetailController        : allDetails has ended
2022-07-25 10:20:45.845  INFO [PensionerDetailService,,] 2236 --- [SpringApplicationShutdownHook] j.LocalContainerEntityManagerFactoryBean : Closing JPA EntityManagerFactory for persistence unit 'default'
2022-07-25 10:20:45.849  INFO [PensionerDetailService,,] 2236 --- [SpringApplicationShutdownHook] com.zaxxer.hikari.HikariDataSource       : HikariPool-1 - Shutdown initiated...
2022-07-25 10:20:45.853  INFO [PensionerDetailService,,] 2236 --- [SpringApplicationShutdownHook] com.zaxxer.hikari.HikariDataSource       : HikariPool-1 - Shutdown completed.
2022-07-25 11:52:44.367  INFO [PensionerDetailService,,] 21452 --- [restartedMain] p.PensionerDetailMicroserviceApplication : Starting PensionerDetailMicroserviceApplication using Java 17.0.2 on DESKTOP-IEDHDED with PID 21452 (C:\PROJECT_FSE\pensioner-detail-microservice\target\classes started by USER in C:\PROJECT_FSE\pensioner-detail-microservice)
2022-07-25 11:52:44.373  INFO [PensionerDetailService,,] 21452 --- [restartedMain] p.PensionerDetailMicroserviceApplication : No active profile set, falling back to 1 default profile: "default"
2022-07-25 11:52:44.605  INFO [PensionerDetailService,,] 21452 --- [restartedMain] .e.DevToolsPropertyDefaultsPostProcessor : Devtools property defaults active! Set 'spring.devtools.add-properties' to 'false' to disable
2022-07-25 11:52:44.606  INFO [PensionerDetailService,,] 21452 --- [restartedMain] .e.DevToolsPropertyDefaultsPostProcessor : For additional web related logging consider setting the 'logging.level.web' property to 'DEBUG'
2022-07-25 11:52:48.337  INFO [PensionerDetailService,,] 21452 --- [restartedMain] .s.d.r.c.RepositoryConfigurationDelegate : Bootstrapping Spring Data JPA repositories in DEFAULT mode.
2022-07-25 11:52:48.535  INFO [PensionerDetailService,,] 21452 --- [restartedMain] .s.d.r.c.RepositoryConfigurationDelegate : Finished Spring Data repository scanning in 172 ms. Found 1 JPA repository interfaces.
2022-07-25 11:52:49.690  INFO [PensionerDetailService,,] 21452 --- [restartedMain] o.s.cloud.context.scope.GenericScope     : BeanFactory id=5982e203-0e7d-30bb-b25f-50d7287fe144
2022-07-25 11:52:53.990  INFO [PensionerDetailService,,] 21452 --- [restartedMain] o.s.b.w.embedded.tomcat.TomcatWebServer  : Tomcat initialized with port(s): 9100 (http)
2022-07-25 11:52:54.076  INFO [PensionerDetailService,,] 21452 --- [restartedMain] o.apache.catalina.core.StandardService   : Starting service [Tomcat]
2022-07-25 11:52:54.081  INFO [PensionerDetailService,,] 21452 --- [restartedMain] org.apache.catalina.core.StandardEngine  : Starting Servlet engine: [Apache Tomcat/9.0.63]
2022-07-25 11:52:54.863  INFO [PensionerDetailService,,] 21452 --- [restartedMain] o.a.c.c.C.[Tomcat].[localhost].[/]       : Initializing Spring embedded WebApplicationContext
2022-07-25 11:52:54.866  INFO [PensionerDetailService,,] 21452 --- [restartedMain] w.s.c.ServletWebServerApplicationContext : Root WebApplicationContext: initialization completed in 10258 ms
2022-07-25 11:52:55.402  INFO [PensionerDetailService,,] 21452 --- [restartedMain] com.zaxxer.hikari.HikariDataSource       : HikariPool-1 - Starting...
2022-07-25 11:52:57.008  INFO [PensionerDetailService,,] 21452 --- [restartedMain] com.zaxxer.hikari.HikariDataSource       : HikariPool-1 - Start completed.
2022-07-25 11:52:57.065  INFO [PensionerDetailService,,] 21452 --- [restartedMain] o.s.b.a.h2.H2ConsoleAutoConfiguration    : H2 console available at '/h2-console'. Database available at 'jdbc:h2:mem:testDB'
2022-07-25 11:52:59.623  INFO [PensionerDetailService,,] 21452 --- [restartedMain] o.hibernate.jpa.internal.util.LogHelper  : HHH000204: Processing PersistenceUnitInfo [name: default]
2022-07-25 11:53:00.020  INFO [PensionerDetailService,,] 21452 --- [restartedMain] org.hibernate.Version                    : HHH000412: Hibernate ORM core version 5.6.9.Final
2022-07-25 11:53:01.289  INFO [PensionerDetailService,,] 21452 --- [restartedMain] o.hibernate.annotations.common.Version   : HCANN000001: Hibernate Commons Annotations {5.1.2.Final}
2022-07-25 11:53:02.189  INFO [PensionerDetailService,,] 21452 --- [restartedMain] org.hibernate.dialect.Dialect            : HHH000400: Using dialect: org.hibernate.dialect.H2Dialect
2022-07-25 11:53:05.804  INFO [PensionerDetailService,,] 21452 --- [restartedMain] o.h.e.t.j.p.i.JtaPlatformInitiator       : HHH000490: Using JtaPlatform implementation: [org.hibernate.engine.transaction.jta.platform.internal.NoJtaPlatform]
2022-07-25 11:53:05.856  INFO [PensionerDetailService,,] 21452 --- [restartedMain] j.LocalContainerEntityManagerFactoryBean : Initialized JPA EntityManagerFactory for persistence unit 'default'
2022-07-25 11:53:07.167  WARN [PensionerDetailService,,] 21452 --- [restartedMain] JpaBaseConfiguration$JpaWebConfiguration : spring.jpa.open-in-view is enabled by default. Therefore, database queries may be performed during view rendering. Explicitly configure spring.jpa.open-in-view to disable this warning
2022-07-25 11:53:07.602  WARN [PensionerDetailService,,] 21452 --- [restartedMain] o.s.b.d.a.OptionalLiveReloadServer       : Unable to start LiveReload server
2022-07-25 11:53:09.686  INFO [PensionerDetailService,,] 21452 --- [restartedMain] c.c.p.s.PensionerDetailServiceImpl       : STARTED - savePensionerData
2022-07-25 11:53:10.602  INFO [PensionerDetailService,,] 21452 --- [restartedMain] c.c.p.s.PensionerDetailServiceImpl       : END - savePensionerData
2022-07-25 11:53:20.299  INFO [PensionerDetailService,,] 21452 --- [restartedMain] o.s.b.w.embedded.tomcat.TomcatWebServer  : Tomcat started on port(s): 9100 (http) with context path ''
2022-07-25 11:53:21.589  INFO [PensionerDetailService,,] 21452 --- [restartedMain] d.s.w.p.DocumentationPluginsBootstrapper : Context refreshed
2022-07-25 11:53:21.773  INFO [PensionerDetailService,,] 21452 --- [restartedMain] d.s.w.p.DocumentationPluginsBootstrapper : Found 1 custom documentation plugin(s)
2022-07-25 11:53:21.845  INFO [PensionerDetailService,,] 21452 --- [restartedMain] s.d.s.w.s.ApiListingReferenceScanner     : Scanning for api listing references
2022-07-25 11:53:23.110  INFO [PensionerDetailService,,] 21452 --- [restartedMain] p.PensionerDetailMicroserviceApplication : Started PensionerDetailMicroserviceApplication in 41.352 seconds (JVM running for 44.228)
2022-07-25 11:54:47.035  INFO [PensionerDetailService,6fd03bed68d4614a,6ec84a9a1a6f4a85] 21452 --- [http-nio-9100-exec-1] o.a.c.c.C.[Tomcat].[localhost].[/]       : Initializing Spring DispatcherServlet 'dispatcherServlet'
2022-07-25 11:54:47.036  INFO [PensionerDetailService,6fd03bed68d4614a,6ec84a9a1a6f4a85] 21452 --- [http-nio-9100-exec-1] o.s.web.servlet.DispatcherServlet        : Initializing Servlet 'dispatcherServlet'
2022-07-25 11:54:47.041  INFO [PensionerDetailService,6fd03bed68d4614a,6ec84a9a1a6f4a85] 21452 --- [http-nio-9100-exec-1] o.s.web.servlet.DispatcherServlet        : Completed initialization in 4 ms
2022-07-25 11:54:47.334  INFO [PensionerDetailService,6fd03bed68d4614a,6ec84a9a1a6f4a85] 21452 --- [http-nio-9100-exec-1] c.c.p.c.PensionerDetailController        : getPensionerDetail has ended
2022-07-25 11:55:02.387  INFO [PensionerDetailService,d849220bdb99378b,0d76e05c8f54330f] 21452 --- [http-nio-9100-exec-2] c.c.p.c.PensionerDetailController        : getPensionerDetail has ended
2022-07-25 11:55:21.004  INFO [PensionerDetailService,54c88f0e36fda801,673ec9b73cff4a60] 21452 --- [http-nio-9100-exec-5] c.c.p.c.PensionerDetailController        : allDetails has started
2022-07-25 11:55:21.005  INFO [PensionerDetailService,54c88f0e36fda801,673ec9b73cff4a60] 21452 --- [http-nio-9100-exec-5] c.c.p.c.PensionerDetailController        : allDetails has ended
